{"meta": {"format": 3, "version": "7.13.4", "timestamp": "2026-03-11T13:57:55.294982", "branch_coverage": false, "show_contexts": false}, "files": {"backend/analyzers/__init__.py": {"executed_lines": [6, 7, 8, 10], "summary": {"covered_lines": 4, "num_statements": 4, "percent_covered": 100.0, "percent_covered_display": "100", "missing_lines": 0, "excluded_lines": 0, "percent_statements_covered": 100.0, "percent_statements_covered_display": "100"}, "missing_lines": [], "excluded_lines": [], "functions": {"": {"executed_lines": [6, 7, 8, 10], "summary": {"covered_lines": 4, "num_statements": 4, "percent_covered": 100.0, "percent_covered_display": "100", "missing_lines": 0, "excluded_lines": 0, "percent_statements_covered": 100.0, "percent_statements_covered_display": "100"}, "missing_lines": [], "excluded_lines": [], "start_line": 1}}, "classes": {"": {"executed_lines": [6, 7, 8, 10], "summary": {"covered_lines": 4, "num_statements": 4, "percent_covered": 100.0, "percent_covered_display": "100", "missing_lines": 0, "excluded_lines": 0, "percent_statements_covered": 100.0, "percent_statements_covered_display": "100"}, "missing_lines": [], "excluded_lines": [], "start_line": 1}}}, "backend/analyzers/compile_checker.py": {"executed_lines": [6, 7, 8, 9, 12, 13, 15, 16, 17, 18, 19, 22, 23, 25, 26, 28, 29, 34, 40, 93, 110, 138, 179], "summary": {"covered_lines": 23, "num_statements": 83, "percent_covered": 27.710843373493976, "percent_covered_display": "28", "missing_lines": 60, "excluded_lines": 0, "percent_statements_covered": 27.710843373493976, "percent_statements_covered_display": "28"}, "missing_lines": [31, 50, 53, 54, 55, 56, 58, 59, 60, 67, 70, 71, 72, 74, 75, 76, 85, 86, 88, 89, 91, 95, 96, 97, 100, 102, 112, 114, 115, 116, 117, 118, 119, 120, 121, 122, 124, 126, 127, 129, 130, 132, 133, 136, 143, 145, 146, 148, 150, 151, 152, 161, 162, 163, 164, 165, 173, 175, 177, 181], "excluded_lines": [], "functions": {"CompileTimeResult.has_errors": {"executed_lines": [], "summary": {"covered_lines": 0, "num_statements": 1, "percent_covered": 0.0, "percent_covered_display": "0", "missing_lines": 1, "excluded_lines": 0, "percent_statements_covered": 0.0, "percent_statements_covered_display": "0"}, "missing_lines": [31], "excluded_lines": [], "start_line": 29}, "CompileTimeChecker.check": {"executed_lines": [], "summary": {"covered_lines": 0, "num_statements": 20, "percent_covered": 0.0, "percent_covered_display": "0", "missing_lines": 20, "excluded_lines": 0, "percent_statements_covered": 0.0, "percent_statements_covered_display": "0"}, "missing_lines": [50, 53, 54, 55, 56, 58, 59, 60, 67, 70, 71, 72, 74, 75, 76, 85, 86, 88, 89, 91], "excluded_lines": [], "start_line": 40}, "CompileTimeChecker._handle_syntax_error": {"executed_lines": [], "summary": {"covered_lines": 0, "num_statements": 5, "percent_covered": 0.0, "percent_covered_display": "0", "missing_lines": 5, "excluded_lines": 0, "percent_statements_covered": 0.0, "percent_statements_covered_display": "0"}, "missing_lines": [95, 96, 97, 100, 102], "excluded_lines": [], "start_line": 93}, "CompileTimeChecker._get_syntax_suggestion": {"executed_lines": [], "summary": {"covered_lines": 0, "num_statements": 18, "percent_covered": 0.0, "percent_covered_display": "0", "missing_lines": 18, "excluded_lines": 0, "percent_statements_covered": 0.0, "percent_statements_covered_display": "0"}, "missing_lines": [112, 114, 115, 116, 117, 118, 119, 120, 121, 122, 124, 126, 127, 129, 130, 132, 133, 136], "excluded_lines": [], "start_line": 110}, "CompileTimeChecker._check_imports": {"executed_lines": [], "summary": {"covered_lines": 0, "num_statements": 15, "percent_covered": 0.0, "percent_covered_display": "0", "missing_lines": 15, "excluded_lines": 0, "percent_statements_covered": 0.0, "percent_statements_covered_display": "0"}, "missing_lines": [143, 145, 146, 148, 150, 151, 152, 161, 162, 163, 164, 165, 173, 175, 177], "excluded_lines": [], "start_line": 138}, "CompileTimeChecker.to_dict": {"executed_lines": [], "summary": {"covered_lines": 0, "num_statements": 1, "percent_covered": 0.0, "percent_covered_display": "0", "missing_lines": 1, "excluded_lines": 0, "percent_statements_covered": 0.0, "percent_statements_covered_display": "0"}, "missing_lines": [181], "excluded_lines": [], "start_line": 179}, "": {"executed_lines": [6, 7, 8, 9, 12, 13, 15, 16, 17, 18, 19, 22, 23, 25, 26, 28, 29, 34, 40, 93, 110, 138, 179], "summary": {"covered_lines": 23, "num_statements": 23, "percent_covered": 100.0, "percent_covered_display": "100", "missing_lines": 0, "excluded_lines": 0, "percent_statements_covered": 100.0, "percent_statements_covered_display": "100"}, "missing_lines": [], "excluded_lines": [], "start_line": 1}}, "classes": {"CompileError": {"executed_lines": [], "summary": {"covered_lines": 0, "num_statements": 0, "percent_covered": 100.0, "percent_covered_display": "100", "missing_lines": 0, "excluded_lines": 0, "percent_statements_covered": 100.0, "percent_statements_covered_display": "100"}, "missing_lines": [], "excluded_lines": [], "start_line": 13}, "CompileTimeResult": {"executed_lines": [], "summary": {"covered_lines": 0, "num_statements": 1, "percent_covered": 0.0, "percent_covered_display": "0", "missing_lines": 1, "excluded_lines": 0, "percent_statements_covered": 0.0, "percent_statements_covered_display": "0"}, "missing_lines": [31], "excluded_lines": [], "start_line": 23}, "CompileTimeChecker": {"executed_lines": [], "summary": {"covered_lines": 0, "num_statements": 59, "percent_covered": 0.0, "percent_covered_display": "0", "missing_lines": 59, "excluded_lines": 0, "percent_statements_covered": 0.0, "percent_statements_covered_display": "0"}, "missing_lines": [50, 53, 54, 55, 56, 58, 59, 60, 67, 70, 71, 72, 74, 75, 76, 85, 86, 88, 89, 91, 95, 96, 97, 100, 102, 112, 114, 115, 116, 117, 118, 119, 120, 121, 122, 124, 126, 127, 129, 130, 132, 133, 136, 143, 145, 146, 148, 150, 151, 152, 161, 162, 163, 164, 165, 173, 175, 177, 181], "excluded_lines": [], "start_line": 34}, "": {"executed_lines": [6, 7, 8, 9, 12, 13, 15, 16, 17, 18, 19, 22, 23, 25, 26, 28, 29, 34, 40, 93, 110, 138, 179], "summary": {"covered_lines": 23, "num_statements": 23, "percent_covered": 100.0, "percent_covered_display": "100", "missing_lines": 0, "excluded_lines": 0, "percent_statements_covered": 100.0, "percent_statements_covered_display": "100"}, "missing_lines": [], "excluded_lines": [], "start_line": 1}}}, "backend/analyzers/feature_extractor.py": {"executed_lines": [16, 17, 18, 21, 22, 24, 25, 26, 27, 28, 29, 30, 31, 32, 33, 36, 37, 39, 40, 41, 42, 43, 44, 45, 46, 49, 50, 52, 53, 54, 55, 56, 57, 59, 83, 97, 106, 116, 117, 121, 122, 125, 128, 129, 133, 134, 135, 136, 137, 139, 146, 147, 153, 155, 156, 157, 162, 168, 170, 207, 215, 216, 218, 224, 229, 230, 231, 233, 246, 252, 253, 254, 257, 260, 262, 264, 265, 266, 271, 272, 273, 275, 282, 283, 284, 286, 287, 288, 289, 290, 291, 292, 294, 304], "summary": {"covered_lines": 94, "num_statements": 138, "percent_covered": 68.1159420289855, "percent_covered_display": "68", "missing_lines": 44, "excluded_lines": 0, "percent_statements_covered": 68.1159420289855, "percent_statements_covered_display": "68"}, "missing_lines": [61, 84, 118, 119, 130, 131, 132, 158, 159, 160, 161, 163, 164, 165, 166, 167, 172, 179, 185, 187, 188, 189, 190, 191, 194, 195, 196, 197, 199, 200, 201, 205, 256, 259, 268, 269, 293, 295, 296, 297, 298, 299, 300, 302], "excluded_lines": [], "functions": {"FileFeatures.to_dict": {"executed_lines": [], "summary": {"covered_lines": 0, "num_statements": 1, "percent_covered": 0.0, "percent_covered_display": "0", "missing_lines": 1, "excluded_lines": 0, "percent_statements_covered": 0.0, "percent_statements_covered_display": "0"}, "missing_lines": [61], "excluded_lines": [], "start_line": 59}, "_method_to_dict": {"executed_lines": [], "summary": {"covered_lines": 0, "num_statements": 1, "percent_covered": 0.0, "percent_covered_display": "0", "missing_lines": 1, "excluded_lines": 0, "percent_statements_covered": 0.0, "percent_statements_covered_display": "0"}, "missing_lines": [84], "excluded_lines": [], "start_line": 83}, "FeatureExtractor.extract": {"executed_lines": [116, 117, 121, 122, 125, 128, 129, 133, 134, 135, 136, 137, 139, 146, 147], "summary": {"covered_lines": 15, "num_statements": 20, "percent_covered": 75.0, "percent_covered_display": "75", "missing_lines": 5, "excluded_lines": 0, "percent_statements_covered": 75.0, "percent_statements_covered_display": "75"}, "missing_lines": [118, 119, 130, 131, 132], "excluded_lines": [], "start_line": 106}, "FeatureExtractor._collect_imports": {"executed_lines": [155, 156, 157, 162, 168], "summary": {"covered_lines": 5, "num_statements": 14, "percent_covered": 35.714285714285715, "percent_covered_display": "36", "missing_lines": 9, "excluded_lines": 0, "percent_statements_covered": 35.714285714285715, "percent_statements_covered_display": "36"}, "missing_lines": [158, 159, 160, 161, 163, 164, 165, 166, 167], "excluded_lines": [], "start_line": 153}, "FeatureExtractor._extract_class": {"executed_lines": [], "summary": {"covered_lines": 0, "num_statements": 16, "percent_covered": 0.0, "percent_covered_display": "0", "missing_lines": 16, "excluded_lines": 0, "percent_statements_covered": 0.0, "percent_statements_covered_display": "0"}, "missing_lines": [172, 179, 185, 187, 188, 189, 190, 191, 194, 195, 196, 197, 199, 200, 201, 205], "excluded_lines": [], "start_line": 170}, "FeatureExtractor._extract_function": {"executed_lines": [215, 216, 218, 224, 229, 230, 231, 233], "summary": {"covered_lines": 8, "num_statements": 8, "percent_covered": 100.0, "percent_covered_display": "100", "missing_lines": 0, "excluded_lines": 0, "percent_statements_covered": 100.0, "percent_statements_covered_display": "100"}, "missing_lines": [], "excluded_lines": [], "start_line": 207}, "FeatureExtractor._cyclomatic_complexity": {"executed_lines": [252, 253, 254, 257, 260], "summary": {"covered_lines": 5, "num_statements": 7, "percent_covered": 71.42857142857143, "percent_covered_display": "71", "missing_lines": 2, "excluded_lines": 0, "percent_statements_covered": 71.42857142857143, "percent_statements_covered_display": "71"}, "missing_lines": [256, 259], "excluded_lines": [], "start_line": 246}, "FeatureExtractor._max_nesting": {"executed_lines": [264, 265, 266, 271, 272, 273], "summary": {"covered_lines": 6, "num_statements": 8, "percent_covered": 75.0, "percent_covered_display": "75", "missing_lines": 2, "excluded_lines": 0, "percent_statements_covered": 75.0, "percent_statements_covered_display": "75"}, "missing_lines": [268, 269], "excluded_lines": [], "start_line": 262}, "FeatureExtractor._count_calls": {"executed_lines": [282, 283, 284, 286, 287, 288, 289, 290, 291, 292, 294, 304], "summary": {"covered_lines": 12, "num_statements": 20, "percent_covered": 60.0, "percent_covered_display": "60", "missing_lines": 8, "excluded_lines": 0, "percent_statements_covered": 60.0, "percent_statements_covered_display": "60"}, "missing_lines": [293, 295, 296, 297, 298, 299, 300, 302], "excluded_lines": [], "start_line": 275}, "": {"executed_lines": [16, 17, 18, 21, 22, 24, 25, 26, 27, 28, 29, 30, 31, 32, 33, 36, 37, 39, 40, 41, 42, 43, 44, 45, 46, 49, 50, 52, 53, 54, 55, 56, 57, 59, 83, 97, 106, 153, 170, 207, 246, 262, 275], "summary": {"covered_lines": 43, "num_statements": 43, "percent_covered": 100.0, "percent_covered_display": "100", "missing_lines": 0, "excluded_lines": 0, "percent_statements_covered": 100.0, "percent_statements_covered_display": "100"}, "missing_lines": [], "excluded_lines": [], "start_line": 1}}, "classes": {"MethodFeatures": {"executed_lines": [], "summary": {"covered_lines": 0, "num_statements": 0, "percent_covered": 100.0, "percent_covered_display": "100", "missing_lines": 0, "excluded_lines": 0, "percent_statements_covered": 100.0, "percent_statements_covered_display": "100"}, "missing_lines": [], "excluded_lines": [], "start_line": 22}, "ClassFeatures": {"executed_lines": [], "summary": {"covered_lines": 0, "num_statements": 0, "percent_covered": 100.0, "percent_covered_display": "100", "missing_lines": 0, "excluded_lines": 0, "percent_statements_covered": 100.0, "percent_statements_covered_display": "100"}, "missing_lines": [], "excluded_lines": [], "start_line": 37}, "FileFeatures": {"executed_lines": [], "summary": {"covered_lines": 0, "num_statements": 1, "percent_covered": 0.0, "percent_covered_display": "0", "missing_lines": 1, "excluded_lines": 0, "percent_statements_covered": 0.0, "percent_statements_covered_display": "0"}, "missing_lines": [61], "excluded_lines": [], "start_line": 50}, "FeatureExtractor": {"executed_lines": [116, 117, 121, 122, 125, 128, 129, 133, 134, 135, 136, 137, 139, 146, 147, 155, 156, 157, 162, 168, 215, 216, 218, 224, 229, 230, 231, 233, 252, 253, 254, 257, 260, 264, 265, 266, 271, 272, 273, 282, 283, 284, 286, 287, 288, 289, 290, 291, 292, 294, 304], "summary": {"covered_lines": 51, "num_statements": 93, "percent_covered": 54.83870967741935, "percent_covered_display": "55", "missing_lines": 42, "excluded_lines": 0, "percent_statements_covered": 54.83870967741935, "percent_statements_covered_display": "55"}, "missing_lines": [118, 119, 130, 131, 132, 158, 159, 160, 161, 163, 164, 165, 166, 167, 172, 179, 185, 187, 188, 189, 190, 191, 194, 195, 196, 197, 199, 200, 201, 205, 256, 259, 268, 269, 293, 295, 296, 297, 298, 299, 300, 302], "excluded_lines": [], "start_line": 97}, "": {"executed_lines": [16, 17, 18, 21, 22, 24, 25, 26, 27, 28, 29, 30, 31, 32, 33, 36, 37, 39, 40, 41, 42, 43, 44, 45, 46, 49, 50, 52, 53, 54, 55, 56, 57, 59, 83, 97, 106, 153, 170, 207, 246, 262, 275], "summary": {"covered_lines": 43, "num_statements": 44, "percent_covered": 97.72727272727273, "percent_covered_display": "98", "missing_lines": 1, "excluded_lines": 0, "percent_statements_covered": 97.72727272727273, "percent_statements_covered_display": "98"}, "missing_lines": [84], "excluded_lines": [], "start_line": 1}}}, "backend/analyzers/logic_analyzer.py": {"executed_lines": [6, 7, 10, 16, 25], "summary": {"covered_lines": 5, "num_statements": 14, "percent_covered": 35.714285714285715, "percent_covered_display": "36", "missing_lines": 9, "excluded_lines": 0, "percent_statements_covered": 35.714285714285715, "percent_statements_covered_display": "36"}, "missing_lines": [23, 35, 36, 38, 39, 40, 42, 43, 44], "excluded_lines": [], "functions": {"LogicAnalyzer.__init__": {"executed_lines": [], "summary": {"covered_lines": 0, "num_statements": 1, "percent_covered": 0.0, "percent_covered_display": "0", "missing_lines": 1, "excluded_lines": 0, "percent_statements_covered": 0.0, "percent_statements_covered_display": "0"}, "missing_lines": [23], "excluded_lines": [], "start_line": 16}, "LogicAnalyzer.analyze": {"executed_lines": [], "summary": {"covered_lines": 0, "num_statements": 8, "percent_covered": 0.0, "percent_covered_display": "0", "missing_lines": 8, "excluded_lines": 0, "percent_statements_covered": 0.0, "percent_statements_covered_display": "0"}, "missing_lines": [35, 36, 38, 39, 40, 42, 43, 44], "excluded_lines": [], "start_line": 25}, "": {"executed_lines": [6, 7, 10, 16, 25], "summary": {"covered_lines": 5, "num_statements": 5, "percent_covered": 100.0, "percent_covered_display": "100", "missing_lines": 0, "excluded_lines": 0, "percent_statements_covered": 100.0, "percent_statements_covered_display": "100"}, "missing_lines": [], "excluded_lines": [], "start_line": 1}}, "classes": {"LogicAnalyzer": {"executed_lines": [], "summary": {"covered_lines": 0, "num_statements": 9, "percent_covered": 0.0, "percent_covered_display": "0", "missing_lines": 9, "excluded_lines": 0, "percent_statements_covered": 0.0, "percent_statements_covered_display": "0"}, "missing_lines": [23, 35, 36, 38, 39, 40, 42, 43, 44], "excluded_lines": [], "start_line": 10}, "": {"executed_lines": [6, 7, 10, 16, 25], "summary": {"covered_lines": 5, "num_statements": 5, "percent_covered": 100.0, "percent_covered_display": "100", "missing_lines": 0, "excluded_lines": 0, "percent_statements_covered": 100.0, "percent_statements_covered_display": "100"}, "missing_lines": [], "excluded_lines": [], "start_line": 1}}}, "backend/analyzers/optimization_analyzer.py": {"executed_lines": [6, 7, 8, 11, 17, 26, 61, 94, 122, 147, 167], "summary": {"covered_lines": 11, "num_statements": 68, "percent_covered": 16.176470588235293, "percent_covered_display": "16", "missing_lines": 57, "excluded_lines": 0, "percent_statements_covered": 16.176470588235293, "percent_statements_covered_display": "16"}, "missing_lines": [24, 36, 39, 40, 43, 44, 45, 46, 47, 48, 51, 52, 53, 54, 55, 56, 57, 59, 71, 73, 74, 77, 80, 83, 86, 88, 90, 92, 96, 97, 99, 100, 102, 103, 107, 108, 109, 112, 120, 124, 126, 127, 129, 133, 134, 137, 145, 149, 151, 152, 154, 155, 156, 163, 165, 169, 174], "excluded_lines": [], "functions": {"OptimizationAnalyzer.__init__": {"executed_lines": [], "summary": {"covered_lines": 0, "num_statements": 1, "percent_covered": 0.0, "percent_covered_display": "0", "missing_lines": 1, "excluded_lines": 0, "percent_statements_covered": 0.0, "percent_statements_covered_display": "0"}, "missing_lines": [24], "excluded_lines": [], "start_line": 17}, "OptimizationAnalyzer.suggest": {"executed_lines": [], "summary": {"covered_lines": 0, "num_statements": 17, "percent_covered": 0.0, "percent_covered_display": "0", "missing_lines": 17, "excluded_lines": 0, "percent_statements_covered": 0.0, "percent_statements_covered_display": "0"}, "missing_lines": [36, 39, 40, 43, 44, 45, 46, 47, 48, 51, 52, 53, 54, 55, 56, 57, 59], "excluded_lines": [], "start_line": 26}, "OptimizationAnalyzer._heuristic_checks": {"executed_lines": [], "summary": {"covered_lines": 0, "num_statements": 10, "percent_covered": 0.0, "percent_covered_display": "0", "missing_lines": 10, "excluded_lines": 0, "percent_statements_covered": 0.0, "percent_statements_covered_display": "0"}, "missing_lines": [71, 73, 74, 77, 80, 83, 86, 88, 90, 92], "excluded_lines": [], "start_line": 61}, "OptimizationAnalyzer._check_range_len": {"executed_lines": [], "summary": {"covered_lines": 0, "num_statements": 11, "percent_covered": 0.0, "percent_covered_display": "0", "missing_lines": 11, "excluded_lines": 0, "percent_statements_covered": 0.0, "percent_statements_covered_display": "0"}, "missing_lines": [96, 97, 99, 100, 102, 103, 107, 108, 109, 112, 120], "excluded_lines": [], "start_line": 94}, "OptimizationAnalyzer._check_list_comprehension": {"executed_lines": [], "summary": {"covered_lines": 0, "num_statements": 8, "percent_covered": 0.0, "percent_covered_display": "0", "missing_lines": 8, "excluded_lines": 0, "percent_statements_covered": 0.0, "percent_statements_covered_display": "0"}, "missing_lines": [124, 126, 127, 129, 133, 134, 137, 145], "excluded_lines": [], "start_line": 122}, "OptimizationAnalyzer._check_nested_loops": {"executed_lines": [], "summary": {"covered_lines": 0, "num_statements": 8, "percent_covered": 0.0, "percent_covered_display": "0", "missing_lines": 8, "excluded_lines": 0, "percent_statements_covered": 0.0, "percent_statements_covered_display": "0"}, "missing_lines": [149, 151, 152, 154, 155, 156, 163, 165], "excluded_lines": [], "start_line": 147}, "OptimizationAnalyzer._check_membership_testing": {"executed_lines": [], "summary": {"covered_lines": 0, "num_statements": 2, "percent_covered": 0.0, "percent_covered_display": "0", "missing_lines": 2, "excluded_lines": 0, "percent_statements_covered": 0.0, "percent_statements_covered_display": "0"}, "missing_lines": [169, 174], "excluded_lines": [], "start_line": 167}, "": {"executed_lines": [6, 7, 8, 11, 17, 26, 61, 94, 122, 147, 167], "summary": {"covered_lines": 11, "num_statements": 11, "percent_covered": 100.0, "percent_covered_display": "100", "missing_lines": 0, "excluded_lines": 0, "percent_statements_covered": 100.0, "percent_statements_covered_display": "100"}, "missing_lines": [], "excluded_lines": [], "start_line": 1}}, "classes": {"OptimizationAnalyzer": {"executed_lines": [], "summary": {"covered_lines": 0, "num_statements": 57, "percent_covered": 0.0, "percent_covered_display": "0", "missing_lines": 57, "excluded_lines": 0, "percent_statements_covered": 0.0, "percent_statements_covered_display": "0"}, "missing_lines": [24, 36, 39, 40, 43, 44, 45, 46, 47, 48, 51, 52, 53, 54, 55, 56, 57, 59, 71, 73, 74, 77, 80, 83, 86, 88, 90, 92, 96, 97, 99, 100, 102, 103, 107, 108, 109, 112, 120, 124, 126, 127, 129, 133, 134, 137, 145, 149, 151, 152, 154, 155, 156, 163, 165, 169, 174], "excluded_lines": [], "start_line": 11}, "": {"executed_lines": [6, 7, 8, 11, 17, 26, 61, 94, 122, 147, 167], "summary": {"covered_lines": 11, "num_statements": 11, "percent_covered": 100.0, "percent_covered_display": "100", "missing_lines": 0, "excluded_lines": 0, "percent_statements_covered": 100.0, "percent_statements_covered_display": "100"}, "missing_lines": [], "excluded_lines": [], "start_line": 1}}}, "backend/analyzers/smell_detector.py": {"executed_lines": [19, 20, 21, 22, 23, 28, 42, 43, 45, 46, 47, 48, 49, 50, 51, 52, 53, 54, 59, 71, 72, 74, 84, 85, 88, 91, 92, 95, 101, 104, 105, 107, 113, 116, 117, 119, 120, 121, 122, 123, 125, 127, 128, 129, 138, 140, 141, 142, 150, 152, 153, 154, 162, 164, 165, 166, 175, 177, 178, 179, 180, 191, 195, 237, 238, 241, 242, 243, 244, 246, 247, 261, 262, 263, 265, 266, 279, 284, 292], "summary": {"covered_lines": 79, "num_statements": 114, "percent_covered": 69.29824561403508, "percent_covered_display": "69", "missing_lines": 35, "excluded_lines": 0, "percent_statements_covered": 69.29824561403508, "percent_statements_covered_display": "69"}, "missing_lines": [86, 96, 97, 98, 109, 130, 131, 132, 143, 144, 145, 155, 156, 157, 167, 168, 169, 181, 182, 183, 184, 185, 186, 196, 199, 200, 201, 202, 216, 217, 218, 219, 232, 289, 293], "excluded_lines": [], "functions": {"SmellDetector.__init__": {"executed_lines": [72], "summary": {"covered_lines": 1, "num_statements": 1, "percent_covered": 100.0, "percent_covered_display": "100", "missing_lines": 0, "excluded_lines": 0, "percent_statements_covered": 100.0, "percent_statements_covered_display": "100"}, "missing_lines": [], "excluded_lines": [], "start_line": 71}, "SmellDetector.detect": {"executed_lines": [84, 85, 88, 91, 92, 95, 101, 104, 105], "summary": {"covered_lines": 9, "num_statements": 13, "percent_covered": 69.23076923076923, "percent_covered_display": "69", "missing_lines": 4, "excluded_lines": 0, "percent_statements_covered": 69.23076923076923, "percent_statements_covered_display": "69"}, "missing_lines": [86, 96, 97, 98], "excluded_lines": [], "start_line": 74}, "SmellDetector.detect_to_dict": {"executed_lines": [], "summary": {"covered_lines": 0, "num_statements": 1, "percent_covered": 0.0, "percent_covered_display": "0", "missing_lines": 1, "excluded_lines": 0, "percent_statements_covered": 0.0, "percent_statements_covered_display": "0"}, "missing_lines": [109], "excluded_lines": [], "start_line": 107}, "SmellDetector._check_method_smells": {"executed_lines": [116, 117, 119, 120, 121, 122, 123, 125], "summary": {"covered_lines": 8, "num_statements": 8, "percent_covered": 100.0, "percent_covered_display": "100", "missing_lines": 0, "excluded_lines": 0, "percent_statements_covered": 100.0, "percent_statements_covered_display": "100"}, "missing_lines": [], "excluded_lines": [], "start_line": 113}, "SmellDetector._check_long_method": {"executed_lines": [128, 129, 138], "summary": {"covered_lines": 3, "num_statements": 6, "percent_covered": 50.0, "percent_covered_display": "50", "missing_lines": 3, "excluded_lines": 0, "percent_statements_covered": 50.0, "percent_statements_covered_display": "50"}, "missing_lines": [130, 131, 132], "excluded_lines": [], "start_line": 127}, "SmellDetector._check_large_params": {"executed_lines": [141, 142, 150], "summary": {"covered_lines": 3, "num_statements": 6, "percent_covered": 50.0, "percent_covered_display": "50", "missing_lines": 3, "excluded_lines": 0, "percent_statements_covered": 50.0, "percent_statements_covered_display": "50"}, "missing_lines": [143, 144, 145], "excluded_lines": [], "start_line": 140}, "SmellDetector._check_deep_nesting": {"executed_lines": [153, 154, 162], "summary": {"covered_lines": 3, "num_statements": 6, "percent_covered": 50.0, "percent_covered_display": "50", "missing_lines": 3, "excluded_lines": 0, "percent_statements_covered": 50.0, "percent_statements_covered_display": "50"}, "missing_lines": [155, 156, 157], "excluded_lines": [], "start_line": 152}, "SmellDetector._check_high_complexity": {"executed_lines": [165, 166, 175], "summary": {"covered_lines": 3, "num_statements": 6, "percent_covered": 50.0, "percent_covered_display": "50", "missing_lines": 3, "excluded_lines": 0, "percent_statements_covered": 50.0, "percent_statements_covered_display": "50"}, "missing_lines": [167, 168, 169], "excluded_lines": [], "start_line": 164}, "SmellDetector._check_feature_envy": {"executed_lines": [178, 179, 180, 191], "summary": {"covered_lines": 4, "num_statements": 10, "percent_covered": 40.0, "percent_covered_display": "40", "missing_lines": 6, "excluded_lines": 0, "percent_statements_covered": 40.0, "percent_statements_covered_display": "40"}, "missing_lines": [181, 182, 183, 184, 185, 186], "excluded_lines": [], "start_line": 177}, "SmellDetector._check_class_smells": {"executed_lines": [], "summary": {"covered_lines": 0, "num_statements": 10, "percent_covered": 0.0, "percent_covered_display": "0", "missing_lines": 10, "excluded_lines": 0, "percent_statements_covered": 0.0, "percent_statements_covered_display": "0"}, "missing_lines": [196, 199, 200, 201, 202, 216, 217, 218, 219, 232], "excluded_lines": [], "start_line": 195}, "SmellDetector._check_file_level_smells": {"executed_lines": [238, 241, 242, 243, 244, 246, 247, 261, 262, 263, 265, 266, 279], "summary": {"covered_lines": 13, "num_statements": 13, "percent_covered": 100.0, "percent_covered_display": "100", "missing_lines": 0, "excluded_lines": 0, "percent_statements_covered": 100.0, "percent_statements_covered_display": "100"}, "missing_lines": [], "excluded_lines": [], "start_line": 237}, "_sigmoid": {"executed_lines": [], "summary": {"covered_lines": 0, "num_statements": 1, "percent_covered": 0.0, "percent_covered_display": "0", "missing_lines": 1, "excluded_lines": 0, "percent_statements_covered": 0.0, "percent_statements_covered_display": "0"}, "missing_lines": [289], "excluded_lines": [], "start_line": 284}, "_smell_to_dict": {"executed_lines": [], "summary": {"covered_lines": 0, "num_statements": 1, "percent_covered": 0.0, "percent_covered_display": "0", "missing_lines": 1, "excluded_lines": 0, "percent_statements_covered": 0.0, "percent_statements_covered_display": "0"}, "missing_lines": [293], "excluded_lines": [], "start_line": 292}, "": {"executed_lines": [19, 20, 21, 22, 23, 28, 42, 43, 45, 46, 47, 48, 49, 50, 51, 52, 53, 54, 59, 71, 74, 107, 113, 127, 140, 152, 164, 177, 195, 237, 284, 292], "summary": {"covered_lines": 32, "num_statements": 32, "percent_covered": 100.0, "percent_covered_display": "100", "missing_lines": 0, "excluded_lines": 0, "percent_statements_covered": 100.0, "percent_statements_covered_display": "100"}, "missing_lines": [], "excluded_lines": [], "start_line": 1}}, "classes": {"SmellResult": {"executed_lines": [], "summary": {"covered_lines": 0, "num_statements": 0, "percent_covered": 100.0, "percent_covered_display": "100", "missing_lines": 0, "excluded_lines": 0, "percent_statements_covered": 100.0, "percent_statements_covered_display": "100"}, "missing_lines": [], "excluded_lines": [], "start_line": 43}, "SmellDetector": {"executed_lines": [72, 84, 85, 88, 91, 92, 95, 101, 104, 105, 116, 117, 119, 120, 121, 122, 123, 125, 128, 129, 138, 141, 142, 150, 153, 154, 162, 165, 166, 175, 178, 179, 180, 191, 238, 241, 242, 243, 244, 246, 247, 261, 262, 263, 265, 266, 279], "summary": {"covered_lines": 47, "num_statements": 80, "percent_covered": 58.75, "percent_covered_display": "59", "missing_lines": 33, "excluded_lines": 0, "percent_statements_covered": 58.75, "percent_statements_covered_display": "59"}, "missing_lines": [86, 96, 97, 98, 109, 130, 131, 132, 143, 144, 145, 155, 156, 157, 167, 168, 169, 181, 182, 183, 184, 185, 186, 196, 199, 200, 201, 202, 216, 217, 218, 219, 232], "excluded_lines": [], "start_line": 59}, "": {"executed_lines": [19, 20, 21, 22, 23, 28, 42, 43, 45, 46, 47, 48, 49, 50, 51, 52, 53, 54, 59, 71, 74, 107, 113, 127, 140, 152, 164, 177, 195, 237, 284, 292], "summary": {"covered_lines": 32, "num_statements": 34, "percent_covered": 94.11764705882354, "percent_covered_display": "94", "missing_lines": 2, "excluded_lines": 0, "percent_statements_covered": 94.11764705882354, "percent_statements_covered_display": "94"}, "missing_lines": [289, 293], "excluded_lines": [], "start_line": 1}}}, "backend/config.py": {"executed_lines": [6, 7, 10, 15, 18, 19, 20, 21, 24, 25, 26, 27, 28, 31, 34, 35, 36, 38, 39, 40, 44], "summary": {"covered_lines": 21, "num_statements": 21, "percent_covered": 100.0, "percent_covered_display": "100", "missing_lines": 0, "excluded_lines": 0, "percent_statements_covered": 100.0, "percent_statements_covered_display": "100"}, "missing_lines": [], "excluded_lines": [], "functions": {"": {"executed_lines": [6, 7, 10, 15, 18, 19, 20, 21, 24, 25, 26, 27, 28, 31, 34, 35, 36, 38, 39, 40, 44], "summary": {"covered_lines": 21, "num_statements": 21, "percent_covered": 100.0, "percent_covered_display": "100", "missing_lines": 0, "excluded_lines": 0, "percent_statements_covered": 100.0, "percent_statements_covered_display": "100"}, "missing_lines": [], "excluded_lines": [], "start_line": 1}}, "classes": {"Settings": {"executed_lines": [], "summary": {"covered_lines": 0, "num_statements": 0, "percent_covered": 100.0, "percent_covered_display": "100", "missing_lines": 0, "excluded_lines": 0, "percent_statements_covered": 100.0, "percent_statements_covered_display": "100"}, "missing_lines": [], "excluded_lines": [], "start_line": 10}, "Settings.Config": {"executed_lines": [], "summary": {"covered_lines": 0, "num_statements": 0, "percent_covered": 100.0, "percent_covered_display": "100", "missing_lines": 0, "excluded_lines": 0, "percent_statements_covered": 100.0, "percent_statements_covered_display": "100"}, "missing_lines": [], "excluded_lines": [], "start_line": 38}, "": {"executed_lines": [6, 7, 10, 15, 18, 19, 20, 21, 24, 25, 26, 27, 28, 31, 34, 35, 36, 38, 39, 40, 44], "summary": {"covered_lines": 21, "num_statements": 21, "percent_covered": 100.0, "percent_covered_display": "100", "missing_lines": 0, "excluded_lines": 0, "percent_statements_covered": 100.0, "percent_statements_covered_display": "100"}, "missing_lines": [], "excluded_lines": [], "start_line": 1}}}, "backend/llm_providers/__init__.py": {"executed_lines": [6, 7, 8, 10], "summary": {"covered_lines": 4, "num_statements": 4, "percent_covered": 100.0, "percent_covered_display": "100", "missing_lines": 0, "excluded_lines": 0, "percent_statements_covered": 100.0, "percent_statements_covered_display": "100"}, "missing_lines": [], "excluded_lines": [], "functions": {"": {"executed_lines": [6, 7, 8, 10], "summary": {"covered_lines": 4, "num_statements": 4, "percent_covered": 100.0, "percent_covered_display": "100", "missing_lines": 0, "excluded_lines": 0, "percent_statements_covered": 100.0, "percent_statements_covered_display": "100"}, "missing_lines": [], "excluded_lines": [], "start_line": 1}}, "classes": {"": {"executed_lines": [6, 7, 8, 10], "summary": {"covered_lines": 4, "num_statements": 4, "percent_covered": 100.0, "percent_covered_display": "100", "missing_lines": 0, "excluded_lines": 0, "percent_statements_covered": 100.0, "percent_statements_covered_display": "100"}, "missing_lines": [], "excluded_lines": [], "start_line": 1}}}, "backend/llm_providers/base.py": {"executed_lines": [6, 7, 10, 13, 14, 26, 27, 44, 45], "summary": {"covered_lines": 9, "num_statements": 12, "percent_covered": 75.0, "percent_covered_display": "75", "missing_lines": 3, "excluded_lines": 0, "percent_statements_covered": 75.0, "percent_statements_covered_display": "75"}, "missing_lines": [24, 42, 52], "excluded_lines": [], "functions": {"LLMProvider.analyze_logic": {"executed_lines": [], "summary": {"covered_lines": 0, "num_statements": 1, "percent_covered": 0.0, "percent_covered_display": "0", "missing_lines": 1, "excluded_lines": 0, "percent_statements_covered": 0.0, "percent_statements_covered_display": "0"}, "missing_lines": [24], "excluded_lines": [], "start_line": 14}, "LLMProvider.suggest_optimizations": {"executed_lines": [], "summary": {"covered_lines": 0, "num_statements": 1, "percent_covered": 0.0, "percent_covered_display": "0", "missing_lines": 1, "excluded_lines": 0, "percent_statements_covered": 0.0, "percent_statements_covered_display": "0"}, "missing_lines": [42], "excluded_lines": [], "start_line": 27}, "LLMProvider.is_available": {"executed_lines": [], "summary": {"covered_lines": 0, "num_statements": 1, "percent_covered": 0.0, "percent_covered_display": "0", "missing_lines": 1, "excluded_lines": 0, "percent_statements_covered": 0.0, "percent_statements_covered_display": "0"}, "missing_lines": [52], "excluded_lines": [], "start_line": 45}, "": {"executed_lines": [6, 7, 10, 13, 14, 26, 27, 44, 45], "summary": {"covered_lines": 9, "num_statements": 9, "percent_covered": 100.0, "percent_covered_display": "100", "missing_lines": 0, "excluded_lines": 0, "percent_statements_covered": 100.0, "percent_statements_covered_display": "100"}, "missing_lines": [], "excluded_lines": [], "start_line": 1}}, "classes": {"LLMProvider": {"executed_lines": [], "summary": {"covered_lines": 0, "num_statements": 3, "percent_covered": 0.0, "percent_covered_display": "0", "missing_lines": 3, "excluded_lines": 0, "percent_statements_covered": 0.0, "percent_statements_covered_display": "0"}, "missing_lines": [24, 42, 52], "excluded_lines": [], "start_line": 10}, "": {"executed_lines": [6, 7, 10, 13, 14, 26, 27, 44, 45], "summary": {"covered_lines": 9, "num_statements": 9, "percent_covered": 100.0, "percent_covered_display": "100", "missing_lines": 0, "excluded_lines": 0, "percent_statements_covered": 100.0, "percent_statements_covered_display": "100"}, "missing_lines": [], "excluded_lines": [], "start_line": 1}}}, "backend/llm_providers/factory.py": {"executed_lines": [5, 6, 7, 10, 58], "summary": {"covered_lines": 5, "num_statements": 40, "percent_covered": 12.5, "percent_covered_display": "12", "missing_lines": 35, "excluded_lines": 0, "percent_statements_covered": 12.5, "percent_statements_covered_display": "12"}, "missing_lines": [20, 22, 23, 28, 30, 32, 34, 36, 37, 38, 39, 40, 45, 46, 47, 48, 49, 55, 64, 65, 66, 67, 71, 72, 73, 74, 77, 78, 79, 80, 84, 85, 86, 87, 90], "excluded_lines": [], "functions": {"create_llm_provider": {"executed_lines": [], "summary": {"covered_lines": 0, "num_statements": 18, "percent_covered": 0.0, "percent_covered_display": "0", "missing_lines": 18, "excluded_lines": 0, "percent_statements_covered": 0.0, "percent_statements_covered_display": "0"}, "missing_lines": [20, 22, 23, 28, 30, 32, 34, 36, 37, 38, 39, 40, 45, 46, 47, 48, 49, 55], "excluded_lines": [], "start_line": 10}, "get_best_available_provider": {"executed_lines": [], "summary": {"covered_lines": 0, "num_statements": 17, "percent_covered": 0.0, "percent_covered_display": "0", "missing_lines": 17, "excluded_lines": 0, "percent_statements_covered": 0.0, "percent_statements_covered_display": "0"}, "missing_lines": [64, 65, 66, 67, 71, 72, 73, 74, 77, 78, 79, 80, 84, 85, 86, 87, 90], "excluded_lines": [], "start_line": 58}, "": {"executed_lines": [5, 6, 7, 10, 58], "summary": {"covered_lines": 5, "num_statements": 5, "percent_covered": 100.0, "percent_covered_display": "100", "missing_lines": 0, "excluded_lines": 0, "percent_statements_covered": 100.0, "percent_statements_covered_display": "100"}, "missing_lines": [], "excluded_lines": [], "start_line": 1}}, "classes": {"": {"executed_lines": [5, 6, 7, 10, 58], "summary": {"covered_lines": 5, "num_statements": 40, "percent_covered": 12.5, "percent_covered_display": "12", "missing_lines": 35, "excluded_lines": 0, "percent_statements_covered": 12.5, "percent_statements_covered_display": "12"}, "missing_lines": [20, 22, 23, 28, 30, 32, 34, 36, 37, 38, 39, 40, 45, 46, 47, 48, 49, 55, 64, 65, 66, 67, 71, 72, 73, 74, 77, 78, 79, 80, 84, 85, 86, 87, 90], "excluded_lines": [], "start_line": 1}}}, "backend/llm_providers/ollama_provider.py": {"executed_lines": [6, 7, 8, 9, 12, 15, 27, 38, 42, 82, 129], "summary": {"covered_lines": 11, "num_statements": 63, "percent_covered": 17.46031746031746, "percent_covered_display": "17", "missing_lines": 52, "excluded_lines": 0, "percent_statements_covered": 17.46031746031746, "percent_statements_covered_display": "17"}, "missing_lines": [23, 24, 25, 29, 30, 31, 32, 33, 34, 35, 36, 40, 53, 63, 64, 66, 67, 73, 74, 76, 78, 79, 80, 92, 104, 112, 114, 115, 118, 119, 120, 121, 123, 124, 125, 127, 139, 157, 165, 167, 168, 171, 172, 173, 174, 175, 176, 177, 178, 185, 186, 188], "excluded_lines": [], "functions": {"OllamaProvider.__init__": {"executed_lines": [], "summary": {"covered_lines": 0, "num_statements": 3, "percent_covered": 0.0, "percent_covered_display": "0", "missing_lines": 3, "excluded_lines": 0, "percent_statements_covered": 0.0, "percent_statements_covered_display": "0"}, "missing_lines": [23, 24, 25], "excluded_lines": [], "start_line": 15}, "OllamaProvider.is_available": {"executed_lines": [], "summary": {"covered_lines": 0, "num_statements": 8, "percent_covered": 0.0, "percent_covered_display": "0", "missing_lines": 8, "excluded_lines": 0, "percent_statements_covered": 0.0, "percent_statements_covered_display": "0"}, "missing_lines": [29, 30, 31, 32, 33, 34, 35, 36], "excluded_lines": [], "start_line": 27}, "OllamaProvider.generate": {"executed_lines": [], "summary": {"covered_lines": 0, "num_statements": 1, "percent_covered": 0.0, "percent_covered_display": "0", "missing_lines": 1, "excluded_lines": 0, "percent_statements_covered": 0.0, "percent_statements_covered_display": "0"}, "missing_lines": [40], "excluded_lines": [], "start_line": 38}, "OllamaProvider._generate": {"executed_lines": [], "summary": {"covered_lines": 0, "num_statements": 11, "percent_covered": 0.0, "percent_covered_display": "0", "missing_lines": 11, "excluded_lines": 0, "percent_statements_covered": 0.0, "percent_statements_covered_display": "0"}, "missing_lines": [53, 63, 64, 66, 67, 73, 74, 76, 78, 79, 80], "excluded_lines": [], "start_line": 42}, "OllamaProvider.analyze_logic": {"executed_lines": [], "summary": {"covered_lines": 0, "num_statements": 13, "percent_covered": 0.0, "percent_covered_display": "0", "missing_lines": 13, "excluded_lines": 0, "percent_statements_covered": 0.0, "percent_statements_covered_display": "0"}, "missing_lines": [92, 104, 112, 114, 115, 118, 119, 120, 121, 123, 124, 125, 127], "excluded_lines": [], "start_line": 82}, "OllamaProvider.suggest_optimizations": {"executed_lines": [], "summary": {"covered_lines": 0, "num_statements": 16, "percent_covered": 0.0, "percent_covered_display": "0", "missing_lines": 16, "excluded_lines": 0, "percent_statements_covered": 0.0, "percent_statements_covered_display": "0"}, "missing_lines": [139, 157, 165, 167, 168, 171, 172, 173, 174, 175, 176, 177, 178, 185, 186, 188], "excluded_lines": [], "start_line": 129}, "": {"executed_lines": [6, 7, 8, 9, 12, 15, 27, 38, 42, 82, 129], "summary": {"covered_lines": 11, "num_statements": 11, "percent_covered": 100.0, "percent_covered_display": "100", "missing_lines": 0, "excluded_lines": 0, "percent_statements_covered": 100.0, "percent_statements_covered_display": "100"}, "missing_lines": [], "excluded_lines": [], "start_line": 1}}, "classes": {"OllamaProvider": {"executed_lines": [], "summary": {"covered_lines": 0, "num_statements": 52, "percent_covered": 0.0, "percent_covered_display": "0", "missing_lines": 52, "excluded_lines": 0, "percent_statements_covered": 0.0, "percent_statements_covered_display": "0"}, "missing_lines": [23, 24, 25, 29, 30, 31, 32, 33, 34, 35, 36, 40, 53, 63, 64, 66, 67, 73, 74, 76, 78, 79, 80, 92, 104, 112, 114, 115, 118, 119, 120, 121, 123, 124, 125, 127, 139, 157, 165, 167, 168, 171, 172, 173, 174, 175, 176, 177, 178, 185, 186, 188], "excluded_lines": [], "start_line": 12}, "": {"executed_lines": [6, 7, 8, 9, 12, 15, 27, 38, 42, 82, 129], "summary": {"covered_lines": 11, "num_statements": 11, "percent_covered": 100.0, "percent_covered_display": "100", "missing_lines": 0, "excluded_lines": 0, "percent_statements_covered": 100.0, "percent_statements_covered_display": "100"}, "missing_lines": [], "excluded_lines": [], "start_line": 1}}}, "backend/tests/__init__.py": {"executed_lines": [], "summary": {"covered_lines": 0, "num_statements": 0, "percent_covered": 100.0, "percent_covered_display": "100", "missing_lines": 0, "excluded_lines": 0, "percent_statements_covered": 100.0, "percent_statements_covered_display": "100"}, "missing_lines": [], "excluded_lines": [], "functions": {"": {"executed_lines": [], "summary": {"covered_lines": 0, "num_statements": 0, "percent_covered": 100.0, "percent_covered_display": "100", "missing_lines": 0, "excluded_lines": 0, "percent_statements_covered": 100.0, "percent_statements_covered_display": "100"}, "missing_lines": [], "excluded_lines": [], "start_line": 1}}, "classes": {"": {"executed_lines": [], "summary": {"covered_lines": 0, "num_statements": 0, "percent_covered": 100.0, "percent_covered_display": "100", "missing_lines": 0, "excluded_lines": 0, "percent_statements_covered": 100.0, "percent_statements_covered_display": "100"}, "missing_lines": [], "excluded_lines": [], "start_line": 1}}}, "backend/tests/conftest.py": {"executed_lines": [7, 8, 9, 10, 11, 15, 16, 21, 29, 68, 84, 95, 118, 123, 128, 130, 135, 136, 139, 140, 143, 144, 147, 148, 151, 152, 155, 156, 159, 160, 163, 164, 168, 169, 173, 174, 178, 179, 183, 184, 191, 192], "summary": {"covered_lines": 42, "num_statements": 66, "percent_covered": 63.63636363636363, "percent_covered_display": "64", "missing_lines": 24, "excluded_lines": 0, "percent_statements_covered": 63.63636363636363, "percent_statements_covered_display": "64"}, "missing_lines": [17, 137, 141, 145, 149, 153, 157, 161, 165, 166, 170, 171, 175, 176, 180, 181, 186, 187, 188, 189, 194, 195, 196, 197], "excluded_lines": [], "functions": {"clean_code": {"executed_lines": [], "summary": {"covered_lines": 0, "num_statements": 1, "percent_covered": 0.0, "percent_covered_display": "0", "missing_lines": 1, "excluded_lines": 0, "percent_statements_covered": 0.0, "percent_statements_covered_display": "0"}, "missing_lines": [137], "excluded_lines": [], "start_line": 136}, "long_method_code": {"executed_lines": [], "summary": {"covered_lines": 0, "num_statements": 1, "percent_covered": 0.0, "percent_covered_display": "0", "missing_lines": 1, "excluded_lines": 0, "percent_statements_covered": 0.0, "percent_statements_covered_display": "0"}, "missing_lines": [141], "excluded_lines": [], "start_line": 140}, "god_class_code": {"executed_lines": [], "summary": {"covered_lines": 0, "num_statements": 1, "percent_covered": 0.0, "percent_covered_display": "0", "missing_lines": 1, "excluded_lines": 0, "percent_statements_covered": 0.0, "percent_statements_covered_display": "0"}, "missing_lines": [145], "excluded_lines": [], "start_line": 144}, "deep_nesting_code": {"executed_lines": [], "summary": {"covered_lines": 0, "num_statements": 1, "percent_covered": 0.0, "percent_covered_display": "0", "missing_lines": 1, "excluded_lines": 0, "percent_statements_covered": 0.0, "percent_statements_covered_display": "0"}, "missing_lines": [149], "excluded_lines": [], "start_line": 148}, "high_complexity_code": {"executed_lines": [], "summary": {"covered_lines": 0, "num_statements": 1, "percent_covered": 0.0, "percent_covered_display": "0", "missing_lines": 1, "excluded_lines": 0, "percent_statements_covered": 0.0, "percent_statements_covered_display": "0"}, "missing_lines": [153], "excluded_lines": [], "start_line": 152}, "large_param_code": {"executed_lines": [], "summary": {"covered_lines": 0, "num_statements": 1, "percent_covered": 0.0, "percent_covered_display": "0", "missing_lines": 1, "excluded_lines": 0, "percent_statements_covered": 0.0, "percent_statements_covered_display": "0"}, "missing_lines": [157], "excluded_lines": [], "start_line": 156}, "malformed_code": {"executed_lines": [], "summary": {"covered_lines": 0, "num_statements": 1, "percent_covered": 0.0, "percent_covered_display": "0", "missing_lines": 1, "excluded_lines": 0, "percent_statements_covered": 0.0, "percent_statements_covered_display": "0"}, "missing_lines": [161], "excluded_lines": [], "start_line": 160}, "smell_detector": {"executed_lines": [], "summary": {"covered_lines": 0, "num_statements": 2, "percent_covered": 0.0, "percent_covered_display": "0", "missing_lines": 2, "excluded_lines": 0, "percent_statements_covered": 0.0, "percent_statements_covered_display": "0"}, "missing_lines": [165, 166], "excluded_lines": [], "start_line": 164}, "feature_extractor": {"executed_lines": [], "summary": {"covered_lines": 0, "num_statements": 2, "percent_covered": 0.0, "percent_covered_display": "0", "missing_lines": 2, "excluded_lines": 0, "percent_statements_covered": 0.0, "percent_statements_covered_display": "0"}, "missing_lines": [170, 171], "excluded_lines": [], "start_line": 169}, "ast_analyzer_python": {"executed_lines": [], "summary": {"covered_lines": 0, "num_statements": 2, "percent_covered": 0.0, "percent_covered_display": "0", "missing_lines": 2, "excluded_lines": 0, "percent_statements_covered": 0.0, "percent_statements_covered_display": "0"}, "missing_lines": [175, 176], "excluded_lines": [], "start_line": 174}, "sprint_risk_model": {"executed_lines": [], "summary": {"covered_lines": 0, "num_statements": 2, "percent_covered": 0.0, "percent_covered_display": "0", "missing_lines": 2, "excluded_lines": 0, "percent_statements_covered": 0.0, "percent_statements_covered_display": "0"}, "missing_lines": [180, 181], "excluded_lines": [], "start_line": 179}, "refactor_agent_no_llm": {"executed_lines": [], "summary": {"covered_lines": 0, "num_statements": 4, "percent_covered": 0.0, "percent_covered_display": "0", "missing_lines": 4, "excluded_lines": 0, "percent_statements_covered": 0.0, "percent_statements_covered_display": "0"}, "missing_lines": [186, 187, 188, 189], "excluded_lines": [], "start_line": 184}, "async_client": {"executed_lines": [], "summary": {"covered_lines": 0, "num_statements": 4, "percent_covered": 0.0, "percent_covered_display": "0", "missing_lines": 4, "excluded_lines": 0, "percent_statements_covered": 0.0, "percent_statements_covered_display": "0"}, "missing_lines": [194, 195, 196, 197], "excluded_lines": [], "start_line": 192}, "": {"executed_lines": [7, 8, 9, 10, 11, 15, 16, 21, 29, 68, 84, 95, 118, 123, 128, 130, 135, 136, 139, 140, 143, 144, 147, 148, 151, 152, 155, 156, 159, 160, 163, 164, 168, 169, 173, 174, 178, 179, 183, 184, 191, 192], "summary": {"covered_lines": 42, "num_statements": 43, "percent_covered": 97.67441860465117, "percent_covered_display": "98", "missing_lines": 1, "excluded_lines": 0, "percent_statements_covered": 97.67441860465117, "percent_statements_covered_display": "98"}, "missing_lines": [17], "excluded_lines": [], "start_line": 1}}, "classes": {"": {"executed_lines": [7, 8, 9, 10, 11, 15, 16, 21, 29, 68, 84, 95, 118, 123, 128, 130, 135, 136, 139, 140, 143, 144, 147, 148, 151, 152, 155, 156, 159, 160, 163, 164, 168, 169, 173, 174, 178, 179, 183, 184, 191, 192], "summary": {"covered_lines": 42, "num_statements": 66, "percent_covered": 63.63636363636363, "percent_covered_display": "64", "missing_lines": 24, "excluded_lines": 0, "percent_statements_covered": 63.63636363636363, "percent_statements_covered_display": "64"}, "missing_lines": [17, 137, 141, 145, 149, 153, 157, 161, 165, 166, 170, 171, 175, 176, 180, 181, 186, 187, 188, 189, 194, 195, 196, 197], "excluded_lines": [], "start_line": 1}}}, "backend/tests/test_nonsense_smells.py": {"executed_lines": [1, 2, 3, 6, 8, 10, 11, 16, 17, 20, 21, 22, 25, 26, 27, 29, 31], "summary": {"covered_lines": 17, "num_statements": 18, "percent_covered": 94.44444444444444, "percent_covered_display": "94", "missing_lines": 1, "excluded_lines": 0, "percent_statements_covered": 94.44444444444444, "percent_statements_covered_display": "94"}, "missing_lines": [32], "excluded_lines": [], "functions": {"test_nonsense_detection": {"executed_lines": [11, 16, 17, 20, 21, 22, 25, 26, 27, 29], "summary": {"covered_lines": 10, "num_statements": 10, "percent_covered": 100.0, "percent_covered_display": "100", "missing_lines": 0, "excluded_lines": 0, "percent_statements_covered": 100.0, "percent_statements_covered_display": "100"}, "missing_lines": [], "excluded_lines": [], "start_line": 10}, "": {"executed_lines": [1, 2, 3, 6, 8, 10, 31], "summary": {"covered_lines": 7, "num_statements": 8, "percent_covered": 87.5, "percent_covered_display": "88", "missing_lines": 1, "excluded_lines": 0, "percent_statements_covered": 87.5, "percent_statements_covered_display": "88"}, "missing_lines": [32], "excluded_lines": [], "start_line": 1}}, "classes": {"": {"executed_lines": [1, 2, 3, 6, 8, 10, 11, 16, 17, 20, 21, 22, 25, 26, 27, 29, 31], "summary": {"covered_lines": 17, "num_statements": 18, "percent_covered": 94.44444444444444, "percent_covered_display": "94", "missing_lines": 1, "excluded_lines": 0, "percent_statements_covered": 94.44444444444444, "percent_statements_covered_display": "94"}, "missing_lines": [32], "excluded_lines": [], "start_line": 1}}}, "test_infinite_loop.py": {"executed_lines": [], "summary": {"covered_lines": 0, "num_statements": 3, "percent_covered": 0.0, "percent_covered_display": "0", "missing_lines": 3, "excluded_lines": 0, "percent_statements_covered": 0.0, "percent_statements_covered_display": "0"}, "missing_lines": [4, 5, 6], "excluded_lines": [], "functions": {"": {"executed_lines": [], "summary": {"covered_lines": 0, "num_statements": 3, "percent_covered": 0.0, "percent_covered_display": "0", "missing_lines": 3, "excluded_lines": 0, "percent_statements_covered": 0.0, "percent_statements_covered_display": "0"}, "missing_lines": [4, 5, 6], "excluded_lines": [], "start_line": 1}}, "classes": {"": {"executed_lines": [], "summary": {"covered_lines": 0, "num_statements": 3, "percent_covered": 0.0, "percent_covered_display": "0", "missing_lines": 3, "excluded_lines": 0, "percent_statements_covered": 0.0, "percent_statements_covered_display": "0"}, "missing_lines": [4, 5, 6], "excluded_lines": [], "start_line": 1}}}, "test_loop_variable.py": {"executed_lines": [], "summary": {"covered_lines": 0, "num_statements": 4, "percent_covered": 0.0, "percent_covered_display": "0", "missing_lines": 4, "excluded_lines": 0, "percent_statements_covered": 0.0, "percent_statements_covered_display": "0"}, "missing_lines": [4, 5, 6, 7], "excluded_lines": [], "functions": {"": {"executed_lines": [], "summary": {"covered_lines": 0, "num_statements": 4, "percent_covered": 0.0, "percent_covered_display": "0", "missing_lines": 4, "excluded_lines": 0, "percent_statements_covered": 0.0, "percent_statements_covered_display": "0"}, "missing_lines": [4, 5, 6, 7], "excluded_lines": [], "start_line": 1}}, "classes": {"": {"executed_lines": [], "summary": {"covered_lines": 0, "num_statements": 4, "percent_covered": 0.0, "percent_covered_display": "0", "missing_lines": 4, "excluded_lines": 0, "percent_statements_covered": 0.0, "percent_statements_covered_display": "0"}, "missing_lines": [4, 5, 6, 7], "excluded_lines": [], "start_line": 1}}}, "test_unreachable.py": {"executed_lines": [], "summary": {"covered_lines": 0, "num_statements": 4, "percent_covered": 0.0, "percent_covered_display": "0", "missing_lines": 4, "excluded_lines": 0, "percent_statements_covered": 0.0, "percent_statements_covered_display": "0"}, "missing_lines": [4, 5, 6, 7], "excluded_lines": [], "functions": {"calculate": {"executed_lines": [], "summary": {"covered_lines": 0, "num_statements": 3, "percent_covered": 0.0, "percent_covered_display": "0", "missing_lines": 3, "excluded_lines": 0, "percent_statements_covered": 0.0, "percent_statements_covered_display": "0"}, "missing_lines": [5, 6, 7], "excluded_lines": [], "start_line": 4}, "": {"executed_lines": [], "summary": {"covered_lines": 0, "num_statements": 1, "percent_covered": 0.0, "percent_covered_display": "0", "missing_lines": 1, "excluded_lines": 0, "percent_statements_covered": 0.0, "percent_statements_covered_display": "0"}, "missing_lines": [4], "excluded_lines": [], "start_line": 1}}, "classes": {"": {"executed_lines": [], "summary": {"covered_lines": 0, "num_statements": 4, "percent_covered": 0.0, "percent_covered_display": "0", "missing_lines": 4, "excluded_lines": 0, "percent_statements_covered": 0.0, "percent_statements_covered_display": "0"}, "missing_lines": [4, 5, 6, 7], "excluded_lines": [], "start_line": 1}}}, "test_valid.py": {"executed_lines": [], "summary": {"covered_lines": 0, "num_statements": 45, "percent_covered": 0.0, "percent_covered_display": "0", "missing_lines": 45, "excluded_lines": 0, "percent_statements_covered": 0.0, "percent_statements_covered_display": "0"}, "missing_lines": [2, 3, 6, 8, 11, 12, 14, 17, 18, 19, 21, 22, 23, 26, 27, 28, 29, 30, 31, 32, 35, 38, 39, 40, 43, 44, 45, 48, 52, 53, 54, 55, 57, 60, 61, 64, 65, 66, 68, 69, 70, 72, 73, 74, 77], "excluded_lines": [], "functions": {"process": {"executed_lines": [], "summary": {"covered_lines": 0, "num_statements": 30, "percent_covered": 0.0, "percent_covered_display": "0", "missing_lines": 30, "excluded_lines": 0, "percent_statements_covered": 0.0, "percent_statements_covered_display": "0"}, "missing_lines": [8, 11, 12, 14, 17, 18, 19, 21, 22, 23, 26, 27, 28, 29, 30, 31, 32, 35, 38, 39, 40, 43, 44, 45, 48, 52, 53, 54, 55, 57], "excluded_lines": [], "start_line": 6}, "main": {"executed_lines": [], "summary": {"covered_lines": 0, "num_statements": 10, "percent_covered": 0.0, "percent_covered_display": "0", "missing_lines": 10, "excluded_lines": 0, "percent_statements_covered": 0.0, "percent_statements_covered_display": "0"}, "missing_lines": [61, 64, 65, 66, 68, 69, 70, 72, 73, 74], "excluded_lines": [], "start_line": 60}, "": {"executed_lines": [], "summary": {"covered_lines": 0, "num_statements": 5, "percent_covered": 0.0, "percent_covered_display": "0", "missing_lines": 5, "excluded_lines": 0, "percent_statements_covered": 0.0, "percent_statements_covered_display": "0"}, "missing_lines": [2, 3, 6, 60, 77], "excluded_lines": [], "start_line": 1}}, "classes": {"": {"executed_lines": [], "summary": {"covered_lines": 0, "num_statements": 45, "percent_covered": 0.0, "percent_covered_display": "0", "missing_lines": 45, "excluded_lines": 0, "percent_statements_covered": 0.0, "percent_statements_covered_display": "0"}, "missing_lines": [2, 3, 6, 8, 11, 12, 14, 17, 18, 19, 21, 22, 23, 26, 27, 28, 29, 30, 31, 32, 35, 38, 39, 40, 43, 44, 45, 48, 52, 53, 54, 55, 57, 60, 61, 64, 65, 66, 68, 69, 70, 72, 73, 74, 77], "excluded_lines": [], "start_line": 1}}}}, "totals": {"covered_lines": 325, "num_statements": 701, "percent_covered": 46.3623395149786, "percent_covered_display": "46", "missing_lines": 376, "excluded_lines": 0, "percent_statements_covered": 46.3623395149786, "percent_statements_covered_display": "46"}}