{"meta": {"format": 3, "version": "7.13.4", "timestamp": "2026-03-05T12:33:50.281896", "branch_coverage": false, "show_contexts": false}, "files": {"backend/analyzers/__init__.py": {"executed_lines": [6, 7, 8, 10], "summary": {"covered_lines": 4, "num_statements": 4, "percent_covered": 100.0, "percent_covered_display": "100", "missing_lines": 0, "excluded_lines": 0, "percent_statements_covered": 100.0, "percent_statements_covered_display": "100"}, "missing_lines": [], "excluded_lines": [], "functions": {"": {"executed_lines": [6, 7, 8, 10], "summary": {"covered_lines": 4, "num_statements": 4, "percent_covered": 100.0, "percent_covered_display": "100", "missing_lines": 0, "excluded_lines": 0, "percent_statements_covered": 100.0, "percent_statements_covered_display": "100"}, "missing_lines": [], "excluded_lines": [], "start_line": 1}}, "classes": {"": {"executed_lines": [6, 7, 8, 10], "summary": {"covered_lines": 4, "num_statements": 4, "percent_covered": 100.0, "percent_covered_display": "100", "missing_lines": 0, "excluded_lines": 0, "percent_statements_covered": 100.0, "percent_statements_covered_display": "100"}, "missing_lines": [], "excluded_lines": [], "start_line": 1}}}, "backend/analyzers/compile_checker.py": {"executed_lines": [6, 7, 8, 9, 12, 13, 15, 16, 17, 18, 19, 22, 23, 25, 26, 28, 29, 34, 40, 93, 110, 138, 179], "summary": {"covered_lines": 23, "num_statements": 83, "percent_covered": 27.710843373493976, "percent_covered_display": "28", "missing_lines": 60, "excluded_lines": 0, "percent_statements_covered": 27.710843373493976, "percent_statements_covered_display": "28"}, "missing_lines": [31, 50, 53, 54, 55, 56, 58, 59, 60, 67, 70, 71, 72, 74, 75, 76, 85, 86, 88, 89, 91, 95, 96, 97, 100, 102, 112, 114, 115, 116, 117, 118, 119, 120, 121, 122, 124, 126, 127, 129, 130, 132, 133, 136, 143, 145, 146, 148, 150, 151, 152, 161, 162, 163, 164, 165, 173, 175, 177, 181], "excluded_lines": [], "functions": {"CompileTimeResult.has_errors": {"executed_lines": [], "summary": {"covered_lines": 0, "num_statements": 1, "percent_covered": 0.0, "percent_covered_display": "0", "missing_lines": 1, "excluded_lines": 0, "percent_statements_covered": 0.0, "percent_statements_covered_display": "0"}, "missing_lines": [31], "excluded_lines": [], "start_line": 29}, "CompileTimeChecker.check": {"executed_lines": [], "summary": {"covered_lines": 0, "num_statements": 20, "percent_covered": 0.0, "percent_covered_display": "0", "missing_lines": 20, "excluded_lines": 0, "percent_statements_covered": 0.0, "percent_statements_covered_display": "0"}, "missing_lines": [50, 53, 54, 55, 56, 58, 59, 60, 67, 70, 71, 72, 74, 75, 76, 85, 86, 88, 89, 91], "excluded_lines": [], "start_line": 40}, "CompileTimeChecker._handle_syntax_error": {"executed_lines": [], "summary": {"covered_lines": 0, "num_statements": 5, "percent_covered": 0.0, "percent_covered_display": "0", "missing_lines": 5, "excluded_lines": 0, "percent_statements_covered": 0.0, "percent_statements_covered_display": "0"}, "missing_lines": [95, 96, 97, 100, 102], "excluded_lines": [], "start_line": 93}, "CompileTimeChecker._get_syntax_suggestion": {"executed_lines": [], "summary": {"covered_lines": 0, "num_statements": 18, "percent_covered": 0.0, "percent_covered_display": "0", "missing_lines": 18, "excluded_lines": 0, "percent_statements_covered": 0.0, "percent_statements_covered_display": "0"}, "missing_lines": [112, 114, 115, 116, 117, 118, 119, 120, 121, 122, 124, 126, 127, 129, 130, 132, 133, 136], "excluded_lines": [], "start_line": 110}, "CompileTimeChecker._check_imports": {"executed_lines": [], "summary": {"covered_lines": 0, "num_statements": 15, "percent_covered": 0.0, "percent_covered_display": "0", "missing_lines": 15, "excluded_lines": 0, "percent_statements_covered": 0.0, "percent_statements_covered_display": "0"}, "missing_lines": [143, 145, 146, 148, 150, 151, 152, 161, 162, 163, 164, 165, 173, 175, 177], "excluded_lines": [], "start_line": 138}, "CompileTimeChecker.to_dict": {"executed_lines": [], "summary": {"covered_lines": 0, "num_statements": 1, "percent_covered": 0.0, "percent_covered_display": "0", "missing_lines": 1, "excluded_lines": 0, "percent_statements_covered": 0.0, "percent_statements_covered_display": "0"}, "missing_lines": [181], "excluded_lines": [], "start_line": 179}, "": {"executed_lines": [6, 7, 8, 9, 12, 13, 15, 16, 17, 18, 19, 22, 23, 25, 26, 28, 29, 34, 40, 93, 110, 138, 179], "summary": {"covered_lines": 23, "num_statements": 23, "percent_covered": 100.0, "percent_covered_display": "100", "missing_lines": 0, "excluded_lines": 0, "percent_statements_covered": 100.0, "percent_statements_covered_display": "100"}, "missing_lines": [], "excluded_lines": [], "start_line": 1}}, "classes": {"CompileError": {"executed_lines": [], "summary": {"covered_lines": 0, "num_statements": 0, "percent_covered": 100.0, "percent_covered_display": "100", "missing_lines": 0, "excluded_lines": 0, "percent_statements_covered": 100.0, "percent_statements_covered_display": "100"}, "missing_lines": [], "excluded_lines": [], "start_line": 13}, "CompileTimeResult": {"executed_lines": [], "summary": {"covered_lines": 0, "num_statements": 1, "percent_covered": 0.0, "percent_covered_display": "0", "missing_lines": 1, "excluded_lines": 0, "percent_statements_covered": 0.0, "percent_statements_covered_display": "0"}, "missing_lines": [31], "excluded_lines": [], "start_line": 23}, "CompileTimeChecker": {"executed_lines": [], "summary": {"covered_lines": 0, "num_statements": 59, "percent_covered": 0.0, "percent_covered_display": "0", "missing_lines": 59, "excluded_lines": 0, "percent_statements_covered": 0.0, "percent_statements_covered_display": "0"}, "missing_lines": [50, 53, 54, 55, 56, 58, 59, 60, 67, 70, 71, 72, 74, 75, 76, 85, 86, 88, 89, 91, 95, 96, 97, 100, 102, 112, 114, 115, 116, 117, 118, 119, 120, 121, 122, 124, 126, 127, 129, 130, 132, 133, 136, 143, 145, 146, 148, 150, 151, 152, 161, 162, 163, 164, 165, 173, 175, 177, 181], "excluded_lines": [], "start_line": 34}, "": {"executed_lines": [6, 7, 8, 9, 12, 13, 15, 16, 17, 18, 19, 22, 23, 25, 26, 28, 29, 34, 40, 93, 110, 138, 179], "summary": {"covered_lines": 23, "num_statements": 23, "percent_covered": 100.0, "percent_covered_display": "100", "missing_lines": 0, "excluded_lines": 0, "percent_statements_covered": 100.0, "percent_statements_covered_display": "100"}, "missing_lines": [], "excluded_lines": [], "start_line": 1}}}, "backend/analyzers/feature_extractor.py": {"executed_lines": [16, 17, 18, 21, 22, 24, 25, 26, 27, 28, 29, 30, 31, 32, 33, 36, 37, 39, 40, 41, 42, 43, 44, 45, 46, 49, 50, 52, 53, 54, 55, 56, 58, 81, 95, 104, 114, 115, 119, 120, 123, 126, 127, 128, 129, 130, 131, 132, 133, 134, 136, 137, 143, 145, 146, 147, 152, 158, 160, 162, 169, 175, 177, 178, 179, 180, 181, 184, 185, 189, 190, 191, 195, 197, 205, 206, 208, 214, 219, 220, 221, 223, 236, 242, 243, 244, 247, 250, 252, 254, 255, 256, 261, 262, 263, 265, 272, 273, 274, 276, 277, 294], "summary": {"covered_lines": 102, "num_statements": 135, "percent_covered": 75.55555555555556, "percent_covered_display": "76", "missing_lines": 33, "excluded_lines": 0, "percent_statements_covered": 75.55555555555556, "percent_statements_covered_display": "76"}, "missing_lines": [60, 82, 116, 117, 148, 149, 150, 151, 153, 154, 155, 156, 157, 186, 187, 246, 249, 258, 259, 278, 279, 280, 281, 282, 283, 284, 285, 286, 287, 288, 289, 290, 292], "excluded_lines": [], "functions": {"FileFeatures.to_dict": {"executed_lines": [], "summary": {"covered_lines": 0, "num_statements": 1, "percent_covered": 0.0, "percent_covered_display": "0", "missing_lines": 1, "excluded_lines": 0, "percent_statements_covered": 0.0, "percent_statements_covered_display": "0"}, "missing_lines": [60], "excluded_lines": [], "start_line": 58}, "_method_to_dict": {"executed_lines": [], "summary": {"covered_lines": 0, "num_statements": 1, "percent_covered": 0.0, "percent_covered_display": "0", "missing_lines": 1, "excluded_lines": 0, "percent_statements_covered": 0.0, "percent_statements_covered_display": "0"}, "missing_lines": [82], "excluded_lines": [], "start_line": 81}, "FeatureExtractor.extract": {"executed_lines": [114, 115, 119, 120, 123, 126, 127, 128, 129, 130, 131, 132, 133, 134, 136, 137], "summary": {"covered_lines": 16, "num_statements": 18, "percent_covered": 88.88888888888889, "percent_covered_display": "89", "missing_lines": 2, "excluded_lines": 0, "percent_statements_covered": 88.88888888888889, "percent_statements_covered_display": "89"}, "missing_lines": [116, 117], "excluded_lines": [], "start_line": 104}, "FeatureExtractor._collect_imports": {"executed_lines": [145, 146, 147, 152, 158], "summary": {"covered_lines": 5, "num_statements": 14, "percent_covered": 35.714285714285715, "percent_covered_display": "36", "missing_lines": 9, "excluded_lines": 0, "percent_statements_covered": 35.714285714285715, "percent_statements_covered_display": "36"}, "missing_lines": [148, 149, 150, 151, 153, 154, 155, 156, 157], "excluded_lines": [], "start_line": 143}, "FeatureExtractor._extract_class": {"executed_lines": [162, 169, 175, 177, 178, 179, 180, 181, 184, 185, 189, 190, 191, 195], "summary": {"covered_lines": 14, "num_statements": 16, "percent_covered": 87.5, "percent_covered_display": "88", "missing_lines": 2, "excluded_lines": 0, "percent_statements_covered": 87.5, "percent_statements_covered_display": "88"}, "missing_lines": [186, 187], "excluded_lines": [], "start_line": 160}, "FeatureExtractor._extract_function": {"executed_lines": [205, 206, 208, 214, 219, 220, 221, 223], "summary": {"covered_lines": 8, "num_statements": 8, "percent_covered": 100.0, "percent_covered_display": "100", "missing_lines": 0, "excluded_lines": 0, "percent_statements_covered": 100.0, "percent_statements_covered_display": "100"}, "missing_lines": [], "excluded_lines": [], "start_line": 197}, "FeatureExtractor._cyclomatic_complexity": {"executed_lines": [242, 243, 244, 247, 250], "summary": {"covered_lines": 5, "num_statements": 7, "percent_covered": 71.42857142857143, "percent_covered_display": "71", "missing_lines": 2, "excluded_lines": 0, "percent_statements_covered": 71.42857142857143, "percent_statements_covered_display": "71"}, "missing_lines": [246, 249], "excluded_lines": [], "start_line": 236}, "FeatureExtractor._max_nesting": {"executed_lines": [254, 255, 256, 261, 262, 263], "summary": {"covered_lines": 6, "num_statements": 8, "percent_covered": 75.0, "percent_covered_display": "75", "missing_lines": 2, "excluded_lines": 0, "percent_statements_covered": 75.0, "percent_statements_covered_display": "75"}, "missing_lines": [258, 259], "excluded_lines": [], "start_line": 252}, "FeatureExtractor._count_calls": {"executed_lines": [272, 273, 274, 276, 277, 294], "summary": {"covered_lines": 6, "num_statements": 20, "percent_covered": 30.0, "percent_covered_display": "30", "missing_lines": 14, "excluded_lines": 0, "percent_statements_covered": 30.0, "percent_statements_covered_display": "30"}, "missing_lines": [278, 279, 280, 281, 282, 283, 284, 285, 286, 287, 288, 289, 290, 292], "excluded_lines": [], "start_line": 265}, "": {"executed_lines": [16, 17, 18, 21, 22, 24, 25, 26, 27, 28, 29, 30, 31, 32, 33, 36, 37, 39, 40, 41, 42, 43, 44, 45, 46, 49, 50, 52, 53, 54, 55, 56, 58, 81, 95, 104, 143, 160, 197, 236, 252, 265], "summary": {"covered_lines": 42, "num_statements": 42, "percent_covered": 100.0, "percent_covered_display": "100", "missing_lines": 0, "excluded_lines": 0, "percent_statements_covered": 100.0, "percent_statements_covered_display": "100"}, "missing_lines": [], "excluded_lines": [], "start_line": 1}}, "classes": {"MethodFeatures": {"executed_lines": [], "summary": {"covered_lines": 0, "num_statements": 0, "percent_covered": 100.0, "percent_covered_display": "100", "missing_lines": 0, "excluded_lines": 0, "percent_statements_covered": 100.0, "percent_statements_covered_display": "100"}, "missing_lines": [], "excluded_lines": [], "start_line": 22}, "ClassFeatures": {"executed_lines": [], "summary": {"covered_lines": 0, "num_statements": 0, "percent_covered": 100.0, "percent_covered_display": "100", "missing_lines": 0, "excluded_lines": 0, "percent_statements_covered": 100.0, "percent_statements_covered_display": "100"}, "missing_lines": [], "excluded_lines": [], "start_line": 37}, "FileFeatures": {"executed_lines": [], "summary": {"covered_lines": 0, "num_statements": 1, "percent_covered": 0.0, "percent_covered_display": "0", "missing_lines": 1, "excluded_lines": 0, "percent_statements_covered": 0.0, "percent_statements_covered_display": "0"}, "missing_lines": [60], "excluded_lines": [], "start_line": 50}, "FeatureExtractor": {"executed_lines": [114, 115, 119, 120, 123, 126, 127, 128, 129, 130, 131, 132, 133, 134, 136, 137, 145, 146, 147, 152, 158, 162, 169, 175, 177, 178, 179, 180, 181, 184, 185, 189, 190, 191, 195, 205, 206, 208, 214, 219, 220, 221, 223, 242, 243, 244, 247, 250, 254, 255, 256, 261, 262, 263, 272, 273, 274, 276, 277, 294], "summary": {"covered_lines": 60, "num_statements": 91, "percent_covered": 65.93406593406593, "percent_covered_display": "66", "missing_lines": 31, "excluded_lines": 0, "percent_statements_covered": 65.93406593406593, "percent_statements_covered_display": "66"}, "missing_lines": [116, 117, 148, 149, 150, 151, 153, 154, 155, 156, 157, 186, 187, 246, 249, 258, 259, 278, 279, 280, 281, 282, 283, 284, 285, 286, 287, 288, 289, 290, 292], "excluded_lines": [], "start_line": 95}, "": {"executed_lines": [16, 17, 18, 21, 22, 24, 25, 26, 27, 28, 29, 30, 31, 32, 33, 36, 37, 39, 40, 41, 42, 43, 44, 45, 46, 49, 50, 52, 53, 54, 55, 56, 58, 81, 95, 104, 143, 160, 197, 236, 252, 265], "summary": {"covered_lines": 42, "num_statements": 43, "percent_covered": 97.67441860465117, "percent_covered_display": "98", "missing_lines": 1, "excluded_lines": 0, "percent_statements_covered": 97.67441860465117, "percent_statements_covered_display": "98"}, "missing_lines": [82], "excluded_lines": [], "start_line": 1}}}, "backend/analyzers/logic_analyzer.py": {"executed_lines": [6, 7, 10, 16, 25], "summary": {"covered_lines": 5, "num_statements": 14, "percent_covered": 35.714285714285715, "percent_covered_display": "36", "missing_lines": 9, "excluded_lines": 0, "percent_statements_covered": 35.714285714285715, "percent_statements_covered_display": "36"}, "missing_lines": [23, 35, 36, 38, 39, 40, 42, 43, 44], "excluded_lines": [], "functions": {"LogicAnalyzer.__init__": {"executed_lines": [], "summary": {"covered_lines": 0, "num_statements": 1, "percent_covered": 0.0, "percent_covered_display": "0", "missing_lines": 1, "excluded_lines": 0, "percent_statements_covered": 0.0, "percent_statements_covered_display": "0"}, "missing_lines": [23], "excluded_lines": [], "start_line": 16}, "LogicAnalyzer.analyze": {"executed_lines": [], "summary": {"covered_lines": 0, "num_statements": 8, "percent_covered": 0.0, "percent_covered_display": "0", "missing_lines": 8, "excluded_lines": 0, "percent_statements_covered": 0.0, "percent_statements_covered_display": "0"}, "missing_lines": [35, 36, 38, 39, 40, 42, 43, 44], "excluded_lines": [], "start_line": 25}, "": {"executed_lines": [6, 7, 10, 16, 25], "summary": {"covered_lines": 5, "num_statements": 5, "percent_covered": 100.0, "percent_covered_display": "100", "missing_lines": 0, "excluded_lines": 0, "percent_statements_covered": 100.0, "percent_statements_covered_display": "100"}, "missing_lines": [], "excluded_lines": [], "start_line": 1}}, "classes": {"LogicAnalyzer": {"executed_lines": [], "summary": {"covered_lines": 0, "num_statements": 9, "percent_covered": 0.0, "percent_covered_display": "0", "missing_lines": 9, "excluded_lines": 0, "percent_statements_covered": 0.0, "percent_statements_covered_display": "0"}, "missing_lines": [23, 35, 36, 38, 39, 40, 42, 43, 44], "excluded_lines": [], "start_line": 10}, "": {"executed_lines": [6, 7, 10, 16, 25], "summary": {"covered_lines": 5, "num_statements": 5, "percent_covered": 100.0, "percent_covered_display": "100", "missing_lines": 0, "excluded_lines": 0, "percent_statements_covered": 100.0, "percent_statements_covered_display": "100"}, "missing_lines": [], "excluded_lines": [], "start_line": 1}}}, "backend/analyzers/optimization_analyzer.py": {"executed_lines": [6, 7, 8, 11, 17, 26, 61, 94, 122, 147, 167], "summary": {"covered_lines": 11, "num_statements": 68, "percent_covered": 16.176470588235293, "percent_covered_display": "16", "missing_lines": 57, "excluded_lines": 0, "percent_statements_covered": 16.176470588235293, "percent_statements_covered_display": "16"}, "missing_lines": [24, 36, 39, 40, 43, 44, 45, 46, 47, 48, 51, 52, 53, 54, 55, 56, 57, 59, 71, 73, 74, 77, 80, 83, 86, 88, 90, 92, 96, 97, 99, 100, 102, 103, 107, 108, 109, 112, 120, 124, 126, 127, 129, 133, 134, 137, 145, 149, 151, 152, 154, 155, 156, 163, 165, 169, 174], "excluded_lines": [], "functions": {"OptimizationAnalyzer.__init__": {"executed_lines": [], "summary": {"covered_lines": 0, "num_statements": 1, "percent_covered": 0.0, "percent_covered_display": "0", "missing_lines": 1, "excluded_lines": 0, "percent_statements_covered": 0.0, "percent_statements_covered_display": "0"}, "missing_lines": [24], "excluded_lines": [], "start_line": 17}, "OptimizationAnalyzer.suggest": {"executed_lines": [], "summary": {"covered_lines": 0, "num_statements": 17, "percent_covered": 0.0, "percent_covered_display": "0", "missing_lines": 17, "excluded_lines": 0, "percent_statements_covered": 0.0, "percent_statements_covered_display": "0"}, "missing_lines": [36, 39, 40, 43, 44, 45, 46, 47, 48, 51, 52, 53, 54, 55, 56, 57, 59], "excluded_lines": [], "start_line": 26}, "OptimizationAnalyzer._heuristic_checks": {"executed_lines": [], "summary": {"covered_lines": 0, "num_statements": 10, "percent_covered": 0.0, "percent_covered_display": "0", "missing_lines": 10, "excluded_lines": 0, "percent_statements_covered": 0.0, "percent_statements_covered_display": "0"}, "missing_lines": [71, 73, 74, 77, 80, 83, 86, 88, 90, 92], "excluded_lines": [], "start_line": 61}, "OptimizationAnalyzer._check_range_len": {"executed_lines": [], "summary": {"covered_lines": 0, "num_statements": 11, "percent_covered": 0.0, "percent_covered_display": "0", "missing_lines": 11, "excluded_lines": 0, "percent_statements_covered": 0.0, "percent_statements_covered_display": "0"}, "missing_lines": [96, 97, 99, 100, 102, 103, 107, 108, 109, 112, 120], "excluded_lines": [], "start_line": 94}, "OptimizationAnalyzer._check_list_comprehension": {"executed_lines": [], "summary": {"covered_lines": 0, "num_statements": 8, "percent_covered": 0.0, "percent_covered_display": "0", "missing_lines": 8, "excluded_lines": 0, "percent_statements_covered": 0.0, "percent_statements_covered_display": "0"}, "missing_lines": [124, 126, 127, 129, 133, 134, 137, 145], "excluded_lines": [], "start_line": 122}, "OptimizationAnalyzer._check_nested_loops": {"executed_lines": [], "summary": {"covered_lines": 0, "num_statements": 8, "percent_covered": 0.0, "percent_covered_display": "0", "missing_lines": 8, "excluded_lines": 0, "percent_statements_covered": 0.0, "percent_statements_covered_display": "0"}, "missing_lines": [149, 151, 152, 154, 155, 156, 163, 165], "excluded_lines": [], "start_line": 147}, "OptimizationAnalyzer._check_membership_testing": {"executed_lines": [], "summary": {"covered_lines": 0, "num_statements": 2, "percent_covered": 0.0, "percent_covered_display": "0", "missing_lines": 2, "excluded_lines": 0, "percent_statements_covered": 0.0, "percent_statements_covered_display": "0"}, "missing_lines": [169, 174], "excluded_lines": [], "start_line": 167}, "": {"executed_lines": [6, 7, 8, 11, 17, 26, 61, 94, 122, 147, 167], "summary": {"covered_lines": 11, "num_statements": 11, "percent_covered": 100.0, "percent_covered_display": "100", "missing_lines": 0, "excluded_lines": 0, "percent_statements_covered": 100.0, "percent_statements_covered_display": "100"}, "missing_lines": [], "excluded_lines": [], "start_line": 1}}, "classes": {"OptimizationAnalyzer": {"executed_lines": [], "summary": {"covered_lines": 0, "num_statements": 57, "percent_covered": 0.0, "percent_covered_display": "0", "missing_lines": 57, "excluded_lines": 0, "percent_statements_covered": 0.0, "percent_statements_covered_display": "0"}, "missing_lines": [24, 36, 39, 40, 43, 44, 45, 46, 47, 48, 51, 52, 53, 54, 55, 56, 57, 59, 71, 73, 74, 77, 80, 83, 86, 88, 90, 92, 96, 97, 99, 100, 102, 103, 107, 108, 109, 112, 120, 124, 126, 127, 129, 133, 134, 137, 145, 149, 151, 152, 154, 155, 156, 163, 165, 169, 174], "excluded_lines": [], "start_line": 11}, "": {"executed_lines": [6, 7, 8, 11, 17, 26, 61, 94, 122, 147, 167], "summary": {"covered_lines": 11, "num_statements": 11, "percent_covered": 100.0, "percent_covered_display": "100", "missing_lines": 0, "excluded_lines": 0, "percent_statements_covered": 100.0, "percent_statements_covered_display": "100"}, "missing_lines": [], "excluded_lines": [], "start_line": 1}}}, "backend/analyzers/smell_detector.py": {"executed_lines": [19, 20, 21, 22, 27, 39, 40, 42, 43, 44, 45, 46, 47, 48, 49, 50, 51, 56, 68, 69, 71, 81, 82, 85, 88, 89, 92, 93, 94, 95, 98, 99, 101, 103, 107, 110, 111, 114, 131, 148, 165, 182, 183, 202, 206, 207, 210, 211, 212, 213, 243, 248, 253, 256, 257], "summary": {"covered_lines": 55, "num_statements": 78, "percent_covered": 70.51282051282051, "percent_covered_display": "71", "missing_lines": 23, "excluded_lines": 0, "percent_statements_covered": 70.51282051282051, "percent_statements_covered_display": "71"}, "missing_lines": [83, 115, 116, 117, 132, 133, 134, 149, 150, 151, 166, 167, 168, 184, 185, 186, 187, 188, 189, 227, 228, 229, 230], "excluded_lines": [], "functions": {"SmellDetector.__init__": {"executed_lines": [69], "summary": {"covered_lines": 1, "num_statements": 1, "percent_covered": 100.0, "percent_covered_display": "100", "missing_lines": 0, "excluded_lines": 0, "percent_statements_covered": 100.0, "percent_statements_covered_display": "100"}, "missing_lines": [], "excluded_lines": [], "start_line": 68}, "SmellDetector.detect": {"executed_lines": [81, 82, 85, 88, 89, 92, 93, 94, 95, 98, 99], "summary": {"covered_lines": 11, "num_statements": 12, "percent_covered": 91.66666666666667, "percent_covered_display": "92", "missing_lines": 1, "excluded_lines": 0, "percent_statements_covered": 91.66666666666667, "percent_statements_covered_display": "92"}, "missing_lines": [83], "excluded_lines": [], "start_line": 71}, "SmellDetector.detect_to_dict": {"executed_lines": [103], "summary": {"covered_lines": 1, "num_statements": 1, "percent_covered": 100.0, "percent_covered_display": "100", "missing_lines": 0, "excluded_lines": 0, "percent_statements_covered": 100.0, "percent_statements_covered_display": "100"}, "missing_lines": [], "excluded_lines": [], "start_line": 101}, "SmellDetector._check_method_smells": {"executed_lines": [110, 111, 114, 131, 148, 165, 182, 183, 202], "summary": {"covered_lines": 9, "num_statements": 27, "percent_covered": 33.333333333333336, "percent_covered_display": "33", "missing_lines": 18, "excluded_lines": 0, "percent_statements_covered": 33.333333333333336, "percent_statements_covered_display": "33"}, "missing_lines": [115, 116, 117, 132, 133, 134, 149, 150, 151, 166, 167, 168, 184, 185, 186, 187, 188, 189], "excluded_lines": [], "start_line": 107}, "SmellDetector._check_class_smells": {"executed_lines": [207, 210, 211, 212, 213, 243], "summary": {"covered_lines": 6, "num_statements": 10, "percent_covered": 60.0, "percent_covered_display": "60", "missing_lines": 4, "excluded_lines": 0, "percent_statements_covered": 60.0, "percent_statements_covered_display": "60"}, "missing_lines": [227, 228, 229, 230], "excluded_lines": [], "start_line": 206}, "_sigmoid": {"executed_lines": [253], "summary": {"covered_lines": 1, "num_statements": 1, "percent_covered": 100.0, "percent_covered_display": "100", "missing_lines": 0, "excluded_lines": 0, "percent_statements_covered": 100.0, "percent_statements_covered_display": "100"}, "missing_lines": [], "excluded_lines": [], "start_line": 248}, "_smell_to_dict": {"executed_lines": [257], "summary": {"covered_lines": 1, "num_statements": 1, "percent_covered": 100.0, "percent_covered_display": "100", "missing_lines": 0, "excluded_lines": 0, "percent_statements_covered": 100.0, "percent_statements_covered_display": "100"}, "missing_lines": [], "excluded_lines": [], "start_line": 256}, "": {"executed_lines": [19, 20, 21, 22, 27, 39, 40, 42, 43, 44, 45, 46, 47, 48, 49, 50, 51, 56, 68, 71, 101, 107, 206, 248, 256], "summary": {"covered_lines": 25, "num_statements": 25, "percent_covered": 100.0, "percent_covered_display": "100", "missing_lines": 0, "excluded_lines": 0, "percent_statements_covered": 100.0, "percent_statements_covered_display": "100"}, "missing_lines": [], "excluded_lines": [], "start_line": 1}}, "classes": {"SmellResult": {"executed_lines": [], "summary": {"covered_lines": 0, "num_statements": 0, "percent_covered": 100.0, "percent_covered_display": "100", "missing_lines": 0, "excluded_lines": 0, "percent_statements_covered": 100.0, "percent_statements_covered_display": "100"}, "missing_lines": [], "excluded_lines": [], "start_line": 40}, "SmellDetector": {"executed_lines": [69, 81, 82, 85, 88, 89, 92, 93, 94, 95, 98, 99, 103, 110, 111, 114, 131, 148, 165, 182, 183, 202, 207, 210, 211, 212, 213, 243], "summary": {"covered_lines": 28, "num_statements": 51, "percent_covered": 54.90196078431372, "percent_covered_display": "55", "missing_lines": 23, "excluded_lines": 0, "percent_statements_covered": 54.90196078431372, "percent_statements_covered_display": "55"}, "missing_lines": [83, 115, 116, 117, 132, 133, 134, 149, 150, 151, 166, 167, 168, 184, 185, 186, 187, 188, 189, 227, 228, 229, 230], "excluded_lines": [], "start_line": 56}, "": {"executed_lines": [19, 20, 21, 22, 27, 39, 40, 42, 43, 44, 45, 46, 47, 48, 49, 50, 51, 56, 68, 71, 101, 107, 206, 248, 253, 256, 257], "summary": {"covered_lines": 27, "num_statements": 27, "percent_covered": 100.0, "percent_covered_display": "100", "missing_lines": 0, "excluded_lines": 0, "percent_statements_covered": 100.0, "percent_statements_covered_display": "100"}, "missing_lines": [], "excluded_lines": [], "start_line": 1}}}, "backend/config.py": {"executed_lines": [6, 7, 10, 15, 18, 19, 20, 23, 24, 25, 26, 29, 32, 33, 34, 36, 37, 38, 42], "summary": {"covered_lines": 19, "num_statements": 19, "percent_covered": 100.0, "percent_covered_display": "100", "missing_lines": 0, "excluded_lines": 0, "percent_statements_covered": 100.0, "percent_statements_covered_display": "100"}, "missing_lines": [], "excluded_lines": [], "functions": {"": {"executed_lines": [6, 7, 10, 15, 18, 19, 20, 23, 24, 25, 26, 29, 32, 33, 34, 36, 37, 38, 42], "summary": {"covered_lines": 19, "num_statements": 19, "percent_covered": 100.0, "percent_covered_display": "100", "missing_lines": 0, "excluded_lines": 0, "percent_statements_covered": 100.0, "percent_statements_covered_display": "100"}, "missing_lines": [], "excluded_lines": [], "start_line": 1}}, "classes": {"Settings": {"executed_lines": [], "summary": {"covered_lines": 0, "num_statements": 0, "percent_covered": 100.0, "percent_covered_display": "100", "missing_lines": 0, "excluded_lines": 0, "percent_statements_covered": 100.0, "percent_statements_covered_display": "100"}, "missing_lines": [], "excluded_lines": [], "start_line": 10}, "Settings.Config": {"executed_lines": [], "summary": {"covered_lines": 0, "num_statements": 0, "percent_covered": 100.0, "percent_covered_display": "100", "missing_lines": 0, "excluded_lines": 0, "percent_statements_covered": 100.0, "percent_statements_covered_display": "100"}, "missing_lines": [], "excluded_lines": [], "start_line": 36}, "": {"executed_lines": [6, 7, 10, 15, 18, 19, 20, 23, 24, 25, 26, 29, 32, 33, 34, 36, 37, 38, 42], "summary": {"covered_lines": 19, "num_statements": 19, "percent_covered": 100.0, "percent_covered_display": "100", "missing_lines": 0, "excluded_lines": 0, "percent_statements_covered": 100.0, "percent_statements_covered_display": "100"}, "missing_lines": [], "excluded_lines": [], "start_line": 1}}}, "backend/llm_providers/__init__.py": {"executed_lines": [6, 7, 8, 10], "summary": {"covered_lines": 4, "num_statements": 4, "percent_covered": 100.0, "percent_covered_display": "100", "missing_lines": 0, "excluded_lines": 0, "percent_statements_covered": 100.0, "percent_statements_covered_display": "100"}, "missing_lines": [], "excluded_lines": [], "functions": {"": {"executed_lines": [6, 7, 8, 10], "summary": {"covered_lines": 4, "num_statements": 4, "percent_covered": 100.0, "percent_covered_display": "100", "missing_lines": 0, "excluded_lines": 0, "percent_statements_covered": 100.0, "percent_statements_covered_display": "100"}, "missing_lines": [], "excluded_lines": [], "start_line": 1}}, "classes": {"": {"executed_lines": [6, 7, 8, 10], "summary": {"covered_lines": 4, "num_statements": 4, "percent_covered": 100.0, "percent_covered_display": "100", "missing_lines": 0, "excluded_lines": 0, "percent_statements_covered": 100.0, "percent_statements_covered_display": "100"}, "missing_lines": [], "excluded_lines": [], "start_line": 1}}}, "backend/llm_providers/base.py": {"executed_lines": [6, 7, 10, 13, 14, 26, 27, 44, 45], "summary": {"covered_lines": 9, "num_statements": 12, "percent_covered": 75.0, "percent_covered_display": "75", "missing_lines": 3, "excluded_lines": 0, "percent_statements_covered": 75.0, "percent_statements_covered_display": "75"}, "missing_lines": [24, 42, 52], "excluded_lines": [], "functions": {"LLMProvider.analyze_logic": {"executed_lines": [], "summary": {"covered_lines": 0, "num_statements": 1, "percent_covered": 0.0, "percent_covered_display": "0", "missing_lines": 1, "excluded_lines": 0, "percent_statements_covered": 0.0, "percent_statements_covered_display": "0"}, "missing_lines": [24], "excluded_lines": [], "start_line": 14}, "LLMProvider.suggest_optimizations": {"executed_lines": [], "summary": {"covered_lines": 0, "num_statements": 1, "percent_covered": 0.0, "percent_covered_display": "0", "missing_lines": 1, "excluded_lines": 0, "percent_statements_covered": 0.0, "percent_statements_covered_display": "0"}, "missing_lines": [42], "excluded_lines": [], "start_line": 27}, "LLMProvider.is_available": {"executed_lines": [], "summary": {"covered_lines": 0, "num_statements": 1, "percent_covered": 0.0, "percent_covered_display": "0", "missing_lines": 1, "excluded_lines": 0, "percent_statements_covered": 0.0, "percent_statements_covered_display": "0"}, "missing_lines": [52], "excluded_lines": [], "start_line": 45}, "": {"executed_lines": [6, 7, 10, 13, 14, 26, 27, 44, 45], "summary": {"covered_lines": 9, "num_statements": 9, "percent_covered": 100.0, "percent_covered_display": "100", "missing_lines": 0, "excluded_lines": 0, "percent_statements_covered": 100.0, "percent_statements_covered_display": "100"}, "missing_lines": [], "excluded_lines": [], "start_line": 1}}, "classes": {"LLMProvider": {"executed_lines": [], "summary": {"covered_lines": 0, "num_statements": 3, "percent_covered": 0.0, "percent_covered_display": "0", "missing_lines": 3, "excluded_lines": 0, "percent_statements_covered": 0.0, "percent_statements_covered_display": "0"}, "missing_lines": [24, 42, 52], "excluded_lines": [], "start_line": 10}, "": {"executed_lines": [6, 7, 10, 13, 14, 26, 27, 44, 45], "summary": {"covered_lines": 9, "num_statements": 9, "percent_covered": 100.0, "percent_covered_display": "100", "missing_lines": 0, "excluded_lines": 0, "percent_statements_covered": 100.0, "percent_statements_covered_display": "100"}, "missing_lines": [], "excluded_lines": [], "start_line": 1}}}, "backend/llm_providers/factory.py": {"executed_lines": [5, 6, 7, 10], "summary": {"covered_lines": 4, "num_statements": 14, "percent_covered": 28.571428571428573, "percent_covered_display": "29", "missing_lines": 10, "excluded_lines": 0, "percent_statements_covered": 28.571428571428573, "percent_statements_covered_display": "29"}, "missing_lines": [20, 22, 23, 28, 30, 32, 34, 36, 38, 41], "excluded_lines": [], "functions": {"create_llm_provider": {"executed_lines": [], "summary": {"covered_lines": 0, "num_statements": 10, "percent_covered": 0.0, "percent_covered_display": "0", "missing_lines": 10, "excluded_lines": 0, "percent_statements_covered": 0.0, "percent_statements_covered_display": "0"}, "missing_lines": [20, 22, 23, 28, 30, 32, 34, 36, 38, 41], "excluded_lines": [], "start_line": 10}, "": {"executed_lines": [5, 6, 7, 10], "summary": {"covered_lines": 4, "num_statements": 4, "percent_covered": 100.0, "percent_covered_display": "100", "missing_lines": 0, "excluded_lines": 0, "percent_statements_covered": 100.0, "percent_statements_covered_display": "100"}, "missing_lines": [], "excluded_lines": [], "start_line": 1}}, "classes": {"": {"executed_lines": [5, 6, 7, 10], "summary": {"covered_lines": 4, "num_statements": 14, "percent_covered": 28.571428571428573, "percent_covered_display": "29", "missing_lines": 10, "excluded_lines": 0, "percent_statements_covered": 28.571428571428573, "percent_statements_covered_display": "29"}, "missing_lines": [20, 22, 23, 28, 30, 32, 34, 36, 38, 41], "excluded_lines": [], "start_line": 1}}}, "backend/llm_providers/ollama_provider.py": {"executed_lines": [6, 7, 8, 9, 12, 15, 27, 38, 78, 125], "summary": {"covered_lines": 10, "num_statements": 61, "percent_covered": 16.39344262295082, "percent_covered_display": "16", "missing_lines": 51, "excluded_lines": 0, "percent_statements_covered": 16.39344262295082, "percent_statements_covered_display": "16"}, "missing_lines": [23, 24, 25, 29, 30, 31, 32, 33, 34, 35, 36, 49, 59, 60, 62, 63, 69, 70, 72, 74, 75, 76, 88, 100, 108, 110, 111, 114, 115, 116, 117, 119, 120, 121, 123, 135, 153, 161, 163, 164, 167, 168, 169, 170, 171, 172, 173, 174, 181, 182, 184], "excluded_lines": [], "functions": {"OllamaProvider.__init__": {"executed_lines": [], "summary": {"covered_lines": 0, "num_statements": 3, "percent_covered": 0.0, "percent_covered_display": "0", "missing_lines": 3, "excluded_lines": 0, "percent_statements_covered": 0.0, "percent_statements_covered_display": "0"}, "missing_lines": [23, 24, 25], "excluded_lines": [], "start_line": 15}, "OllamaProvider.is_available": {"executed_lines": [], "summary": {"covered_lines": 0, "num_statements": 8, "percent_covered": 0.0, "percent_covered_display": "0", "missing_lines": 8, "excluded_lines": 0, "percent_statements_covered": 0.0, "percent_statements_covered_display": "0"}, "missing_lines": [29, 30, 31, 32, 33, 34, 35, 36], "excluded_lines": [], "start_line": 27}, "OllamaProvider._generate": {"executed_lines": [], "summary": {"covered_lines": 0, "num_statements": 11, "percent_covered": 0.0, "percent_covered_display": "0", "missing_lines": 11, "excluded_lines": 0, "percent_statements_covered": 0.0, "percent_statements_covered_display": "0"}, "missing_lines": [49, 59, 60, 62, 63, 69, 70, 72, 74, 75, 76], "excluded_lines": [], "start_line": 38}, "OllamaProvider.analyze_logic": {"executed_lines": [], "summary": {"covered_lines": 0, "num_statements": 13, "percent_covered": 0.0, "percent_covered_display": "0", "missing_lines": 13, "excluded_lines": 0, "percent_statements_covered": 0.0, "percent_statements_covered_display": "0"}, "missing_lines": [88, 100, 108, 110, 111, 114, 115, 116, 117, 119, 120, 121, 123], "excluded_lines": [], "start_line": 78}, "OllamaProvider.suggest_optimizations": {"executed_lines": [], "summary": {"covered_lines": 0, "num_statements": 16, "percent_covered": 0.0, "percent_covered_display": "0", "missing_lines": 16, "excluded_lines": 0, "percent_statements_covered": 0.0, "percent_statements_covered_display": "0"}, "missing_lines": [135, 153, 161, 163, 164, 167, 168, 169, 170, 171, 172, 173, 174, 181, 182, 184], "excluded_lines": [], "start_line": 125}, "": {"executed_lines": [6, 7, 8, 9, 12, 15, 27, 38, 78, 125], "summary": {"covered_lines": 10, "num_statements": 10, "percent_covered": 100.0, "percent_covered_display": "100", "missing_lines": 0, "excluded_lines": 0, "percent_statements_covered": 100.0, "percent_statements_covered_display": "100"}, "missing_lines": [], "excluded_lines": [], "start_line": 1}}, "classes": {"OllamaProvider": {"executed_lines": [], "summary": {"covered_lines": 0, "num_statements": 51, "percent_covered": 0.0, "percent_covered_display": "0", "missing_lines": 51, "excluded_lines": 0, "percent_statements_covered": 0.0, "percent_statements_covered_display": "0"}, "missing_lines": [23, 24, 25, 29, 30, 31, 32, 33, 34, 35, 36, 49, 59, 60, 62, 63, 69, 70, 72, 74, 75, 76, 88, 100, 108, 110, 111, 114, 115, 116, 117, 119, 120, 121, 123, 135, 153, 161, 163, 164, 167, 168, 169, 170, 171, 172, 173, 174, 181, 182, 184], "excluded_lines": [], "start_line": 12}, "": {"executed_lines": [6, 7, 8, 9, 12, 15, 27, 38, 78, 125], "summary": {"covered_lines": 10, "num_statements": 10, "percent_covered": 100.0, "percent_covered_display": "100", "missing_lines": 0, "excluded_lines": 0, "percent_statements_covered": 100.0, "percent_statements_covered_display": "100"}, "missing_lines": [], "excluded_lines": [], "start_line": 1}}}, "backend/tests/__init__.py": {"executed_lines": [], "summary": {"covered_lines": 0, "num_statements": 0, "percent_covered": 100.0, "percent_covered_display": "100", "missing_lines": 0, "excluded_lines": 0, "percent_statements_covered": 100.0, "percent_statements_covered_display": "100"}, "missing_lines": [], "excluded_lines": [], "functions": {"": {"executed_lines": [], "summary": {"covered_lines": 0, "num_statements": 0, "percent_covered": 100.0, "percent_covered_display": "100", "missing_lines": 0, "excluded_lines": 0, "percent_statements_covered": 100.0, "percent_statements_covered_display": "100"}, "missing_lines": [], "excluded_lines": [], "start_line": 1}}, "classes": {"": {"executed_lines": [], "summary": {"covered_lines": 0, "num_statements": 0, "percent_covered": 100.0, "percent_covered_display": "100", "missing_lines": 0, "excluded_lines": 0, "percent_statements_covered": 100.0, "percent_statements_covered_display": "100"}, "missing_lines": [], "excluded_lines": [], "start_line": 1}}}, "backend/tests/conftest.py": {"executed_lines": [7, 8, 9, 10, 11, 15, 16, 21, 29, 68, 84, 95, 118, 123, 128, 130, 135, 136, 139, 140, 143, 144, 147, 148, 151, 152, 155, 156, 159, 160, 163, 164, 168, 169, 173, 174, 178, 179, 183, 184, 191, 192], "summary": {"covered_lines": 42, "num_statements": 66, "percent_covered": 63.63636363636363, "percent_covered_display": "64", "missing_lines": 24, "excluded_lines": 0, "percent_statements_covered": 63.63636363636363, "percent_statements_covered_display": "64"}, "missing_lines": [17, 137, 141, 145, 149, 153, 157, 161, 165, 166, 170, 171, 175, 176, 180, 181, 186, 187, 188, 189, 194, 195, 196, 197], "excluded_lines": [], "functions": {"clean_code": {"executed_lines": [], "summary": {"covered_lines": 0, "num_statements": 1, "percent_covered": 0.0, "percent_covered_display": "0", "missing_lines": 1, "excluded_lines": 0, "percent_statements_covered": 0.0, "percent_statements_covered_display": "0"}, "missing_lines": [137], "excluded_lines": [], "start_line": 136}, "long_method_code": {"executed_lines": [], "summary": {"covered_lines": 0, "num_statements": 1, "percent_covered": 0.0, "percent_covered_display": "0", "missing_lines": 1, "excluded_lines": 0, "percent_statements_covered": 0.0, "percent_statements_covered_display": "0"}, "missing_lines": [141], "excluded_lines": [], "start_line": 140}, "god_class_code": {"executed_lines": [], "summary": {"covered_lines": 0, "num_statements": 1, "percent_covered": 0.0, "percent_covered_display": "0", "missing_lines": 1, "excluded_lines": 0, "percent_statements_covered": 0.0, "percent_statements_covered_display": "0"}, "missing_lines": [145], "excluded_lines": [], "start_line": 144}, "deep_nesting_code": {"executed_lines": [], "summary": {"covered_lines": 0, "num_statements": 1, "percent_covered": 0.0, "percent_covered_display": "0", "missing_lines": 1, "excluded_lines": 0, "percent_statements_covered": 0.0, "percent_statements_covered_display": "0"}, "missing_lines": [149], "excluded_lines": [], "start_line": 148}, "high_complexity_code": {"executed_lines": [], "summary": {"covered_lines": 0, "num_statements": 1, "percent_covered": 0.0, "percent_covered_display": "0", "missing_lines": 1, "excluded_lines": 0, "percent_statements_covered": 0.0, "percent_statements_covered_display": "0"}, "missing_lines": [153], "excluded_lines": [], "start_line": 152}, "large_param_code": {"executed_lines": [], "summary": {"covered_lines": 0, "num_statements": 1, "percent_covered": 0.0, "percent_covered_display": "0", "missing_lines": 1, "excluded_lines": 0, "percent_statements_covered": 0.0, "percent_statements_covered_display": "0"}, "missing_lines": [157], "excluded_lines": [], "start_line": 156}, "malformed_code": {"executed_lines": [], "summary": {"covered_lines": 0, "num_statements": 1, "percent_covered": 0.0, "percent_covered_display": "0", "missing_lines": 1, "excluded_lines": 0, "percent_statements_covered": 0.0, "percent_statements_covered_display": "0"}, "missing_lines": [161], "excluded_lines": [], "start_line": 160}, "smell_detector": {"executed_lines": [], "summary": {"covered_lines": 0, "num_statements": 2, "percent_covered": 0.0, "percent_covered_display": "0", "missing_lines": 2, "excluded_lines": 0, "percent_statements_covered": 0.0, "percent_statements_covered_display": "0"}, "missing_lines": [165, 166], "excluded_lines": [], "start_line": 164}, "feature_extractor": {"executed_lines": [], "summary": {"covered_lines": 0, "num_statements": 2, "percent_covered": 0.0, "percent_covered_display": "0", "missing_lines": 2, "excluded_lines": 0, "percent_statements_covered": 0.0, "percent_statements_covered_display": "0"}, "missing_lines": [170, 171], "excluded_lines": [], "start_line": 169}, "ast_analyzer_python": {"executed_lines": [], "summary": {"covered_lines": 0, "num_statements": 2, "percent_covered": 0.0, "percent_covered_display": "0", "missing_lines": 2, "excluded_lines": 0, "percent_statements_covered": 0.0, "percent_statements_covered_display": "0"}, "missing_lines": [175, 176], "excluded_lines": [], "start_line": 174}, "sprint_risk_model": {"executed_lines": [], "summary": {"covered_lines": 0, "num_statements": 2, "percent_covered": 0.0, "percent_covered_display": "0", "missing_lines": 2, "excluded_lines": 0, "percent_statements_covered": 0.0, "percent_statements_covered_display": "0"}, "missing_lines": [180, 181], "excluded_lines": [], "start_line": 179}, "refactor_agent_no_llm": {"executed_lines": [], "summary": {"covered_lines": 0, "num_statements": 4, "percent_covered": 0.0, "percent_covered_display": "0", "missing_lines": 4, "excluded_lines": 0, "percent_statements_covered": 0.0, "percent_statements_covered_display": "0"}, "missing_lines": [186, 187, 188, 189], "excluded_lines": [], "start_line": 184}, "async_client": {"executed_lines": [], "summary": {"covered_lines": 0, "num_statements": 4, "percent_covered": 0.0, "percent_covered_display": "0", "missing_lines": 4, "excluded_lines": 0, "percent_statements_covered": 0.0, "percent_statements_covered_display": "0"}, "missing_lines": [194, 195, 196, 197], "excluded_lines": [], "start_line": 192}, "": {"executed_lines": [7, 8, 9, 10, 11, 15, 16, 21, 29, 68, 84, 95, 118, 123, 128, 130, 135, 136, 139, 140, 143, 144, 147, 148, 151, 152, 155, 156, 159, 160, 163, 164, 168, 169, 173, 174, 178, 179, 183, 184, 191, 192], "summary": {"covered_lines": 42, "num_statements": 43, "percent_covered": 97.67441860465117, "percent_covered_display": "98", "missing_lines": 1, "excluded_lines": 0, "percent_statements_covered": 97.67441860465117, "percent_statements_covered_display": "98"}, "missing_lines": [17], "excluded_lines": [], "start_line": 1}}, "classes": {"": {"executed_lines": [7, 8, 9, 10, 11, 15, 16, 21, 29, 68, 84, 95, 118, 123, 128, 130, 135, 136, 139, 140, 143, 144, 147, 148, 151, 152, 155, 156, 159, 160, 163, 164, 168, 169, 173, 174, 178, 179, 183, 184, 191, 192], "summary": {"covered_lines": 42, "num_statements": 66, "percent_covered": 63.63636363636363, "percent_covered_display": "64", "missing_lines": 24, "excluded_lines": 0, "percent_statements_covered": 63.63636363636363, "percent_statements_covered_display": "64"}, "missing_lines": [17, 137, 141, 145, 149, 153, 157, 161, 165, 166, 170, 171, 175, 176, 180, 181, 186, 187, 188, 189, 194, 195, 196, 197], "excluded_lines": [], "start_line": 1}}}, "backend/tests/test_ci_gatekeeper.py": {"executed_lines": [11, 16, 18, 25, 27, 30, 38, 44, 45, 46, 48, 49, 50, 51, 52, 60, 62, 63, 64, 66, 67, 68, 69, 73, 74, 75, 76, 77, 78, 79, 80, 84, 85, 87, 88, 89, 90, 91, 97, 98, 99, 100, 101, 102, 103, 104, 108, 109, 111, 112, 113, 114, 120, 122, 123, 125, 126, 127, 128, 129, 130, 132, 133, 135, 136, 137, 138, 139, 140, 142, 143, 145, 146, 147, 151, 153, 154, 156, 157, 158, 159, 160, 162, 163, 167, 169, 173, 175, 176, 177, 178, 179, 181, 182, 184, 185, 188, 189, 190, 194, 195, 196, 197, 198, 199, 201, 202, 203, 204], "summary": {"covered_lines": 109, "num_statements": 110, "percent_covered": 99.0909090909091, "percent_covered_display": "99", "missing_lines": 1, "excluded_lines": 0, "percent_statements_covered": 99.0909090909091, "percent_statements_covered_display": "99"}, "missing_lines": [171], "excluded_lines": [], "functions": {"generate_clean_pr": {"executed_lines": [18], "summary": {"covered_lines": 1, "num_statements": 1, "percent_covered": 100.0, "percent_covered_display": "100", "missing_lines": 0, "excluded_lines": 0, "percent_statements_covered": 100.0, "percent_statements_covered_display": "100"}, "missing_lines": [], "excluded_lines": [], "start_line": 16}, "generate_smelly_pr": {"executed_lines": [27, 30], "summary": {"covered_lines": 2, "num_statements": 2, "percent_covered": 100.0, "percent_covered_display": "100", "missing_lines": 0, "excluded_lines": 0, "percent_statements_covered": 100.0, "percent_statements_covered_display": "100"}, "missing_lines": [], "excluded_lines": [], "start_line": 25}, "CIGatekeeper.__init__": {"executed_lines": [45, 46], "summary": {"covered_lines": 2, "num_statements": 2, "percent_covered": 100.0, "percent_covered_display": "100", "missing_lines": 0, "excluded_lines": 0, "percent_statements_covered": 100.0, "percent_statements_covered_display": "100"}, "missing_lines": [], "excluded_lines": [], "start_line": 44}, "CIGatekeeper.evaluate": {"executed_lines": [49, 50, 51, 52], "summary": {"covered_lines": 4, "num_statements": 4, "percent_covered": 100.0, "percent_covered_display": "100", "missing_lines": 0, "excluded_lines": 0, "percent_statements_covered": 100.0, "percent_statements_covered_display": "100"}, "missing_lines": [], "excluded_lines": [], "start_line": 48}, "TestCIGatekeeper.gatekeeper": {"executed_lines": [64], "summary": {"covered_lines": 1, "num_statements": 1, "percent_covered": 100.0, "percent_covered_display": "100", "missing_lines": 0, "excluded_lines": 0, "percent_statements_covered": 100.0, "percent_statements_covered_display": "100"}, "missing_lines": [], "excluded_lines": [], "start_line": 63}, "TestCIGatekeeper.smell_detector": {"executed_lines": [68, 69], "summary": {"covered_lines": 2, "num_statements": 2, "percent_covered": 100.0, "percent_covered_display": "100", "missing_lines": 0, "excluded_lines": 0, "percent_statements_covered": 100.0, "percent_statements_covered_display": "100"}, "missing_lines": [], "excluded_lines": [], "start_line": 67}, "TestCIGatekeeper.test_25_clean_prs_pass": {"executed_lines": [74, 75, 76, 77, 78, 79, 80, 84, 85, 87, 88, 89, 90, 91], "summary": {"covered_lines": 14, "num_statements": 14, "percent_covered": 100.0, "percent_covered_display": "100", "missing_lines": 0, "excluded_lines": 0, "percent_statements_covered": 100.0, "percent_statements_covered_display": "100"}, "missing_lines": [], "excluded_lines": [], "start_line": 73}, "TestCIGatekeeper.test_25_smelly_prs_blocked": {"executed_lines": [98, 99, 100, 101, 102, 103, 104, 108, 109, 111, 112, 113, 114], "summary": {"covered_lines": 13, "num_statements": 13, "percent_covered": 100.0, "percent_covered_display": "100", "missing_lines": 0, "excluded_lines": 0, "percent_statements_covered": 100.0, "percent_statements_covered_display": "100"}, "missing_lines": [], "excluded_lines": [], "start_line": 97}, "TestCIGatekeeper.test_overall_gate_accuracy": {"executed_lines": [122, 123, 125, 126, 127, 128, 129, 130, 132, 133, 135, 136, 137, 138, 139, 140, 142, 143, 145, 146, 147], "summary": {"covered_lines": 21, "num_statements": 21, "percent_covered": 100.0, "percent_covered_display": "100", "missing_lines": 0, "excluded_lines": 0, "percent_statements_covered": 100.0, "percent_statements_covered_display": "100"}, "missing_lines": [], "excluded_lines": [], "start_line": 120}, "TestCIGatekeeper.test_lower_threshold_blocks_more": {"executed_lines": [153, 154, 156, 157, 158, 159, 160, 162, 163, 167, 169], "summary": {"covered_lines": 11, "num_statements": 12, "percent_covered": 91.66666666666667, "percent_covered_display": "92", "missing_lines": 1, "excluded_lines": 0, "percent_statements_covered": 91.66666666666667, "percent_statements_covered_display": "92"}, "missing_lines": [171], "excluded_lines": [], "start_line": 151}, "TestCIGatekeeper.test_threshold_change_reflects_in_outcome": {"executed_lines": [175, 176, 177, 178, 179, 181, 182, 184, 185, 188, 189, 190], "summary": {"covered_lines": 12, "num_statements": 12, "percent_covered": 100.0, "percent_covered_display": "100", "missing_lines": 0, "excluded_lines": 0, "percent_statements_covered": 100.0, "percent_statements_covered_display": "100"}, "missing_lines": [], "excluded_lines": [], "start_line": 173}, "TestCIGatekeeper.test_outcome_has_required_keys": {"executed_lines": [195, 196, 197, 198, 199], "summary": {"covered_lines": 5, "num_statements": 5, "percent_covered": 100.0, "percent_covered_display": "100", "missing_lines": 0, "excluded_lines": 0, "percent_statements_covered": 100.0, "percent_statements_covered_display": "100"}, "missing_lines": [], "excluded_lines": [], "start_line": 194}, "TestCIGatekeeper.test_passed_is_boolean": {"executed_lines": [202, 203, 204], "summary": {"covered_lines": 3, "num_statements": 3, "percent_covered": 100.0, "percent_covered_display": "100", "missing_lines": 0, "excluded_lines": 0, "percent_statements_covered": 100.0, "percent_statements_covered_display": "100"}, "missing_lines": [], "excluded_lines": [], "start_line": 201}, "": {"executed_lines": [11, 16, 25, 38, 44, 48, 60, 62, 63, 66, 67, 73, 97, 120, 151, 173, 194, 201], "summary": {"covered_lines": 18, "num_statements": 18, "percent_covered": 100.0, "percent_covered_display": "100", "missing_lines": 0, "excluded_lines": 0, "percent_statements_covered": 100.0, "percent_statements_covered_display": "100"}, "missing_lines": [], "excluded_lines": [], "start_line": 1}}, "classes": {"CIGatekeeper": {"executed_lines": [45, 46, 49, 50, 51, 52], "summary": {"covered_lines": 6, "num_statements": 6, "percent_covered": 100.0, "percent_covered_display": "100", "missing_lines": 0, "excluded_lines": 0, "percent_statements_covered": 100.0, "percent_statements_covered_display": "100"}, "missing_lines": [], "excluded_lines": [], "start_line": 38}, "TestCIGatekeeper": {"executed_lines": [64, 68, 69, 74, 75, 76, 77, 78, 79, 80, 84, 85, 87, 88, 89, 90, 91, 98, 99, 100, 101, 102, 103, 104, 108, 109, 111, 112, 113, 114, 122, 123, 125, 126, 127, 128, 129, 130, 132, 133, 135, 136, 137, 138, 139, 140, 142, 143, 145, 146, 147, 153, 154, 156, 157, 158, 159, 160, 162, 163, 167, 169, 175, 176, 177, 178, 179, 181, 182, 184, 185, 188, 189, 190, 195, 196, 197, 198, 199, 202, 203, 204], "summary": {"covered_lines": 82, "num_statements": 83, "percent_covered": 98.79518072289157, "percent_covered_display": "99", "missing_lines": 1, "excluded_lines": 0, "percent_statements_covered": 98.79518072289157, "percent_statements_covered_display": "99"}, "missing_lines": [171], "excluded_lines": [], "start_line": 60}, "": {"executed_lines": [11, 16, 18, 25, 27, 30, 38, 44, 48, 60, 62, 63, 66, 67, 73, 97, 120, 151, 173, 194, 201], "summary": {"covered_lines": 21, "num_statements": 21, "percent_covered": 100.0, "percent_covered_display": "100", "missing_lines": 0, "excluded_lines": 0, "percent_statements_covered": 100.0, "percent_statements_covered_display": "100"}, "missing_lines": [], "excluded_lines": [], "start_line": 1}}}, "test_infinite_loop.py": {"executed_lines": [], "summary": {"covered_lines": 0, "num_statements": 3, "percent_covered": 0.0, "percent_covered_display": "0", "missing_lines": 3, "excluded_lines": 0, "percent_statements_covered": 0.0, "percent_statements_covered_display": "0"}, "missing_lines": [4, 5, 6], "excluded_lines": [], "functions": {"": {"executed_lines": [], "summary": {"covered_lines": 0, "num_statements": 3, "percent_covered": 0.0, "percent_covered_display": "0", "missing_lines": 3, "excluded_lines": 0, "percent_statements_covered": 0.0, "percent_statements_covered_display": "0"}, "missing_lines": [4, 5, 6], "excluded_lines": [], "start_line": 1}}, "classes": {"": {"executed_lines": [], "summary": {"covered_lines": 0, "num_statements": 3, "percent_covered": 0.0, "percent_covered_display": "0", "missing_lines": 3, "excluded_lines": 0, "percent_statements_covered": 0.0, "percent_statements_covered_display": "0"}, "missing_lines": [4, 5, 6], "excluded_lines": [], "start_line": 1}}}, "test_loop_variable.py": {"executed_lines": [], "summary": {"covered_lines": 0, "num_statements": 4, "percent_covered": 0.0, "percent_covered_display": "0", "missing_lines": 4, "excluded_lines": 0, "percent_statements_covered": 0.0, "percent_statements_covered_display": "0"}, "missing_lines": [4, 5, 6, 7], "excluded_lines": [], "functions": {"": {"executed_lines": [], "summary": {"covered_lines": 0, "num_statements": 4, "percent_covered": 0.0, "percent_covered_display": "0", "missing_lines": 4, "excluded_lines": 0, "percent_statements_covered": 0.0, "percent_statements_covered_display": "0"}, "missing_lines": [4, 5, 6, 7], "excluded_lines": [], "start_line": 1}}, "classes": {"": {"executed_lines": [], "summary": {"covered_lines": 0, "num_statements": 4, "percent_covered": 0.0, "percent_covered_display": "0", "missing_lines": 4, "excluded_lines": 0, "percent_statements_covered": 0.0, "percent_statements_covered_display": "0"}, "missing_lines": [4, 5, 6, 7], "excluded_lines": [], "start_line": 1}}}, "test_unreachable.py": {"executed_lines": [], "summary": {"covered_lines": 0, "num_statements": 4, "percent_covered": 0.0, "percent_covered_display": "0", "missing_lines": 4, "excluded_lines": 0, "percent_statements_covered": 0.0, "percent_statements_covered_display": "0"}, "missing_lines": [4, 5, 6, 7], "excluded_lines": [], "functions": {"calculate": {"executed_lines": [], "summary": {"covered_lines": 0, "num_statements": 3, "percent_covered": 0.0, "percent_covered_display": "0", "missing_lines": 3, "excluded_lines": 0, "percent_statements_covered": 0.0, "percent_statements_covered_display": "0"}, "missing_lines": [5, 6, 7], "excluded_lines": [], "start_line": 4}, "": {"executed_lines": [], "summary": {"covered_lines": 0, "num_statements": 1, "percent_covered": 0.0, "percent_covered_display": "0", "missing_lines": 1, "excluded_lines": 0, "percent_statements_covered": 0.0, "percent_statements_covered_display": "0"}, "missing_lines": [4], "excluded_lines": [], "start_line": 1}}, "classes": {"": {"executed_lines": [], "summary": {"covered_lines": 0, "num_statements": 4, "percent_covered": 0.0, "percent_covered_display": "0", "missing_lines": 4, "excluded_lines": 0, "percent_statements_covered": 0.0, "percent_statements_covered_display": "0"}, "missing_lines": [4, 5, 6, 7], "excluded_lines": [], "start_line": 1}}}, "test_valid.py": {"executed_lines": [], "summary": {"covered_lines": 0, "num_statements": 5, "percent_covered": 0.0, "percent_covered_display": "0", "missing_lines": 5, "excluded_lines": 0, "percent_statements_covered": 0.0, "percent_statements_covered_display": "0"}, "missing_lines": [4, 5, 6, 7, 9], "excluded_lines": [], "functions": {"": {"executed_lines": [], "summary": {"covered_lines": 0, "num_statements": 5, "percent_covered": 0.0, "percent_covered_display": "0", "missing_lines": 5, "excluded_lines": 0, "percent_statements_covered": 0.0, "percent_statements_covered_display": "0"}, "missing_lines": [4, 5, 6, 7, 9], "excluded_lines": [], "start_line": 1}}, "classes": {"": {"executed_lines": [], "summary": {"covered_lines": 0, "num_statements": 5, "percent_covered": 0.0, "percent_covered_display": "0", "missing_lines": 5, "excluded_lines": 0, "percent_statements_covered": 0.0, "percent_statements_covered_display": "0"}, "missing_lines": [4, 5, 6, 7, 9], "excluded_lines": [], "start_line": 1}}}}, "totals": {"covered_lines": 397, "num_statements": 684, "percent_covered": 58.04093567251462, "percent_covered_display": "58", "missing_lines": 287, "excluded_lines": 0, "percent_statements_covered": 58.04093567251462, "percent_statements_covered_display": "58"}}