{"meta": {"format": 3, "version": "7.13.4", "timestamp": "2026-03-08T17:27:28.014405", "branch_coverage": false, "show_contexts": false}, "files": {"agent_orchestrator.py": {"executed_lines": [], "summary": {"covered_lines": 0, "num_statements": 133, "percent_covered": 0.0, "percent_covered_display": "0", "missing_lines": 133, "excluded_lines": 0, "percent_statements_covered": 0.0, "percent_statements_covered_display": "0"}, "missing_lines": [6, 7, 8, 9, 10, 11, 12, 13, 14, 15, 18, 19, 21, 22, 23, 24, 27, 28, 30, 31, 32, 33, 34, 35, 36, 39, 50, 63, 64, 65, 66, 69, 70, 71, 72, 73, 74, 76, 77, 78, 80, 90, 93, 94, 97, 102, 106, 110, 111, 120, 121, 131, 133, 136, 137, 138, 141, 142, 143, 146, 147, 148, 149, 150, 153, 154, 155, 156, 157, 159, 161, 163, 165, 166, 167, 169, 170, 171, 172, 173, 174, 175, 181, 184, 186, 187, 188, 189, 190, 191, 193, 203, 204, 207, 209, 211, 213, 220, 222, 223, 224, 226, 237, 240, 241, 242, 243, 245, 246, 247, 248, 250, 252, 254, 264, 266, 287, 288, 290, 291, 293, 295, 296, 298, 299, 301, 302, 304, 305, 306, 308, 309, 311], "excluded_lines": [], "functions": {"CodeReviewAgent.__init__": {"executed_lines": [], "summary": {"covered_lines": 0, "num_statements": 13, "percent_covered": 0.0, "percent_covered_display": "0", "missing_lines": 13, "excluded_lines": 0, "percent_statements_covered": 0.0, "percent_statements_covered_display": "0"}, "missing_lines": [63, 64, 65, 66, 69, 70, 71, 72, 73, 74, 76, 77, 78], "excluded_lines": [], "start_line": 50}, "CodeReviewAgent.review_code": {"executed_lines": [], "summary": {"covered_lines": 0, "num_statements": 6, "percent_covered": 0.0, "percent_covered_display": "0", "missing_lines": 6, "excluded_lines": 0, "percent_statements_covered": 0.0, "percent_statements_covered_display": "0"}, "missing_lines": [90, 93, 94, 97, 102, 106], "excluded_lines": [], "start_line": 80}, "CodeReviewAgent._build_error_result": {"executed_lines": [], "summary": {"covered_lines": 0, "num_statements": 1, "percent_covered": 0.0, "percent_covered_display": "0", "missing_lines": 1, "excluded_lines": 0, "percent_statements_covered": 0.0, "percent_statements_covered_display": "0"}, "missing_lines": [111], "excluded_lines": [], "start_line": 110}, "CodeReviewAgent._build_success_result": {"executed_lines": [], "summary": {"covered_lines": 0, "num_statements": 1, "percent_covered": 0.0, "percent_covered_display": "0", "missing_lines": 1, "excluded_lines": 0, "percent_statements_covered": 0.0, "percent_statements_covered_display": "0"}, "missing_lines": [121], "excluded_lines": [], "start_line": 120}, "CodeReviewAgent._run_additional_analysis": {"executed_lines": [], "summary": {"covered_lines": 0, "num_statements": 18, "percent_covered": 0.0, "percent_covered_display": "0", "missing_lines": 18, "excluded_lines": 0, "percent_statements_covered": 0.0, "percent_statements_covered_display": "0"}, "missing_lines": [133, 136, 137, 138, 141, 142, 143, 146, 147, 148, 149, 150, 153, 154, 155, 156, 157, 159], "excluded_lines": [], "start_line": 131}, "CodeReviewAgent._check_syntax": {"executed_lines": [], "summary": {"covered_lines": 0, "num_statements": 19, "percent_covered": 0.0, "percent_covered_display": "0", "missing_lines": 19, "excluded_lines": 0, "percent_statements_covered": 0.0, "percent_statements_covered_display": "0"}, "missing_lines": [163, 165, 166, 167, 169, 170, 171, 172, 173, 174, 175, 181, 184, 186, 187, 188, 189, 190, 191], "excluded_lines": [], "start_line": 161}, "CodeReviewAgent._predict_runtime_errors": {"executed_lines": [], "summary": {"covered_lines": 0, "num_statements": 10, "percent_covered": 0.0, "percent_covered_display": "0", "missing_lines": 10, "excluded_lines": 0, "percent_statements_covered": 0.0, "percent_statements_covered_display": "0"}, "missing_lines": [203, 204, 207, 209, 211, 213, 220, 222, 223, 224], "excluded_lines": [], "start_line": 193}, "CodeReviewAgent._estimate_error_line": {"executed_lines": [], "summary": {"covered_lines": 0, "num_statements": 10, "percent_covered": 0.0, "percent_covered_display": "0", "missing_lines": 10, "excluded_lines": 0, "percent_statements_covered": 0.0, "percent_statements_covered_display": "0"}, "missing_lines": [237, 240, 241, 242, 243, 245, 246, 247, 248, 250], "excluded_lines": [], "start_line": 226}, "CodeReviewAgent._explain_runtime_error": {"executed_lines": [], "summary": {"covered_lines": 0, "num_statements": 2, "percent_covered": 0.0, "percent_covered_display": "0", "missing_lines": 2, "excluded_lines": 0, "percent_statements_covered": 0.0, "percent_statements_covered_display": "0"}, "missing_lines": [254, 264], "excluded_lines": [], "start_line": 252}, "CodeReviewAgent._generate_summary": {"executed_lines": [], "summary": {"covered_lines": 0, "num_statements": 17, "percent_covered": 0.0, "percent_covered_display": "0", "missing_lines": 17, "excluded_lines": 0, "percent_statements_covered": 0.0, "percent_statements_covered_display": "0"}, "missing_lines": [287, 288, 290, 291, 293, 295, 296, 298, 299, 301, 302, 304, 305, 306, 308, 309, 311], "excluded_lines": [], "start_line": 266}, "": {"executed_lines": [], "summary": {"covered_lines": 0, "num_statements": 36, "percent_covered": 0.0, "percent_covered_display": "0", "missing_lines": 36, "excluded_lines": 0, "percent_statements_covered": 0.0, "percent_statements_covered_display": "0"}, "missing_lines": [6, 7, 8, 9, 10, 11, 12, 13, 14, 15, 18, 19, 21, 22, 23, 24, 27, 28, 30, 31, 32, 33, 34, 35, 36, 39, 50, 80, 110, 120, 131, 161, 193, 226, 252, 266], "excluded_lines": [], "start_line": 1}}, "classes": {"RuntimeRisk": {"executed_lines": [], "summary": {"covered_lines": 0, "num_statements": 0, "percent_covered": 100.0, "percent_covered_display": "100", "missing_lines": 0, "excluded_lines": 0, "percent_statements_covered": 100.0, "percent_statements_covered_display": "100"}, "missing_lines": [], "excluded_lines": [], "start_line": 19}, "ReviewResult": {"executed_lines": [], "summary": {"covered_lines": 0, "num_statements": 0, "percent_covered": 100.0, "percent_covered_display": "100", "missing_lines": 0, "excluded_lines": 0, "percent_statements_covered": 100.0, "percent_statements_covered_display": "100"}, "missing_lines": [], "excluded_lines": [], "start_line": 28}, "CodeReviewAgent": {"executed_lines": [], "summary": {"covered_lines": 0, "num_statements": 97, "percent_covered": 0.0, "percent_covered_display": "0", "missing_lines": 97, "excluded_lines": 0, "percent_statements_covered": 0.0, "percent_statements_covered_display": "0"}, "missing_lines": [63, 64, 65, 66, 69, 70, 71, 72, 73, 74, 76, 77, 78, 90, 93, 94, 97, 102, 106, 111, 121, 133, 136, 137, 138, 141, 142, 143, 146, 147, 148, 149, 150, 153, 154, 155, 156, 157, 159, 163, 165, 166, 167, 169, 170, 171, 172, 173, 174, 175, 181, 184, 186, 187, 188, 189, 190, 191, 203, 204, 207, 209, 211, 213, 220, 222, 223, 224, 237, 240, 241, 242, 243, 245, 246, 247, 248, 250, 254, 264, 287, 288, 290, 291, 293, 295, 296, 298, 299, 301, 302, 304, 305, 306, 308, 309, 311], "excluded_lines": [], "start_line": 39}, "": {"executed_lines": [], "summary": {"covered_lines": 0, "num_statements": 36, "percent_covered": 0.0, "percent_covered_display": "0", "missing_lines": 36, "excluded_lines": 0, "percent_statements_covered": 0.0, "percent_statements_covered_display": "0"}, "missing_lines": [6, 7, 8, 9, 10, 11, 12, 13, 14, 15, 18, 19, 21, 22, 23, 24, 27, 28, 30, 31, 32, 33, 34, 35, 36, 39, 50, 80, 110, 120, 131, 161, 193, 226, 252, 266], "excluded_lines": [], "start_line": 1}}}, "agile_risk/__init__.py": {"executed_lines": [], "summary": {"covered_lines": 0, "num_statements": 0, "percent_covered": 100.0, "percent_covered_display": "100", "missing_lines": 0, "excluded_lines": 0, "percent_statements_covered": 100.0, "percent_statements_covered_display": "100"}, "missing_lines": [], "excluded_lines": [], "functions": {"": {"executed_lines": [], "summary": {"covered_lines": 0, "num_statements": 0, "percent_covered": 100.0, "percent_covered_display": "100", "missing_lines": 0, "excluded_lines": 0, "percent_statements_covered": 100.0, "percent_statements_covered_display": "100"}, "missing_lines": [], "excluded_lines": [], "start_line": 1}}, "classes": {"": {"executed_lines": [], "summary": {"covered_lines": 0, "num_statements": 0, "percent_covered": 100.0, "percent_covered_display": "100", "missing_lines": 0, "excluded_lines": 0, "percent_statements_covered": 100.0, "percent_statements_covered_display": "100"}, "missing_lines": [], "excluded_lines": [], "start_line": 1}}}, "agile_risk/sprint_risk_model.py": {"executed_lines": [], "summary": {"covered_lines": 0, "num_statements": 42, "percent_covered": 0.0, "percent_covered_display": "0", "missing_lines": 42, "excluded_lines": 0, "percent_statements_covered": 0.0, "percent_statements_covered_display": "0"}, "missing_lines": [17, 18, 19, 22, 29, 47, 50, 54, 57, 60, 63, 66, 69, 70, 72, 75, 78, 81, 83, 95, 100, 101, 102, 103, 105, 107, 108, 109, 110, 111, 112, 113, 114, 116, 118, 122, 123, 128, 129, 134, 135, 140], "excluded_lines": [], "functions": {"SprintRiskModel.predict": {"executed_lines": [], "summary": {"covered_lines": 0, "num_statements": 14, "percent_covered": 0.0, "percent_covered_display": "0", "missing_lines": 14, "excluded_lines": 0, "percent_statements_covered": 0.0, "percent_statements_covered_display": "0"}, "missing_lines": [47, 50, 54, 57, 60, 63, 66, 69, 70, 72, 75, 78, 81, 83], "excluded_lines": [], "start_line": 29}, "SprintRiskModel._p_exceed": {"executed_lines": [], "summary": {"covered_lines": 0, "num_statements": 4, "percent_covered": 0.0, "percent_covered_display": "0", "missing_lines": 4, "excluded_lines": 0, "percent_statements_covered": 0.0, "percent_statements_covered_display": "0"}, "missing_lines": [100, 101, 102, 103], "excluded_lines": [], "start_line": 95}, "SprintRiskModel._classify_trend": {"executed_lines": [], "summary": {"covered_lines": 0, "num_statements": 9, "percent_covered": 0.0, "percent_covered_display": "0", "missing_lines": 9, "excluded_lines": 0, "percent_statements_covered": 0.0, "percent_statements_covered_display": "0"}, "missing_lines": [107, 108, 109, 110, 111, 112, 113, 114, 116], "excluded_lines": [], "start_line": 105}, "SprintRiskModel._recommendation": {"executed_lines": [], "summary": {"covered_lines": 0, "num_statements": 7, "percent_covered": 0.0, "percent_covered_display": "0", "missing_lines": 7, "excluded_lines": 0, "percent_statements_covered": 0.0, "percent_statements_covered_display": "0"}, "missing_lines": [122, 123, 128, 129, 134, 135, 140], "excluded_lines": [], "start_line": 118}, "": {"executed_lines": [], "summary": {"covered_lines": 0, "num_statements": 8, "percent_covered": 0.0, "percent_covered_display": "0", "missing_lines": 8, "excluded_lines": 0, "percent_statements_covered": 0.0, "percent_statements_covered_display": "0"}, "missing_lines": [17, 18, 19, 22, 29, 95, 105, 118], "excluded_lines": [], "start_line": 1}}, "classes": {"SprintRiskModel": {"executed_lines": [], "summary": {"covered_lines": 0, "num_statements": 34, "percent_covered": 0.0, "percent_covered_display": "0", "missing_lines": 34, "excluded_lines": 0, "percent_statements_covered": 0.0, "percent_statements_covered_display": "0"}, "missing_lines": [47, 50, 54, 57, 60, 63, 66, 69, 70, 72, 75, 78, 81, 83, 100, 101, 102, 103, 107, 108, 109, 110, 111, 112, 113, 114, 116, 122, 123, 128, 129, 134, 135, 140], "excluded_lines": [], "start_line": 22}, "": {"executed_lines": [], "summary": {"covered_lines": 0, "num_statements": 8, "percent_covered": 0.0, "percent_covered_display": "0", "missing_lines": 8, "excluded_lines": 0, "percent_statements_covered": 0.0, "percent_statements_covered_display": "0"}, "missing_lines": [17, 18, 19, 22, 29, 95, 105, 118], "excluded_lines": [], "start_line": 1}}}, "agile_risk/sprint_store.py": {"executed_lines": [], "summary": {"covered_lines": 0, "num_statements": 43, "percent_covered": 0.0, "percent_covered_display": "0", "missing_lines": 43, "excluded_lines": 0, "percent_statements_covered": 0.0, "percent_statements_covered_display": "0"}, "missing_lines": [9, 10, 11, 12, 13, 15, 18, 32, 34, 35, 41, 49, 50, 57, 63, 65, 66, 68, 69, 71, 81, 86, 88, 89, 91, 93, 94, 100, 101, 102, 103, 104, 106, 107, 109, 110, 111, 112, 113, 114, 115, 116, 117], "excluded_lines": [], "functions": {"SprintStore.__init__": {"executed_lines": [], "summary": {"covered_lines": 0, "num_statements": 2, "percent_covered": 0.0, "percent_covered_display": "0", "missing_lines": 2, "excluded_lines": 0, "percent_statements_covered": 0.0, "percent_statements_covered_display": "0"}, "missing_lines": [34, 35], "excluded_lines": [], "start_line": 32}, "SprintStore.log_sprint": {"executed_lines": [], "summary": {"covered_lines": 0, "num_statements": 3, "percent_covered": 0.0, "percent_covered_display": "0", "missing_lines": 3, "excluded_lines": 0, "percent_statements_covered": 0.0, "percent_statements_covered_display": "0"}, "missing_lines": [49, 50, 57], "excluded_lines": [], "start_line": 41}, "SprintStore.get_all": {"executed_lines": [], "summary": {"covered_lines": 0, "num_statements": 6, "percent_covered": 0.0, "percent_covered_display": "0", "missing_lines": 6, "excluded_lines": 0, "percent_statements_covered": 0.0, "percent_statements_covered_display": "0"}, "missing_lines": [65, 66, 68, 69, 71, 81], "excluded_lines": [], "start_line": 63}, "SprintStore.get_smell_history": {"executed_lines": [], "summary": {"covered_lines": 0, "num_statements": 2, "percent_covered": 0.0, "percent_covered_display": "0", "missing_lines": 2, "excluded_lines": 0, "percent_statements_covered": 0.0, "percent_statements_covered_display": "0"}, "missing_lines": [88, 89], "excluded_lines": [], "start_line": 86}, "SprintStore.get_refactor_history": {"executed_lines": [], "summary": {"covered_lines": 0, "num_statements": 2, "percent_covered": 0.0, "percent_covered_display": "0", "missing_lines": 2, "excluded_lines": 0, "percent_statements_covered": 0.0, "percent_statements_covered_display": "0"}, "missing_lines": [93, 94], "excluded_lines": [], "start_line": 91}, "SprintStore._load": {"executed_lines": [], "summary": {"covered_lines": 0, "num_statements": 4, "percent_covered": 0.0, "percent_covered_display": "0", "missing_lines": 4, "excluded_lines": 0, "percent_statements_covered": 0.0, "percent_statements_covered_display": "0"}, "missing_lines": [101, 102, 103, 104], "excluded_lines": [], "start_line": 100}, "SprintStore._save": {"executed_lines": [], "summary": {"covered_lines": 0, "num_statements": 1, "percent_covered": 0.0, "percent_covered_display": "0", "missing_lines": 1, "excluded_lines": 0, "percent_statements_covered": 0.0, "percent_statements_covered_display": "0"}, "missing_lines": [107], "excluded_lines": [], "start_line": 106}, "SprintStore._compute_trend": {"executed_lines": [], "summary": {"covered_lines": 0, "num_statements": 8, "percent_covered": 0.0, "percent_covered_display": "0", "missing_lines": 8, "excluded_lines": 0, "percent_statements_covered": 0.0, "percent_statements_covered_display": "0"}, "missing_lines": [110, 111, 112, 113, 114, 115, 116, 117], "excluded_lines": [], "start_line": 109}, "": {"executed_lines": [], "summary": {"covered_lines": 0, "num_statements": 15, "percent_covered": 0.0, "percent_covered_display": "0", "missing_lines": 15, "excluded_lines": 0, "percent_statements_covered": 0.0, "percent_statements_covered_display": "0"}, "missing_lines": [9, 10, 11, 12, 13, 15, 18, 32, 41, 63, 86, 91, 100, 106, 109], "excluded_lines": [], "start_line": 1}}, "classes": {"SprintStore": {"executed_lines": [], "summary": {"covered_lines": 0, "num_statements": 28, "percent_covered": 0.0, "percent_covered_display": "0", "missing_lines": 28, "excluded_lines": 0, "percent_statements_covered": 0.0, "percent_statements_covered_display": "0"}, "missing_lines": [34, 35, 49, 50, 57, 65, 66, 68, 69, 71, 81, 88, 89, 93, 94, 101, 102, 103, 104, 107, 110, 111, 112, 113, 114, 115, 116, 117], "excluded_lines": [], "start_line": 18}, "": {"executed_lines": [], "summary": {"covered_lines": 0, "num_statements": 15, "percent_covered": 0.0, "percent_covered_display": "0", "missing_lines": 15, "excluded_lines": 0, "percent_statements_covered": 0.0, "percent_statements_covered_display": "0"}, "missing_lines": [9, 10, 11, 12, 13, 15, 18, 32, 41, 63, 86, 91, 100, 106, 109], "excluded_lines": [], "start_line": 1}}}, "analyzers/__init__.py": {"executed_lines": [6, 7, 8, 10], "summary": {"covered_lines": 4, "num_statements": 4, "percent_covered": 100.0, "percent_covered_display": "100", "missing_lines": 0, "excluded_lines": 0, "percent_statements_covered": 100.0, "percent_statements_covered_display": "100"}, "missing_lines": [], "excluded_lines": [], "functions": {"": {"executed_lines": [6, 7, 8, 10], "summary": {"covered_lines": 4, "num_statements": 4, "percent_covered": 100.0, "percent_covered_display": "100", "missing_lines": 0, "excluded_lines": 0, "percent_statements_covered": 100.0, "percent_statements_covered_display": "100"}, "missing_lines": [], "excluded_lines": [], "start_line": 1}}, "classes": {"": {"executed_lines": [6, 7, 8, 10], "summary": {"covered_lines": 4, "num_statements": 4, "percent_covered": 100.0, "percent_covered_display": "100", "missing_lines": 0, "excluded_lines": 0, "percent_statements_covered": 100.0, "percent_statements_covered_display": "100"}, "missing_lines": [], "excluded_lines": [], "start_line": 1}}}, "analyzers/compile_checker.py": {"executed_lines": [6, 7, 8, 9, 12, 13, 15, 16, 17, 18, 19, 22, 23, 25, 26, 28, 29, 34, 40, 93, 110, 138, 179], "summary": {"covered_lines": 23, "num_statements": 83, "percent_covered": 27.710843373493976, "percent_covered_display": "28", "missing_lines": 60, "excluded_lines": 0, "percent_statements_covered": 27.710843373493976, "percent_statements_covered_display": "28"}, "missing_lines": [31, 50, 53, 54, 55, 56, 58, 59, 60, 67, 70, 71, 72, 74, 75, 76, 85, 86, 88, 89, 91, 95, 96, 97, 100, 102, 112, 114, 115, 116, 117, 118, 119, 120, 121, 122, 124, 126, 127, 129, 130, 132, 133, 136, 143, 145, 146, 148, 150, 151, 152, 161, 162, 163, 164, 165, 173, 175, 177, 181], "excluded_lines": [], "functions": {"CompileTimeResult.has_errors": {"executed_lines": [], "summary": {"covered_lines": 0, "num_statements": 1, "percent_covered": 0.0, "percent_covered_display": "0", "missing_lines": 1, "excluded_lines": 0, "percent_statements_covered": 0.0, "percent_statements_covered_display": "0"}, "missing_lines": [31], "excluded_lines": [], "start_line": 29}, "CompileTimeChecker.check": {"executed_lines": [], "summary": {"covered_lines": 0, "num_statements": 20, "percent_covered": 0.0, "percent_covered_display": "0", "missing_lines": 20, "excluded_lines": 0, "percent_statements_covered": 0.0, "percent_statements_covered_display": "0"}, "missing_lines": [50, 53, 54, 55, 56, 58, 59, 60, 67, 70, 71, 72, 74, 75, 76, 85, 86, 88, 89, 91], "excluded_lines": [], "start_line": 40}, "CompileTimeChecker._handle_syntax_error": {"executed_lines": [], "summary": {"covered_lines": 0, "num_statements": 5, "percent_covered": 0.0, "percent_covered_display": "0", "missing_lines": 5, "excluded_lines": 0, "percent_statements_covered": 0.0, "percent_statements_covered_display": "0"}, "missing_lines": [95, 96, 97, 100, 102], "excluded_lines": [], "start_line": 93}, "CompileTimeChecker._get_syntax_suggestion": {"executed_lines": [], "summary": {"covered_lines": 0, "num_statements": 18, "percent_covered": 0.0, "percent_covered_display": "0", "missing_lines": 18, "excluded_lines": 0, "percent_statements_covered": 0.0, "percent_statements_covered_display": "0"}, "missing_lines": [112, 114, 115, 116, 117, 118, 119, 120, 121, 122, 124, 126, 127, 129, 130, 132, 133, 136], "excluded_lines": [], "start_line": 110}, "CompileTimeChecker._check_imports": {"executed_lines": [], "summary": {"covered_lines": 0, "num_statements": 15, "percent_covered": 0.0, "percent_covered_display": "0", "missing_lines": 15, "excluded_lines": 0, "percent_statements_covered": 0.0, "percent_statements_covered_display": "0"}, "missing_lines": [143, 145, 146, 148, 150, 151, 152, 161, 162, 163, 164, 165, 173, 175, 177], "excluded_lines": [], "start_line": 138}, "CompileTimeChecker.to_dict": {"executed_lines": [], "summary": {"covered_lines": 0, "num_statements": 1, "percent_covered": 0.0, "percent_covered_display": "0", "missing_lines": 1, "excluded_lines": 0, "percent_statements_covered": 0.0, "percent_statements_covered_display": "0"}, "missing_lines": [181], "excluded_lines": [], "start_line": 179}, "": {"executed_lines": [6, 7, 8, 9, 12, 13, 15, 16, 17, 18, 19, 22, 23, 25, 26, 28, 29, 34, 40, 93, 110, 138, 179], "summary": {"covered_lines": 23, "num_statements": 23, "percent_covered": 100.0, "percent_covered_display": "100", "missing_lines": 0, "excluded_lines": 0, "percent_statements_covered": 100.0, "percent_statements_covered_display": "100"}, "missing_lines": [], "excluded_lines": [], "start_line": 1}}, "classes": {"CompileError": {"executed_lines": [], "summary": {"covered_lines": 0, "num_statements": 0, "percent_covered": 100.0, "percent_covered_display": "100", "missing_lines": 0, "excluded_lines": 0, "percent_statements_covered": 100.0, "percent_statements_covered_display": "100"}, "missing_lines": [], "excluded_lines": [], "start_line": 13}, "CompileTimeResult": {"executed_lines": [], "summary": {"covered_lines": 0, "num_statements": 1, "percent_covered": 0.0, "percent_covered_display": "0", "missing_lines": 1, "excluded_lines": 0, "percent_statements_covered": 0.0, "percent_statements_covered_display": "0"}, "missing_lines": [31], "excluded_lines": [], "start_line": 23}, "CompileTimeChecker": {"executed_lines": [], "summary": {"covered_lines": 0, "num_statements": 59, "percent_covered": 0.0, "percent_covered_display": "0", "missing_lines": 59, "excluded_lines": 0, "percent_statements_covered": 0.0, "percent_statements_covered_display": "0"}, "missing_lines": [50, 53, 54, 55, 56, 58, 59, 60, 67, 70, 71, 72, 74, 75, 76, 85, 86, 88, 89, 91, 95, 96, 97, 100, 102, 112, 114, 115, 116, 117, 118, 119, 120, 121, 122, 124, 126, 127, 129, 130, 132, 133, 136, 143, 145, 146, 148, 150, 151, 152, 161, 162, 163, 164, 165, 173, 175, 177, 181], "excluded_lines": [], "start_line": 34}, "": {"executed_lines": [6, 7, 8, 9, 12, 13, 15, 16, 17, 18, 19, 22, 23, 25, 26, 28, 29, 34, 40, 93, 110, 138, 179], "summary": {"covered_lines": 23, "num_statements": 23, "percent_covered": 100.0, "percent_covered_display": "100", "missing_lines": 0, "excluded_lines": 0, "percent_statements_covered": 100.0, "percent_statements_covered_display": "100"}, "missing_lines": [], "excluded_lines": [], "start_line": 1}}}, "analyzers/control_flow_analyzer.py": {"executed_lines": [], "summary": {"covered_lines": 0, "num_statements": 221, "percent_covered": 0.0, "percent_covered_display": "0", "missing_lines": 221, "excluded_lines": 0, "percent_statements_covered": 0.0, "percent_statements_covered_display": "0"}, "missing_lines": [13, 14, 15, 18, 19, 21, 22, 23, 24, 25, 26, 29, 30, 32, 33, 34, 37, 38, 40, 41, 42, 43, 46, 47, 49, 50, 51, 52, 53, 55, 58, 59, 60, 61, 63, 65, 74, 77, 83, 85, 86, 88, 89, 90, 91, 93, 95, 96, 98, 106, 107, 108, 110, 111, 112, 113, 120, 122, 123, 124, 125, 126, 127, 128, 129, 130, 132, 134, 135, 136, 137, 138, 140, 141, 143, 144, 145, 146, 148, 150, 152, 154, 155, 156, 157, 158, 166, 167, 169, 170, 171, 179, 180, 181, 182, 189, 191, 193, 195, 196, 197, 198, 200, 202, 203, 204, 205, 211, 213, 215, 222, 223, 226, 227, 235, 236, 239, 241, 243, 245, 246, 247, 248, 251, 253, 255, 257, 258, 260, 261, 266, 271, 272, 277, 282, 284, 290, 292, 305, 312, 313, 314, 315, 318, 326, 328, 330, 336, 337, 339, 354, 362, 364, 372, 373, 375, 389, 395, 397, 400, 402, 403, 405, 408, 409, 410, 412, 413, 416, 417, 420, 421, 422, 425, 426, 428, 430, 432, 439, 442, 444, 446, 448, 449, 450, 451, 453, 455, 456, 457, 458, 459, 461, 463, 464, 465, 466, 467, 468, 469, 470, 471, 472, 473, 475, 477, 478, 479, 481, 483, 484, 485, 486, 487, 488, 489, 491, 493, 494, 495, 496], "excluded_lines": [], "functions": {"ControlFlowResult.to_dict": {"executed_lines": [], "summary": {"covered_lines": 0, "num_statements": 6, "percent_covered": 0.0, "percent_covered_display": "0", "missing_lines": 6, "excluded_lines": 0, "percent_statements_covered": 0.0, "percent_statements_covered_display": "0"}, "missing_lines": [58, 59, 60, 61, 63, 65], "excluded_lines": [], "start_line": 55}, "ControlFlowAnalyzer.analyze": {"executed_lines": [], "summary": {"covered_lines": 0, "num_statements": 11, "percent_covered": 0.0, "percent_covered_display": "0", "missing_lines": 11, "excluded_lines": 0, "percent_statements_covered": 0.0, "percent_statements_covered_display": "0"}, "missing_lines": [83, 85, 86, 88, 89, 90, 91, 93, 95, 96, 98], "excluded_lines": [], "start_line": 77}, "ControlFlowAnalyzer._analyze_supported_language": {"executed_lines": [], "summary": {"covered_lines": 0, "num_statements": 17, "percent_covered": 0.0, "percent_covered_display": "0", "missing_lines": 17, "excluded_lines": 0, "percent_statements_covered": 0.0, "percent_statements_covered_display": "0"}, "missing_lines": [107, 108, 110, 111, 112, 113, 120, 122, 123, 124, 125, 126, 127, 128, 129, 130, 132], "excluded_lines": [], "start_line": 106}, "ControlFlowAnalyzer._analyze_fallback": {"executed_lines": [], "summary": {"covered_lines": 0, "num_statements": 6, "percent_covered": 0.0, "percent_covered_display": "0", "missing_lines": 6, "excluded_lines": 0, "percent_statements_covered": 0.0, "percent_statements_covered_display": "0"}, "missing_lines": [135, 136, 137, 138, 140, 141], "excluded_lines": [], "start_line": 134}, "ControlFlowAnalyzer._build_graph_for_first_issue": {"executed_lines": [], "summary": {"covered_lines": 0, "num_statements": 3, "percent_covered": 0.0, "percent_covered_display": "0", "missing_lines": 3, "excluded_lines": 0, "percent_statements_covered": 0.0, "percent_statements_covered_display": "0"}, "missing_lines": [144, 145, 146], "excluded_lines": [], "start_line": 143}, "ControlFlowAnalyzer._detect_infinite_loops": {"executed_lines": [], "summary": {"covered_lines": 0, "num_statements": 17, "percent_covered": 0.0, "percent_covered_display": "0", "missing_lines": 17, "excluded_lines": 0, "percent_statements_covered": 0.0, "percent_statements_covered_display": "0"}, "missing_lines": [150, 152, 154, 155, 156, 157, 158, 166, 167, 169, 170, 171, 179, 180, 181, 182, 189], "excluded_lines": [], "start_line": 148}, "ControlFlowAnalyzer._detect_unreachable_code": {"executed_lines": [], "summary": {"covered_lines": 0, "num_statements": 12, "percent_covered": 0.0, "percent_covered_display": "0", "missing_lines": 12, "excluded_lines": 0, "percent_statements_covered": 0.0, "percent_statements_covered_display": "0"}, "missing_lines": [193, 195, 196, 197, 198, 200, 202, 203, 204, 205, 211, 213], "excluded_lines": [], "start_line": 191}, "ControlFlowAnalyzer._generate_graph_for_issue": {"executed_lines": [], "summary": {"covered_lines": 0, "num_statements": 15, "percent_covered": 0.0, "percent_covered_display": "0", "missing_lines": 15, "excluded_lines": 0, "percent_statements_covered": 0.0, "percent_statements_covered_display": "0"}, "missing_lines": [222, 223, 226, 227, 235, 236, 239, 241, 243, 245, 246, 247, 248, 251, 253], "excluded_lines": [], "start_line": 215}, "ControlFlowAnalyzer._generate_generic_graph": {"executed_lines": [], "summary": {"covered_lines": 0, "num_statements": 9, "percent_covered": 0.0, "percent_covered_display": "0", "missing_lines": 9, "excluded_lines": 0, "percent_statements_covered": 0.0, "percent_statements_covered_display": "0"}, "missing_lines": [257, 258, 260, 261, 266, 271, 272, 277, 282], "excluded_lines": [], "start_line": 255}, "ControlFlowAnalyzer._generate_while_loop_graph": {"executed_lines": [], "summary": {"covered_lines": 0, "num_statements": 10, "percent_covered": 0.0, "percent_covered_display": "0", "missing_lines": 10, "excluded_lines": 0, "percent_statements_covered": 0.0, "percent_statements_covered_display": "0"}, "missing_lines": [290, 292, 305, 312, 313, 314, 315, 318, 326, 328], "excluded_lines": [], "start_line": 284}, "ControlFlowAnalyzer._generate_for_loop_graph": {"executed_lines": [], "summary": {"covered_lines": 0, "num_statements": 5, "percent_covered": 0.0, "percent_covered_display": "0", "missing_lines": 5, "excluded_lines": 0, "percent_statements_covered": 0.0, "percent_statements_covered_display": "0"}, "missing_lines": [336, 337, 339, 354, 362], "excluded_lines": [], "start_line": 330}, "ControlFlowAnalyzer._generate_unreachable_code_graph": {"executed_lines": [], "summary": {"covered_lines": 0, "num_statements": 5, "percent_covered": 0.0, "percent_covered_display": "0", "missing_lines": 5, "excluded_lines": 0, "percent_statements_covered": 0.0, "percent_statements_covered_display": "0"}, "missing_lines": [372, 373, 375, 389, 395], "excluded_lines": [], "start_line": 364}, "MermaidGenerator.generate": {"executed_lines": [], "summary": {"covered_lines": 0, "num_statements": 16, "percent_covered": 0.0, "percent_covered_display": "0", "missing_lines": 16, "excluded_lines": 0, "percent_statements_covered": 0.0, "percent_statements_covered_display": "0"}, "missing_lines": [402, 403, 405, 408, 409, 410, 412, 413, 416, 417, 420, 421, 422, 425, 426, 428], "excluded_lines": [], "start_line": 400}, "MermaidGenerator._get_mermaid_shape": {"executed_lines": [], "summary": {"covered_lines": 0, "num_statements": 2, "percent_covered": 0.0, "percent_covered_display": "0", "missing_lines": 2, "excluded_lines": 0, "percent_statements_covered": 0.0, "percent_statements_covered_display": "0"}, "missing_lines": [432, 439], "excluded_lines": [], "start_line": 430}, "MermaidGenerator._is_constant_true": {"executed_lines": [], "summary": {"covered_lines": 0, "num_statements": 1, "percent_covered": 0.0, "percent_covered_display": "0", "missing_lines": 1, "excluded_lines": 0, "percent_statements_covered": 0.0, "percent_statements_covered_display": "0"}, "missing_lines": [444], "excluded_lines": [], "start_line": 442}, "MermaidGenerator._contains_break": {"executed_lines": [], "summary": {"covered_lines": 0, "num_statements": 4, "percent_covered": 0.0, "percent_covered_display": "0", "missing_lines": 4, "excluded_lines": 0, "percent_statements_covered": 0.0, "percent_statements_covered_display": "0"}, "missing_lines": [448, 449, 450, 451], "excluded_lines": [], "start_line": 446}, "MermaidGenerator._get_condition_variables": {"executed_lines": [], "summary": {"covered_lines": 0, "num_statements": 5, "percent_covered": 0.0, "percent_covered_display": "0", "missing_lines": 5, "excluded_lines": 0, "percent_statements_covered": 0.0, "percent_statements_covered_display": "0"}, "missing_lines": [455, 456, 457, 458, 459], "excluded_lines": [], "start_line": 453}, "MermaidGenerator._get_modified_variables": {"executed_lines": [], "summary": {"covered_lines": 0, "num_statements": 11, "percent_covered": 0.0, "percent_covered_display": "0", "missing_lines": 11, "excluded_lines": 0, "percent_statements_covered": 0.0, "percent_statements_covered_display": "0"}, "missing_lines": [463, 464, 465, 466, 467, 468, 469, 470, 471, 472, 473], "excluded_lines": [], "start_line": 461}, "MermaidGenerator._get_target_name": {"executed_lines": [], "summary": {"covered_lines": 0, "num_statements": 3, "percent_covered": 0.0, "percent_covered_display": "0", "missing_lines": 3, "excluded_lines": 0, "percent_statements_covered": 0.0, "percent_statements_covered_display": "0"}, "missing_lines": [477, 478, 479], "excluded_lines": [], "start_line": 475}, "MermaidGenerator._is_target_overwritten_with_constant": {"executed_lines": [], "summary": {"covered_lines": 0, "num_statements": 7, "percent_covered": 0.0, "percent_covered_display": "0", "missing_lines": 7, "excluded_lines": 0, "percent_statements_covered": 0.0, "percent_statements_covered_display": "0"}, "missing_lines": [483, 484, 485, 486, 487, 488, 489], "excluded_lines": [], "start_line": 481}, "MermaidGenerator._find_node_at_line": {"executed_lines": [], "summary": {"covered_lines": 0, "num_statements": 4, "percent_covered": 0.0, "percent_covered_display": "0", "missing_lines": 4, "excluded_lines": 0, "percent_statements_covered": 0.0, "percent_statements_covered_display": "0"}, "missing_lines": [493, 494, 495, 496], "excluded_lines": [], "start_line": 491}, "": {"executed_lines": [], "summary": {"covered_lines": 0, "num_statements": 52, "percent_covered": 0.0, "percent_covered_display": "0", "missing_lines": 52, "excluded_lines": 0, "percent_statements_covered": 0.0, "percent_statements_covered_display": "0"}, "missing_lines": [13, 14, 15, 18, 19, 21, 22, 23, 24, 25, 26, 29, 30, 32, 33, 34, 37, 38, 40, 41, 42, 43, 46, 47, 49, 50, 51, 52, 53, 55, 74, 77, 106, 134, 143, 148, 191, 215, 255, 284, 330, 364, 397, 400, 430, 442, 446, 453, 461, 475, 481, 491], "excluded_lines": [], "start_line": 1}}, "classes": {"CFGNode": {"executed_lines": [], "summary": {"covered_lines": 0, "num_statements": 0, "percent_covered": 100.0, "percent_covered_display": "100", "missing_lines": 0, "excluded_lines": 0, "percent_statements_covered": 100.0, "percent_statements_covered_display": "100"}, "missing_lines": [], "excluded_lines": [], "start_line": 19}, "CFGEdge": {"executed_lines": [], "summary": {"covered_lines": 0, "num_statements": 0, "percent_covered": 100.0, "percent_covered_display": "100", "missing_lines": 0, "excluded_lines": 0, "percent_statements_covered": 100.0, "percent_statements_covered_display": "100"}, "missing_lines": [], "excluded_lines": [], "start_line": 30}, "ControlFlowIssue": {"executed_lines": [], "summary": {"covered_lines": 0, "num_statements": 0, "percent_covered": 100.0, "percent_covered_display": "100", "missing_lines": 0, "excluded_lines": 0, "percent_statements_covered": 100.0, "percent_statements_covered_display": "100"}, "missing_lines": [], "excluded_lines": [], "start_line": 38}, "ControlFlowResult": {"executed_lines": [], "summary": {"covered_lines": 0, "num_statements": 6, "percent_covered": 0.0, "percent_covered_display": "0", "missing_lines": 6, "excluded_lines": 0, "percent_statements_covered": 0.0, "percent_statements_covered_display": "0"}, "missing_lines": [58, 59, 60, 61, 63, 65], "excluded_lines": [], "start_line": 47}, "ControlFlowAnalyzer": {"executed_lines": [], "summary": {"covered_lines": 0, "num_statements": 110, "percent_covered": 0.0, "percent_covered_display": "0", "missing_lines": 110, "excluded_lines": 0, "percent_statements_covered": 0.0, "percent_statements_covered_display": "0"}, "missing_lines": [83, 85, 86, 88, 89, 90, 91, 93, 95, 96, 98, 107, 108, 110, 111, 112, 113, 120, 122, 123, 124, 125, 126, 127, 128, 129, 130, 132, 135, 136, 137, 138, 140, 141, 144, 145, 146, 150, 152, 154, 155, 156, 157, 158, 166, 167, 169, 170, 171, 179, 180, 181, 182, 189, 193, 195, 196, 197, 198, 200, 202, 203, 204, 205, 211, 213, 222, 223, 226, 227, 235, 236, 239, 241, 243, 245, 246, 247, 248, 251, 253, 257, 258, 260, 261, 266, 271, 272, 277, 282, 290, 292, 305, 312, 313, 314, 315, 318, 326, 328, 336, 337, 339, 354, 362, 372, 373, 375, 389, 395], "excluded_lines": [], "start_line": 74}, "MermaidGenerator": {"executed_lines": [], "summary": {"covered_lines": 0, "num_statements": 53, "percent_covered": 0.0, "percent_covered_display": "0", "missing_lines": 53, "excluded_lines": 0, "percent_statements_covered": 0.0, "percent_statements_covered_display": "0"}, "missing_lines": [402, 403, 405, 408, 409, 410, 412, 413, 416, 417, 420, 421, 422, 425, 426, 428, 432, 439, 444, 448, 449, 450, 451, 455, 456, 457, 458, 459, 463, 464, 465, 466, 467, 468, 469, 470, 471, 472, 473, 477, 478, 479, 483, 484, 485, 486, 487, 488, 489, 493, 494, 495, 496], "excluded_lines": [], "start_line": 397}, "": {"executed_lines": [], "summary": {"covered_lines": 0, "num_statements": 52, "percent_covered": 0.0, "percent_covered_display": "0", "missing_lines": 52, "excluded_lines": 0, "percent_statements_covered": 0.0, "percent_statements_covered_display": "0"}, "missing_lines": [13, 14, 15, 18, 19, 21, 22, 23, 24, 25, 26, 29, 30, 32, 33, 34, 37, 38, 40, 41, 42, 43, 46, 47, 49, 50, 51, 52, 53, 55, 74, 77, 106, 134, 143, 148, 191, 215, 255, 284, 330, 364, 397, 400, 430, 442, 446, 453, 461, 475, 481, 491], "excluded_lines": [], "start_line": 1}}}, "analyzers/feature_extractor.py": {"executed_lines": [16, 17, 18, 21, 22, 24, 25, 26, 27, 28, 29, 30, 31, 32, 33, 36, 37, 39, 40, 41, 42, 43, 44, 45, 46, 49, 50, 52, 53, 54, 55, 56, 58, 81, 95, 104, 114, 115, 116, 117, 119, 120, 123, 126, 127, 128, 129, 130, 131, 132, 133, 134, 136, 137, 143, 145, 146, 147, 148, 149, 150, 151, 152, 153, 154, 155, 156, 157, 158, 160, 162, 169, 175, 177, 178, 179, 180, 181, 184, 185, 186, 187, 189, 190, 191, 195, 197, 205, 206, 208, 214, 219, 220, 221, 223, 236, 242, 243, 244, 246, 247, 249, 250, 252, 254, 255, 256, 258, 259, 261, 262, 263, 265, 272, 273, 274, 276, 277, 278, 279, 280, 281, 282, 284, 286, 287, 288, 289, 290, 294], "summary": {"covered_lines": 130, "num_statements": 135, "percent_covered": 96.29629629629629, "percent_covered_display": "96", "missing_lines": 5, "excluded_lines": 0, "percent_statements_covered": 96.29629629629629, "percent_statements_covered_display": "96"}, "missing_lines": [60, 82, 283, 285, 292], "excluded_lines": [], "functions": {"FileFeatures.to_dict": {"executed_lines": [], "summary": {"covered_lines": 0, "num_statements": 1, "percent_covered": 0.0, "percent_covered_display": "0", "missing_lines": 1, "excluded_lines": 0, "percent_statements_covered": 0.0, "percent_statements_covered_display": "0"}, "missing_lines": [60], "excluded_lines": [], "start_line": 58}, "_method_to_dict": {"executed_lines": [], "summary": {"covered_lines": 0, "num_statements": 1, "percent_covered": 0.0, "percent_covered_display": "0", "missing_lines": 1, "excluded_lines": 0, "percent_statements_covered": 0.0, "percent_statements_covered_display": "0"}, "missing_lines": [82], "excluded_lines": [], "start_line": 81}, "FeatureExtractor.extract": {"executed_lines": [114, 115, 116, 117, 119, 120, 123, 126, 127, 128, 129, 130, 131, 132, 133, 134, 136, 137], "summary": {"covered_lines": 18, "num_statements": 18, "percent_covered": 100.0, "percent_covered_display": "100", "missing_lines": 0, "excluded_lines": 0, "percent_statements_covered": 100.0, "percent_statements_covered_display": "100"}, "missing_lines": [], "excluded_lines": [], "start_line": 104}, "FeatureExtractor._collect_imports": {"executed_lines": [145, 146, 147, 148, 149, 150, 151, 152, 153, 154, 155, 156, 157, 158], "summary": {"covered_lines": 14, "num_statements": 14, "percent_covered": 100.0, "percent_covered_display": "100", "missing_lines": 0, "excluded_lines": 0, "percent_statements_covered": 100.0, "percent_statements_covered_display": "100"}, "missing_lines": [], "excluded_lines": [], "start_line": 143}, "FeatureExtractor._extract_class": {"executed_lines": [162, 169, 175, 177, 178, 179, 180, 181, 184, 185, 186, 187, 189, 190, 191, 195], "summary": {"covered_lines": 16, "num_statements": 16, "percent_covered": 100.0, "percent_covered_display": "100", "missing_lines": 0, "excluded_lines": 0, "percent_statements_covered": 100.0, "percent_statements_covered_display": "100"}, "missing_lines": [], "excluded_lines": [], "start_line": 160}, "FeatureExtractor._extract_function": {"executed_lines": [205, 206, 208, 214, 219, 220, 221, 223], "summary": {"covered_lines": 8, "num_statements": 8, "percent_covered": 100.0, "percent_covered_display": "100", "missing_lines": 0, "excluded_lines": 0, "percent_statements_covered": 100.0, "percent_statements_covered_display": "100"}, "missing_lines": [], "excluded_lines": [], "start_line": 197}, "FeatureExtractor._cyclomatic_complexity": {"executed_lines": [242, 243, 244, 246, 247, 249, 250], "summary": {"covered_lines": 7, "num_statements": 7, "percent_covered": 100.0, "percent_covered_display": "100", "missing_lines": 0, "excluded_lines": 0, "percent_statements_covered": 100.0, "percent_statements_covered_display": "100"}, "missing_lines": [], "excluded_lines": [], "start_line": 236}, "FeatureExtractor._max_nesting": {"executed_lines": [254, 255, 256, 258, 259, 261, 262, 263], "summary": {"covered_lines": 8, "num_statements": 8, "percent_covered": 100.0, "percent_covered_display": "100", "missing_lines": 0, "excluded_lines": 0, "percent_statements_covered": 100.0, "percent_statements_covered_display": "100"}, "missing_lines": [], "excluded_lines": [], "start_line": 252}, "FeatureExtractor._count_calls": {"executed_lines": [272, 273, 274, 276, 277, 278, 279, 280, 281, 282, 284, 286, 287, 288, 289, 290, 294], "summary": {"covered_lines": 17, "num_statements": 20, "percent_covered": 85.0, "percent_covered_display": "85", "missing_lines": 3, "excluded_lines": 0, "percent_statements_covered": 85.0, "percent_statements_covered_display": "85"}, "missing_lines": [283, 285, 292], "excluded_lines": [], "start_line": 265}, "": {"executed_lines": [16, 17, 18, 21, 22, 24, 25, 26, 27, 28, 29, 30, 31, 32, 33, 36, 37, 39, 40, 41, 42, 43, 44, 45, 46, 49, 50, 52, 53, 54, 55, 56, 58, 81, 95, 104, 143, 160, 197, 236, 252, 265], "summary": {"covered_lines": 42, "num_statements": 42, "percent_covered": 100.0, "percent_covered_display": "100", "missing_lines": 0, "excluded_lines": 0, "percent_statements_covered": 100.0, "percent_statements_covered_display": "100"}, "missing_lines": [], "excluded_lines": [], "start_line": 1}}, "classes": {"MethodFeatures": {"executed_lines": [], "summary": {"covered_lines": 0, "num_statements": 0, "percent_covered": 100.0, "percent_covered_display": "100", "missing_lines": 0, "excluded_lines": 0, "percent_statements_covered": 100.0, "percent_statements_covered_display": "100"}, "missing_lines": [], "excluded_lines": [], "start_line": 22}, "ClassFeatures": {"executed_lines": [], "summary": {"covered_lines": 0, "num_statements": 0, "percent_covered": 100.0, "percent_covered_display": "100", "missing_lines": 0, "excluded_lines": 0, "percent_statements_covered": 100.0, "percent_statements_covered_display": "100"}, "missing_lines": [], "excluded_lines": [], "start_line": 37}, "FileFeatures": {"executed_lines": [], "summary": {"covered_lines": 0, "num_statements": 1, "percent_covered": 0.0, "percent_covered_display": "0", "missing_lines": 1, "excluded_lines": 0, "percent_statements_covered": 0.0, "percent_statements_covered_display": "0"}, "missing_lines": [60], "excluded_lines": [], "start_line": 50}, "FeatureExtractor": {"executed_lines": [114, 115, 116, 117, 119, 120, 123, 126, 127, 128, 129, 130, 131, 132, 133, 134, 136, 137, 145, 146, 147, 148, 149, 150, 151, 152, 153, 154, 155, 156, 157, 158, 162, 169, 175, 177, 178, 179, 180, 181, 184, 185, 186, 187, 189, 190, 191, 195, 205, 206, 208, 214, 219, 220, 221, 223, 242, 243, 244, 246, 247, 249, 250, 254, 255, 256, 258, 259, 261, 262, 263, 272, 273, 274, 276, 277, 278, 279, 280, 281, 282, 284, 286, 287, 288, 289, 290, 294], "summary": {"covered_lines": 88, "num_statements": 91, "percent_covered": 96.7032967032967, "percent_covered_display": "97", "missing_lines": 3, "excluded_lines": 0, "percent_statements_covered": 96.7032967032967, "percent_statements_covered_display": "97"}, "missing_lines": [283, 285, 292], "excluded_lines": [], "start_line": 95}, "": {"executed_lines": [16, 17, 18, 21, 22, 24, 25, 26, 27, 28, 29, 30, 31, 32, 33, 36, 37, 39, 40, 41, 42, 43, 44, 45, 46, 49, 50, 52, 53, 54, 55, 56, 58, 81, 95, 104, 143, 160, 197, 236, 252, 265], "summary": {"covered_lines": 42, "num_statements": 43, "percent_covered": 97.67441860465117, "percent_covered_display": "98", "missing_lines": 1, "excluded_lines": 0, "percent_statements_covered": 97.67441860465117, "percent_statements_covered_display": "98"}, "missing_lines": [82], "excluded_lines": [], "start_line": 1}}}, "analyzers/logic_analyzer.py": {"executed_lines": [6, 7, 10, 16, 25], "summary": {"covered_lines": 5, "num_statements": 14, "percent_covered": 35.714285714285715, "percent_covered_display": "36", "missing_lines": 9, "excluded_lines": 0, "percent_statements_covered": 35.714285714285715, "percent_statements_covered_display": "36"}, "missing_lines": [23, 35, 36, 38, 39, 40, 42, 43, 44], "excluded_lines": [], "functions": {"LogicAnalyzer.__init__": {"executed_lines": [], "summary": {"covered_lines": 0, "num_statements": 1, "percent_covered": 0.0, "percent_covered_display": "0", "missing_lines": 1, "excluded_lines": 0, "percent_statements_covered": 0.0, "percent_statements_covered_display": "0"}, "missing_lines": [23], "excluded_lines": [], "start_line": 16}, "LogicAnalyzer.analyze": {"executed_lines": [], "summary": {"covered_lines": 0, "num_statements": 8, "percent_covered": 0.0, "percent_covered_display": "0", "missing_lines": 8, "excluded_lines": 0, "percent_statements_covered": 0.0, "percent_statements_covered_display": "0"}, "missing_lines": [35, 36, 38, 39, 40, 42, 43, 44], "excluded_lines": [], "start_line": 25}, "": {"executed_lines": [6, 7, 10, 16, 25], "summary": {"covered_lines": 5, "num_statements": 5, "percent_covered": 100.0, "percent_covered_display": "100", "missing_lines": 0, "excluded_lines": 0, "percent_statements_covered": 100.0, "percent_statements_covered_display": "100"}, "missing_lines": [], "excluded_lines": [], "start_line": 1}}, "classes": {"LogicAnalyzer": {"executed_lines": [], "summary": {"covered_lines": 0, "num_statements": 9, "percent_covered": 0.0, "percent_covered_display": "0", "missing_lines": 9, "excluded_lines": 0, "percent_statements_covered": 0.0, "percent_statements_covered_display": "0"}, "missing_lines": [23, 35, 36, 38, 39, 40, 42, 43, 44], "excluded_lines": [], "start_line": 10}, "": {"executed_lines": [6, 7, 10, 16, 25], "summary": {"covered_lines": 5, "num_statements": 5, "percent_covered": 100.0, "percent_covered_display": "100", "missing_lines": 0, "excluded_lines": 0, "percent_statements_covered": 100.0, "percent_statements_covered_display": "100"}, "missing_lines": [], "excluded_lines": [], "start_line": 1}}}, "analyzers/optimization_analyzer.py": {"executed_lines": [6, 7, 8, 11, 17, 26, 61, 94, 122, 147, 167], "summary": {"covered_lines": 11, "num_statements": 68, "percent_covered": 16.176470588235293, "percent_covered_display": "16", "missing_lines": 57, "excluded_lines": 0, "percent_statements_covered": 16.176470588235293, "percent_statements_covered_display": "16"}, "missing_lines": [24, 36, 39, 40, 43, 44, 45, 46, 47, 48, 51, 52, 53, 54, 55, 56, 57, 59, 71, 73, 74, 77, 80, 83, 86, 88, 90, 92, 96, 97, 99, 100, 102, 103, 107, 108, 109, 112, 120, 124, 126, 127, 129, 133, 134, 137, 145, 149, 151, 152, 154, 155, 156, 163, 165, 169, 174], "excluded_lines": [], "functions": {"OptimizationAnalyzer.__init__": {"executed_lines": [], "summary": {"covered_lines": 0, "num_statements": 1, "percent_covered": 0.0, "percent_covered_display": "0", "missing_lines": 1, "excluded_lines": 0, "percent_statements_covered": 0.0, "percent_statements_covered_display": "0"}, "missing_lines": [24], "excluded_lines": [], "start_line": 17}, "OptimizationAnalyzer.suggest": {"executed_lines": [], "summary": {"covered_lines": 0, "num_statements": 17, "percent_covered": 0.0, "percent_covered_display": "0", "missing_lines": 17, "excluded_lines": 0, "percent_statements_covered": 0.0, "percent_statements_covered_display": "0"}, "missing_lines": [36, 39, 40, 43, 44, 45, 46, 47, 48, 51, 52, 53, 54, 55, 56, 57, 59], "excluded_lines": [], "start_line": 26}, "OptimizationAnalyzer._heuristic_checks": {"executed_lines": [], "summary": {"covered_lines": 0, "num_statements": 10, "percent_covered": 0.0, "percent_covered_display": "0", "missing_lines": 10, "excluded_lines": 0, "percent_statements_covered": 0.0, "percent_statements_covered_display": "0"}, "missing_lines": [71, 73, 74, 77, 80, 83, 86, 88, 90, 92], "excluded_lines": [], "start_line": 61}, "OptimizationAnalyzer._check_range_len": {"executed_lines": [], "summary": {"covered_lines": 0, "num_statements": 11, "percent_covered": 0.0, "percent_covered_display": "0", "missing_lines": 11, "excluded_lines": 0, "percent_statements_covered": 0.0, "percent_statements_covered_display": "0"}, "missing_lines": [96, 97, 99, 100, 102, 103, 107, 108, 109, 112, 120], "excluded_lines": [], "start_line": 94}, "OptimizationAnalyzer._check_list_comprehension": {"executed_lines": [], "summary": {"covered_lines": 0, "num_statements": 8, "percent_covered": 0.0, "percent_covered_display": "0", "missing_lines": 8, "excluded_lines": 0, "percent_statements_covered": 0.0, "percent_statements_covered_display": "0"}, "missing_lines": [124, 126, 127, 129, 133, 134, 137, 145], "excluded_lines": [], "start_line": 122}, "OptimizationAnalyzer._check_nested_loops": {"executed_lines": [], "summary": {"covered_lines": 0, "num_statements": 8, "percent_covered": 0.0, "percent_covered_display": "0", "missing_lines": 8, "excluded_lines": 0, "percent_statements_covered": 0.0, "percent_statements_covered_display": "0"}, "missing_lines": [149, 151, 152, 154, 155, 156, 163, 165], "excluded_lines": [], "start_line": 147}, "OptimizationAnalyzer._check_membership_testing": {"executed_lines": [], "summary": {"covered_lines": 0, "num_statements": 2, "percent_covered": 0.0, "percent_covered_display": "0", "missing_lines": 2, "excluded_lines": 0, "percent_statements_covered": 0.0, "percent_statements_covered_display": "0"}, "missing_lines": [169, 174], "excluded_lines": [], "start_line": 167}, "": {"executed_lines": [6, 7, 8, 11, 17, 26, 61, 94, 122, 147, 167], "summary": {"covered_lines": 11, "num_statements": 11, "percent_covered": 100.0, "percent_covered_display": "100", "missing_lines": 0, "excluded_lines": 0, "percent_statements_covered": 100.0, "percent_statements_covered_display": "100"}, "missing_lines": [], "excluded_lines": [], "start_line": 1}}, "classes": {"OptimizationAnalyzer": {"executed_lines": [], "summary": {"covered_lines": 0, "num_statements": 57, "percent_covered": 0.0, "percent_covered_display": "0", "missing_lines": 57, "excluded_lines": 0, "percent_statements_covered": 0.0, "percent_statements_covered_display": "0"}, "missing_lines": [24, 36, 39, 40, 43, 44, 45, 46, 47, 48, 51, 52, 53, 54, 55, 56, 57, 59, 71, 73, 74, 77, 80, 83, 86, 88, 90, 92, 96, 97, 99, 100, 102, 103, 107, 108, 109, 112, 120, 124, 126, 127, 129, 133, 134, 137, 145, 149, 151, 152, 154, 155, 156, 163, 165, 169, 174], "excluded_lines": [], "start_line": 11}, "": {"executed_lines": [6, 7, 8, 11, 17, 26, 61, 94, 122, 147, 167], "summary": {"covered_lines": 11, "num_statements": 11, "percent_covered": 100.0, "percent_covered_display": "100", "missing_lines": 0, "excluded_lines": 0, "percent_statements_covered": 100.0, "percent_statements_covered_display": "100"}, "missing_lines": [], "excluded_lines": [], "start_line": 1}}}, "analyzers/smell_detector.py": {"executed_lines": [19, 20, 21, 22, 27, 39, 40, 42, 43, 44, 45, 46, 47, 48, 49, 50, 51, 56, 68, 69, 71, 81, 82, 83, 85, 88, 89, 92, 93, 94, 95, 98, 99, 101, 103, 107, 110, 111, 113, 114, 115, 116, 117, 119, 121, 122, 123, 124, 125, 126, 132, 134, 135, 136, 137, 138, 139, 144, 146, 147, 148, 149, 150, 151, 156, 158, 159, 160, 161, 162, 163, 169, 171, 172, 173, 174, 175, 176, 177, 178, 179, 180, 185, 189, 190, 193, 194, 195, 196, 210, 226, 231, 236, 239, 240], "summary": {"covered_lines": 95, "num_statements": 98, "percent_covered": 96.93877551020408, "percent_covered_display": "97", "missing_lines": 3, "excluded_lines": 0, "percent_statements_covered": 96.93877551020408, "percent_statements_covered_display": "97"}, "missing_lines": [211, 212, 213], "excluded_lines": [], "functions": {"SmellDetector.__init__": {"executed_lines": [69], "summary": {"covered_lines": 1, "num_statements": 1, "percent_covered": 100.0, "percent_covered_display": "100", "missing_lines": 0, "excluded_lines": 0, "percent_statements_covered": 100.0, "percent_statements_covered_display": "100"}, "missing_lines": [], "excluded_lines": [], "start_line": 68}, "SmellDetector.detect": {"executed_lines": [81, 82, 83, 85, 88, 89, 92, 93, 94, 95, 98, 99], "summary": {"covered_lines": 12, "num_statements": 12, "percent_covered": 100.0, "percent_covered_display": "100", "missing_lines": 0, "excluded_lines": 0, "percent_statements_covered": 100.0, "percent_statements_covered_display": "100"}, "missing_lines": [], "excluded_lines": [], "start_line": 71}, "SmellDetector.detect_to_dict": {"executed_lines": [103], "summary": {"covered_lines": 1, "num_statements": 1, "percent_covered": 100.0, "percent_covered_display": "100", "missing_lines": 0, "excluded_lines": 0, "percent_statements_covered": 100.0, "percent_statements_covered_display": "100"}, "missing_lines": [], "excluded_lines": [], "start_line": 101}, "SmellDetector._check_method_smells": {"executed_lines": [110, 111, 113, 114, 115, 116, 117, 119], "summary": {"covered_lines": 8, "num_statements": 8, "percent_covered": 100.0, "percent_covered_display": "100", "missing_lines": 0, "excluded_lines": 0, "percent_statements_covered": 100.0, "percent_statements_covered_display": "100"}, "missing_lines": [], "excluded_lines": [], "start_line": 107}, "SmellDetector._check_long_method": {"executed_lines": [122, 123, 124, 125, 126, 132], "summary": {"covered_lines": 6, "num_statements": 6, "percent_covered": 100.0, "percent_covered_display": "100", "missing_lines": 0, "excluded_lines": 0, "percent_statements_covered": 100.0, "percent_statements_covered_display": "100"}, "missing_lines": [], "excluded_lines": [], "start_line": 121}, "SmellDetector._check_large_params": {"executed_lines": [135, 136, 137, 138, 139, 144], "summary": {"covered_lines": 6, "num_statements": 6, "percent_covered": 100.0, "percent_covered_display": "100", "missing_lines": 0, "excluded_lines": 0, "percent_statements_covered": 100.0, "percent_statements_covered_display": "100"}, "missing_lines": [], "excluded_lines": [], "start_line": 134}, "SmellDetector._check_deep_nesting": {"executed_lines": [147, 148, 149, 150, 151, 156], "summary": {"covered_lines": 6, "num_statements": 6, "percent_covered": 100.0, "percent_covered_display": "100", "missing_lines": 0, "excluded_lines": 0, "percent_statements_covered": 100.0, "percent_statements_covered_display": "100"}, "missing_lines": [], "excluded_lines": [], "start_line": 146}, "SmellDetector._check_high_complexity": {"executed_lines": [159, 160, 161, 162, 163, 169], "summary": {"covered_lines": 6, "num_statements": 6, "percent_covered": 100.0, "percent_covered_display": "100", "missing_lines": 0, "excluded_lines": 0, "percent_statements_covered": 100.0, "percent_statements_covered_display": "100"}, "missing_lines": [], "excluded_lines": [], "start_line": 158}, "SmellDetector._check_feature_envy": {"executed_lines": [172, 173, 174, 175, 176, 177, 178, 179, 180, 185], "summary": {"covered_lines": 10, "num_statements": 10, "percent_covered": 100.0, "percent_covered_display": "100", "missing_lines": 0, "excluded_lines": 0, "percent_statements_covered": 100.0, "percent_statements_covered_display": "100"}, "missing_lines": [], "excluded_lines": [], "start_line": 171}, "SmellDetector._check_class_smells": {"executed_lines": [190, 193, 194, 195, 196, 210, 226], "summary": {"covered_lines": 7, "num_statements": 10, "percent_covered": 70.0, "percent_covered_display": "70", "missing_lines": 3, "excluded_lines": 0, "percent_statements_covered": 70.0, "percent_statements_covered_display": "70"}, "missing_lines": [211, 212, 213], "excluded_lines": [], "start_line": 189}, "_sigmoid": {"executed_lines": [236], "summary": {"covered_lines": 1, "num_statements": 1, "percent_covered": 100.0, "percent_covered_display": "100", "missing_lines": 0, "excluded_lines": 0, "percent_statements_covered": 100.0, "percent_statements_covered_display": "100"}, "missing_lines": [], "excluded_lines": [], "start_line": 231}, "_smell_to_dict": {"executed_lines": [240], "summary": {"covered_lines": 1, "num_statements": 1, "percent_covered": 100.0, "percent_covered_display": "100", "missing_lines": 0, "excluded_lines": 0, "percent_statements_covered": 100.0, "percent_statements_covered_display": "100"}, "missing_lines": [], "excluded_lines": [], "start_line": 239}, "": {"executed_lines": [19, 20, 21, 22, 27, 39, 40, 42, 43, 44, 45, 46, 47, 48, 49, 50, 51, 56, 68, 71, 101, 107, 121, 134, 146, 158, 171, 189, 231, 239], "summary": {"covered_lines": 30, "num_statements": 30, "percent_covered": 100.0, "percent_covered_display": "100", "missing_lines": 0, "excluded_lines": 0, "percent_statements_covered": 100.0, "percent_statements_covered_display": "100"}, "missing_lines": [], "excluded_lines": [], "start_line": 1}}, "classes": {"SmellResult": {"executed_lines": [], "summary": {"covered_lines": 0, "num_statements": 0, "percent_covered": 100.0, "percent_covered_display": "100", "missing_lines": 0, "excluded_lines": 0, "percent_statements_covered": 100.0, "percent_statements_covered_display": "100"}, "missing_lines": [], "excluded_lines": [], "start_line": 40}, "SmellDetector": {"executed_lines": [69, 81, 82, 83, 85, 88, 89, 92, 93, 94, 95, 98, 99, 103, 110, 111, 113, 114, 115, 116, 117, 119, 122, 123, 124, 125, 126, 132, 135, 136, 137, 138, 139, 144, 147, 148, 149, 150, 151, 156, 159, 160, 161, 162, 163, 169, 172, 173, 174, 175, 176, 177, 178, 179, 180, 185, 190, 193, 194, 195, 196, 210, 226], "summary": {"covered_lines": 63, "num_statements": 66, "percent_covered": 95.45454545454545, "percent_covered_display": "95", "missing_lines": 3, "excluded_lines": 0, "percent_statements_covered": 95.45454545454545, "percent_statements_covered_display": "95"}, "missing_lines": [211, 212, 213], "excluded_lines": [], "start_line": 56}, "": {"executed_lines": [19, 20, 21, 22, 27, 39, 40, 42, 43, 44, 45, 46, 47, 48, 49, 50, 51, 56, 68, 71, 101, 107, 121, 134, 146, 158, 171, 189, 231, 236, 239, 240], "summary": {"covered_lines": 32, "num_statements": 32, "percent_covered": 100.0, "percent_covered_display": "100", "missing_lines": 0, "excluded_lines": 0, "percent_statements_covered": 100.0, "percent_statements_covered_display": "100"}, "missing_lines": [], "excluded_lines": [], "start_line": 1}}}, "analyzers/universal_ast_analyzer.py": {"executed_lines": [], "summary": {"covered_lines": 0, "num_statements": 174, "percent_covered": 0.0, "percent_covered_display": "0", "missing_lines": 174, "excluded_lines": 0, "percent_statements_covered": 0.0, "percent_statements_covered_display": "0"}, "missing_lines": [10, 11, 12, 15, 16, 17, 18, 19, 22, 23, 25, 26, 27, 28, 31, 41, 49, 56, 57, 59, 60, 62, 72, 73, 74, 75, 77, 79, 81, 82, 83, 84, 85, 95, 97, 98, 100, 101, 102, 103, 104, 114, 124, 125, 126, 127, 129, 131, 133, 134, 135, 136, 138, 140, 141, 143, 144, 145, 146, 153, 155, 157, 158, 160, 161, 162, 163, 165, 167, 169, 170, 172, 175, 176, 178, 180, 181, 182, 183, 191, 192, 195, 196, 197, 198, 206, 207, 208, 209, 210, 211, 212, 214, 215, 217, 219, 220, 222, 223, 226, 227, 228, 229, 230, 231, 232, 233, 235, 237, 239, 241, 243, 244, 245, 246, 248, 258, 259, 260, 261, 263, 265, 267, 268, 269, 270, 272, 274, 275, 276, 277, 278, 279, 280, 281, 282, 288, 290, 292, 294, 295, 297, 298, 299, 300, 302, 304, 305, 307, 309, 310, 311, 312, 314, 315, 317, 318, 319, 320, 321, 323, 324, 326, 328, 330, 331, 333, 334, 335, 336, 337, 338, 339, 345], "excluded_lines": [], "functions": {"UniversalASTAnalyzer.__init__": {"executed_lines": [], "summary": {"covered_lines": 0, "num_statements": 4, "percent_covered": 0.0, "percent_covered_display": "0", "missing_lines": 4, "excluded_lines": 0, "percent_statements_covered": 0.0, "percent_statements_covered_display": "0"}, "missing_lines": [56, 57, 59, 60], "excluded_lines": [], "start_line": 49}, "UniversalASTAnalyzer.check_syntax": {"executed_lines": [], "summary": {"covered_lines": 0, "num_statements": 5, "percent_covered": 0.0, "percent_covered_display": "0", "missing_lines": 5, "excluded_lines": 0, "percent_statements_covered": 0.0, "percent_statements_covered_display": "0"}, "missing_lines": [72, 73, 74, 75, 77], "excluded_lines": [], "start_line": 62}, "UniversalASTAnalyzer._check_python_syntax": {"executed_lines": [], "summary": {"covered_lines": 0, "num_statements": 5, "percent_covered": 0.0, "percent_covered_display": "0", "missing_lines": 5, "excluded_lines": 0, "percent_statements_covered": 0.0, "percent_statements_covered_display": "0"}, "missing_lines": [81, 82, 83, 84, 85], "excluded_lines": [], "start_line": 79}, "UniversalASTAnalyzer._check_javascript_syntax": {"executed_lines": [], "summary": {"covered_lines": 0, "num_statements": 7, "percent_covered": 0.0, "percent_covered_display": "0", "missing_lines": 7, "excluded_lines": 0, "percent_statements_covered": 0.0, "percent_statements_covered_display": "0"}, "missing_lines": [97, 98, 100, 101, 102, 103, 104], "excluded_lines": [], "start_line": 95}, "UniversalASTAnalyzer.find_infinite_loops": {"executed_lines": [], "summary": {"covered_lines": 0, "num_statements": 5, "percent_covered": 0.0, "percent_covered_display": "0", "missing_lines": 5, "excluded_lines": 0, "percent_statements_covered": 0.0, "percent_statements_covered_display": "0"}, "missing_lines": [124, 125, 126, 127, 129], "excluded_lines": [], "start_line": 114}, "UniversalASTAnalyzer._find_python_infinite_loops": {"executed_lines": [], "summary": {"covered_lines": 0, "num_statements": 12, "percent_covered": 0.0, "percent_covered_display": "0", "missing_lines": 12, "excluded_lines": 0, "percent_statements_covered": 0.0, "percent_statements_covered_display": "0"}, "missing_lines": [133, 134, 135, 136, 138, 140, 141, 143, 144, 145, 146, 153], "excluded_lines": [], "start_line": 131}, "UniversalASTAnalyzer._find_javascript_infinite_loops": {"executed_lines": [], "summary": {"covered_lines": 0, "num_statements": 10, "percent_covered": 0.0, "percent_covered_display": "0", "missing_lines": 10, "excluded_lines": 0, "percent_statements_covered": 0.0, "percent_statements_covered_display": "0"}, "missing_lines": [157, 158, 160, 161, 162, 163, 165, 167, 214, 215], "excluded_lines": [], "start_line": 155}, "UniversalASTAnalyzer._find_javascript_infinite_loops.traverse": {"executed_lines": [], "summary": {"covered_lines": 0, "num_statements": 23, "percent_covered": 0.0, "percent_covered_display": "0", "missing_lines": 23, "excluded_lines": 0, "percent_statements_covered": 0.0, "percent_statements_covered_display": "0"}, "missing_lines": [169, 170, 172, 175, 176, 178, 180, 181, 182, 183, 191, 192, 195, 196, 197, 198, 206, 207, 208, 209, 210, 211, 212], "excluded_lines": [], "start_line": 167}, "UniversalASTAnalyzer._js_has_break": {"executed_lines": [], "summary": {"covered_lines": 0, "num_statements": 13, "percent_covered": 0.0, "percent_covered_display": "0", "missing_lines": 13, "excluded_lines": 0, "percent_statements_covered": 0.0, "percent_statements_covered_display": "0"}, "missing_lines": [219, 220, 222, 223, 226, 227, 228, 229, 230, 231, 232, 233, 235], "excluded_lines": [], "start_line": 217}, "UniversalASTAnalyzer._is_constant_true": {"executed_lines": [], "summary": {"covered_lines": 0, "num_statements": 1, "percent_covered": 0.0, "percent_covered_display": "0", "missing_lines": 1, "excluded_lines": 0, "percent_statements_covered": 0.0, "percent_statements_covered_display": "0"}, "missing_lines": [239], "excluded_lines": [], "start_line": 237}, "UniversalASTAnalyzer._contains_break": {"executed_lines": [], "summary": {"covered_lines": 0, "num_statements": 4, "percent_covered": 0.0, "percent_covered_display": "0", "missing_lines": 4, "excluded_lines": 0, "percent_statements_covered": 0.0, "percent_statements_covered_display": "0"}, "missing_lines": [243, 244, 245, 246], "excluded_lines": [], "start_line": 241}, "UniversalASTAnalyzer.find_unreachable_code": {"executed_lines": [], "summary": {"covered_lines": 0, "num_statements": 5, "percent_covered": 0.0, "percent_covered_display": "0", "missing_lines": 5, "excluded_lines": 0, "percent_statements_covered": 0.0, "percent_statements_covered_display": "0"}, "missing_lines": [258, 259, 260, 261, 263], "excluded_lines": [], "start_line": 248}, "UniversalASTAnalyzer._find_python_unreachable": {"executed_lines": [], "summary": {"covered_lines": 0, "num_statements": 16, "percent_covered": 0.0, "percent_covered_display": "0", "missing_lines": 16, "excluded_lines": 0, "percent_statements_covered": 0.0, "percent_statements_covered_display": "0"}, "missing_lines": [267, 268, 269, 270, 272, 274, 275, 276, 277, 278, 279, 280, 281, 282, 288, 290], "excluded_lines": [], "start_line": 265}, "UniversalASTAnalyzer._find_javascript_unreachable": {"executed_lines": [], "summary": {"covered_lines": 0, "num_statements": 10, "percent_covered": 0.0, "percent_covered_display": "0", "missing_lines": 10, "excluded_lines": 0, "percent_statements_covered": 0.0, "percent_statements_covered_display": "0"}, "missing_lines": [294, 295, 297, 298, 299, 300, 302, 304, 323, 324], "excluded_lines": [], "start_line": 292}, "UniversalASTAnalyzer._find_javascript_unreachable.traverse": {"executed_lines": [], "summary": {"covered_lines": 0, "num_statements": 13, "percent_covered": 0.0, "percent_covered_display": "0", "missing_lines": 13, "excluded_lines": 0, "percent_statements_covered": 0.0, "percent_statements_covered_display": "0"}, "missing_lines": [305, 307, 309, 310, 311, 312, 314, 315, 317, 318, 319, 320, 321], "excluded_lines": [], "start_line": 304}, "UniversalASTAnalyzer._check_js_block": {"executed_lines": [], "summary": {"covered_lines": 0, "num_statements": 11, "percent_covered": 0.0, "percent_covered_display": "0", "missing_lines": 11, "excluded_lines": 0, "percent_statements_covered": 0.0, "percent_statements_covered_display": "0"}, "missing_lines": [328, 330, 331, 333, 334, 335, 336, 337, 338, 339, 345], "excluded_lines": [], "start_line": 326}, "": {"executed_lines": [], "summary": {"covered_lines": 0, "num_statements": 30, "percent_covered": 0.0, "percent_covered_display": "0", "missing_lines": 30, "excluded_lines": 0, "percent_statements_covered": 0.0, "percent_statements_covered_display": "0"}, "missing_lines": [10, 11, 12, 15, 16, 17, 18, 19, 22, 23, 25, 26, 27, 28, 31, 41, 49, 62, 79, 95, 114, 131, 155, 217, 237, 241, 248, 265, 292, 326], "excluded_lines": [], "start_line": 1}}, "classes": {"CodeSyntaxError": {"executed_lines": [], "summary": {"covered_lines": 0, "num_statements": 0, "percent_covered": 100.0, "percent_covered_display": "100", "missing_lines": 0, "excluded_lines": 0, "percent_statements_covered": 100.0, "percent_statements_covered_display": "100"}, "missing_lines": [], "excluded_lines": [], "start_line": 23}, "UniversalASTAnalyzer": {"executed_lines": [], "summary": {"covered_lines": 0, "num_statements": 144, "percent_covered": 0.0, "percent_covered_display": "0", "missing_lines": 144, "excluded_lines": 0, "percent_statements_covered": 0.0, "percent_statements_covered_display": "0"}, "missing_lines": [56, 57, 59, 60, 72, 73, 74, 75, 77, 81, 82, 83, 84, 85, 97, 98, 100, 101, 102, 103, 104, 124, 125, 126, 127, 129, 133, 134, 135, 136, 138, 140, 141, 143, 144, 145, 146, 153, 157, 158, 160, 161, 162, 163, 165, 167, 169, 170, 172, 175, 176, 178, 180, 181, 182, 183, 191, 192, 195, 196, 197, 198, 206, 207, 208, 209, 210, 211, 212, 214, 215, 219, 220, 222, 223, 226, 227, 228, 229, 230, 231, 232, 233, 235, 239, 243, 244, 245, 246, 258, 259, 260, 261, 263, 267, 268, 269, 270, 272, 274, 275, 276, 277, 278, 279, 280, 281, 282, 288, 290, 294, 295, 297, 298, 299, 300, 302, 304, 305, 307, 309, 310, 311, 312, 314, 315, 317, 318, 319, 320, 321, 323, 324, 328, 330, 331, 333, 334, 335, 336, 337, 338, 339, 345], "excluded_lines": [], "start_line": 31}, "": {"executed_lines": [], "summary": {"covered_lines": 0, "num_statements": 30, "percent_covered": 0.0, "percent_covered_display": "0", "missing_lines": 30, "excluded_lines": 0, "percent_statements_covered": 0.0, "percent_statements_covered_display": "0"}, "missing_lines": [10, 11, 12, 15, 16, 17, 18, 19, 22, 23, 25, 26, 27, 28, 31, 41, 49, 62, 79, 95, 114, 131, 155, 217, 237, 241, 248, 265, 292, 326], "excluded_lines": [], "start_line": 1}}}, "chat_handler.py": {"executed_lines": [], "summary": {"covered_lines": 0, "num_statements": 69, "percent_covered": 0.0, "percent_covered_display": "0", "missing_lines": 69, "excluded_lines": 0, "percent_statements_covered": 0.0, "percent_statements_covered_display": "0"}, "missing_lines": [6, 7, 8, 11, 13, 14, 17, 19, 20, 21, 24, 27, 35, 36, 37, 39, 49, 51, 61, 62, 63, 64, 65, 66, 69, 70, 71, 72, 73, 76, 77, 78, 79, 82, 83, 84, 85, 86, 88, 90, 102, 119, 122, 123, 124, 127, 128, 130, 132, 143, 144, 150, 151, 153, 155, 156, 157, 158, 159, 161, 173, 176, 178, 180, 182, 183, 184, 185, 186], "excluded_lines": [], "functions": {"ChatHandler.__init__": {"executed_lines": [], "summary": {"covered_lines": 0, "num_statements": 3, "percent_covered": 0.0, "percent_covered_display": "0", "missing_lines": 3, "excluded_lines": 0, "percent_statements_covered": 0.0, "percent_statements_covered_display": "0"}, "missing_lines": [35, 36, 37], "excluded_lines": [], "start_line": 27}, "ChatHandler._build_context_prompt": {"executed_lines": [], "summary": {"covered_lines": 0, "num_statements": 23, "percent_covered": 0.0, "percent_covered_display": "0", "missing_lines": 23, "excluded_lines": 0, "percent_statements_covered": 0.0, "percent_statements_covered_display": "0"}, "missing_lines": [49, 51, 61, 62, 63, 64, 65, 66, 69, 70, 71, 72, 73, 76, 77, 78, 79, 82, 83, 84, 85, 86, 88], "excluded_lines": [], "start_line": 39}, "ChatHandler._generate_response": {"executed_lines": [], "summary": {"covered_lines": 0, "num_statements": 19, "percent_covered": 0.0, "percent_covered_display": "0", "missing_lines": 19, "excluded_lines": 0, "percent_statements_covered": 0.0, "percent_statements_covered_display": "0"}, "missing_lines": [102, 119, 122, 123, 124, 127, 128, 130, 132, 143, 144, 150, 151, 153, 155, 156, 157, 158, 159], "excluded_lines": [], "start_line": 90}, "ChatHandler.chat": {"executed_lines": [], "summary": {"covered_lines": 0, "num_statements": 3, "percent_covered": 0.0, "percent_covered_display": "0", "missing_lines": 3, "excluded_lines": 0, "percent_statements_covered": 0.0, "percent_statements_covered_display": "0"}, "missing_lines": [173, 176, 178], "excluded_lines": [], "start_line": 161}, "ChatHandler.is_available": {"executed_lines": [], "summary": {"covered_lines": 0, "num_statements": 5, "percent_covered": 0.0, "percent_covered_display": "0", "missing_lines": 5, "excluded_lines": 0, "percent_statements_covered": 0.0, "percent_statements_covered_display": "0"}, "missing_lines": [182, 183, 184, 185, 186], "excluded_lines": [], "start_line": 180}, "": {"executed_lines": [], "summary": {"covered_lines": 0, "num_statements": 16, "percent_covered": 0.0, "percent_covered_display": "0", "missing_lines": 16, "excluded_lines": 0, "percent_statements_covered": 0.0, "percent_statements_covered_display": "0"}, "missing_lines": [6, 7, 8, 11, 13, 14, 17, 19, 20, 21, 24, 27, 39, 90, 161, 180], "excluded_lines": [], "start_line": 1}}, "classes": {"ChatMessage": {"executed_lines": [], "summary": {"covered_lines": 0, "num_statements": 0, "percent_covered": 100.0, "percent_covered_display": "100", "missing_lines": 0, "excluded_lines": 0, "percent_statements_covered": 100.0, "percent_statements_covered_display": "100"}, "missing_lines": [], "excluded_lines": [], "start_line": 11}, "ChatContext": {"executed_lines": [], "summary": {"covered_lines": 0, "num_statements": 0, "percent_covered": 100.0, "percent_covered_display": "100", "missing_lines": 0, "excluded_lines": 0, "percent_statements_covered": 100.0, "percent_statements_covered_display": "100"}, "missing_lines": [], "excluded_lines": [], "start_line": 17}, "ChatHandler": {"executed_lines": [], "summary": {"covered_lines": 0, "num_statements": 53, "percent_covered": 0.0, "percent_covered_display": "0", "missing_lines": 53, "excluded_lines": 0, "percent_statements_covered": 0.0, "percent_statements_covered_display": "0"}, "missing_lines": [35, 36, 37, 49, 51, 61, 62, 63, 64, 65, 66, 69, 70, 71, 72, 73, 76, 77, 78, 79, 82, 83, 84, 85, 86, 88, 102, 119, 122, 123, 124, 127, 128, 130, 132, 143, 144, 150, 151, 153, 155, 156, 157, 158, 159, 173, 176, 178, 182, 183, 184, 185, 186], "excluded_lines": [], "start_line": 24}, "": {"executed_lines": [], "summary": {"covered_lines": 0, "num_statements": 16, "percent_covered": 0.0, "percent_covered_display": "0", "missing_lines": 16, "excluded_lines": 0, "percent_statements_covered": 0.0, "percent_statements_covered_display": "0"}, "missing_lines": [6, 7, 8, 11, 13, 14, 17, 19, 20, 21, 24, 27, 39, 90, 161, 180], "excluded_lines": [], "start_line": 1}}}, "config.py": {"executed_lines": [6, 7, 10, 15, 18, 19, 20, 23, 24, 25, 26, 29, 32, 33, 34, 36, 37, 38, 42], "summary": {"covered_lines": 19, "num_statements": 19, "percent_covered": 100.0, "percent_covered_display": "100", "missing_lines": 0, "excluded_lines": 0, "percent_statements_covered": 100.0, "percent_statements_covered_display": "100"}, "missing_lines": [], "excluded_lines": [], "functions": {"": {"executed_lines": [6, 7, 10, 15, 18, 19, 20, 23, 24, 25, 26, 29, 32, 33, 34, 36, 37, 38, 42], "summary": {"covered_lines": 19, "num_statements": 19, "percent_covered": 100.0, "percent_covered_display": "100", "missing_lines": 0, "excluded_lines": 0, "percent_statements_covered": 100.0, "percent_statements_covered_display": "100"}, "missing_lines": [], "excluded_lines": [], "start_line": 1}}, "classes": {"Settings": {"executed_lines": [], "summary": {"covered_lines": 0, "num_statements": 0, "percent_covered": 100.0, "percent_covered_display": "100", "missing_lines": 0, "excluded_lines": 0, "percent_statements_covered": 100.0, "percent_statements_covered_display": "100"}, "missing_lines": [], "excluded_lines": [], "start_line": 10}, "Settings.Config": {"executed_lines": [], "summary": {"covered_lines": 0, "num_statements": 0, "percent_covered": 100.0, "percent_covered_display": "100", "missing_lines": 0, "excluded_lines": 0, "percent_statements_covered": 100.0, "percent_statements_covered_display": "100"}, "missing_lines": [], "excluded_lines": [], "start_line": 36}, "": {"executed_lines": [6, 7, 10, 15, 18, 19, 20, 23, 24, 25, 26, 29, 32, 33, 34, 36, 37, 38, 42], "summary": {"covered_lines": 19, "num_statements": 19, "percent_covered": 100.0, "percent_covered_display": "100", "missing_lines": 0, "excluded_lines": 0, "percent_statements_covered": 100.0, "percent_statements_covered_display": "100"}, "missing_lines": [], "excluded_lines": [], "start_line": 1}}}, "debug_analyzer.py": {"executed_lines": [], "summary": {"covered_lines": 0, "num_statements": 15, "percent_covered": 0.0, "percent_covered_display": "0", "missing_lines": 15, "excluded_lines": 0, "percent_statements_covered": 0.0, "percent_statements_covered_display": "0"}, "missing_lines": [2, 3, 4, 6, 8, 13, 14, 15, 16, 17, 18, 19, 20, 21, 22], "excluded_lines": [], "functions": {"": {"executed_lines": [], "summary": {"covered_lines": 0, "num_statements": 15, "percent_covered": 0.0, "percent_covered_display": "0", "missing_lines": 15, "excluded_lines": 0, "percent_statements_covered": 0.0, "percent_statements_covered_display": "0"}, "missing_lines": [2, 3, 4, 6, 8, 13, 14, 15, 16, 17, 18, 19, 20, 21, 22], "excluded_lines": [], "start_line": 1}}, "classes": {"": {"executed_lines": [], "summary": {"covered_lines": 0, "num_statements": 15, "percent_covered": 0.0, "percent_covered_display": "0", "missing_lines": 15, "excluded_lines": 0, "percent_statements_covered": 0.0, "percent_statements_covered_display": "0"}, "missing_lines": [2, 3, 4, 6, 8, 13, 14, 15, 16, 17, 18, 19, 20, 21, 22], "excluded_lines": [], "start_line": 1}}}, "debug_orchestrator.py": {"executed_lines": [], "summary": {"covered_lines": 0, "num_statements": 22, "percent_covered": 0.0, "percent_covered_display": "0", "missing_lines": 22, "excluded_lines": 0, "percent_statements_covered": 0.0, "percent_statements_covered_display": "0"}, "missing_lines": [2, 3, 4, 6, 11, 12, 13, 14, 15, 16, 17, 18, 20, 21, 22, 23, 24, 25, 26, 27, 28, 30], "excluded_lines": [], "functions": {"": {"executed_lines": [], "summary": {"covered_lines": 0, "num_statements": 22, "percent_covered": 0.0, "percent_covered_display": "0", "missing_lines": 22, "excluded_lines": 0, "percent_statements_covered": 0.0, "percent_statements_covered_display": "0"}, "missing_lines": [2, 3, 4, 6, 11, 12, 13, 14, 15, 16, 17, 18, 20, 21, 22, 23, 24, 25, 26, 27, 28, 30], "excluded_lines": [], "start_line": 1}}, "classes": {"": {"executed_lines": [], "summary": {"covered_lines": 0, "num_statements": 22, "percent_covered": 0.0, "percent_covered_display": "0", "missing_lines": 22, "excluded_lines": 0, "percent_statements_covered": 0.0, "percent_statements_covered_display": "0"}, "missing_lines": [2, 3, 4, 6, 11, 12, 13, 14, 15, 16, 17, 18, 20, 21, 22, 23, 24, 25, 26, 27, 28, 30], "excluded_lines": [], "start_line": 1}}}, "demo.py": {"executed_lines": [], "summary": {"covered_lines": 0, "num_statements": 90, "percent_covered": 0.0, "percent_covered_display": "0", "missing_lines": 90, "excluded_lines": 0, "percent_statements_covered": 0.0, "percent_statements_covered_display": "0"}, "missing_lines": [6, 7, 8, 10, 12, 14, 15, 16, 18, 20, 21, 22, 23, 24, 26, 27, 37, 38, 39, 41, 42, 44, 45, 47, 50, 53, 54, 55, 57, 58, 59, 60, 63, 64, 65, 66, 67, 68, 69, 71, 74, 75, 76, 77, 78, 80, 83, 84, 85, 86, 87, 88, 89, 90, 92, 95, 102, 104, 105, 106, 107, 108, 114, 116, 120, 126, 128, 132, 138, 140, 145, 151, 153, 161, 167, 169, 175, 181, 183, 191, 197, 199, 200, 201, 202, 203, 204, 205, 206, 207], "excluded_lines": [], "functions": {"print_section": {"executed_lines": [], "summary": {"covered_lines": 0, "num_statements": 3, "percent_covered": 0.0, "percent_covered_display": "0", "missing_lines": 3, "excluded_lines": 0, "percent_statements_covered": 0.0, "percent_statements_covered_display": "0"}, "missing_lines": [14, 15, 16], "excluded_lines": [], "start_line": 12}, "review_code": {"executed_lines": [], "summary": {"covered_lines": 0, "num_statements": 15, "percent_covered": 0.0, "percent_covered_display": "0", "missing_lines": 15, "excluded_lines": 0, "percent_statements_covered": 0.0, "percent_statements_covered_display": "0"}, "missing_lines": [20, 21, 22, 23, 24, 26, 27, 37, 38, 39, 41, 42, 44, 45, 47], "excluded_lines": [], "start_line": 18}, "print_review_result": {"executed_lines": [], "summary": {"covered_lines": 0, "num_statements": 31, "percent_covered": 0.0, "percent_covered_display": "0", "missing_lines": 31, "excluded_lines": 0, "percent_statements_covered": 0.0, "percent_statements_covered_display": "0"}, "missing_lines": [53, 54, 55, 57, 58, 59, 60, 63, 64, 65, 66, 67, 68, 69, 71, 74, 75, 76, 77, 78, 80, 83, 84, 85, 86, 87, 88, 89, 90, 92, 95], "excluded_lines": [], "start_line": 50}, "": {"executed_lines": [], "summary": {"covered_lines": 0, "num_statements": 41, "percent_covered": 0.0, "percent_covered_display": "0", "missing_lines": 41, "excluded_lines": 0, "percent_statements_covered": 0.0, "percent_statements_covered_display": "0"}, "missing_lines": [6, 7, 8, 10, 12, 18, 50, 102, 104, 105, 106, 107, 108, 114, 116, 120, 126, 128, 132, 138, 140, 145, 151, 153, 161, 167, 169, 175, 181, 183, 191, 197, 199, 200, 201, 202, 203, 204, 205, 206, 207], "excluded_lines": [], "start_line": 1}}, "classes": {"": {"executed_lines": [], "summary": {"covered_lines": 0, "num_statements": 90, "percent_covered": 0.0, "percent_covered_display": "0", "missing_lines": 90, "excluded_lines": 0, "percent_statements_covered": 0.0, "percent_statements_covered_display": "0"}, "missing_lines": [6, 7, 8, 10, 12, 14, 15, 16, 18, 20, 21, 22, 23, 24, 26, 27, 37, 38, 39, 41, 42, 44, 45, 47, 50, 53, 54, 55, 57, 58, 59, 60, 63, 64, 65, 66, 67, 68, 69, 71, 74, 75, 76, 77, 78, 80, 83, 84, 85, 86, 87, 88, 89, 90, 92, 95, 102, 104, 105, 106, 107, 108, 114, 116, 120, 126, 128, 132, 138, 140, 145, 151, 153, 161, 167, 169, 175, 181, 183, 191, 197, 199, 200, 201,
[...]
ent_covered_display": "100", "missing_lines": 0, "excluded_lines": 0, "percent_statements_covered": 100.0, "percent_statements_covered_display": "100"}, "missing_lines": [], "excluded_lines": [], "start_line": 99}, "test_results_sorted_by_confidence_desc": {"executed_lines": [121, 122], "summary": {"covered_lines": 2, "num_statements": 4, "percent_covered": 50.0, "percent_covered_display": "50", "missing_lines": 2, "excluded_lines": 0, "percent_statements_covered": 50.0, "percent_statements_covered_display": "50"}, "missing_lines": [123, 124], "excluded_lines": [], "start_line": 120}, "test_confidence_in_range": {"executed_lines": [127, 128, 129], "summary": {"covered_lines": 3, "num_statements": 3, "percent_covered": 100.0, "percent_covered_display": "100", "missing_lines": 0, "excluded_lines": 0, "percent_statements_covered": 100.0, "percent_statements_covered_display": "100"}, "missing_lines": [], "excluded_lines": [], "start_line": 126}, "test_severity_valid_values": {"executed_lines": [132, 133, 134], "summary": {"covered_lines": 3, "num_statements": 3, "percent_covered": 100.0, "percent_covered_display": "100", "missing_lines": 0, "excluded_lines": 0, "percent_statements_covered": 100.0, "percent_statements_covered_display": "100"}, "missing_lines": [], "excluded_lines": [], "start_line": 131}, "test_detect_to_dict_has_required_keys": {"executed_lines": [137, 138, 141, 142], "summary": {"covered_lines": 4, "num_statements": 4, "percent_covered": 100.0, "percent_covered_display": "100", "missing_lines": 0, "excluded_lines": 0, "percent_statements_covered": 100.0, "percent_statements_covered_display": "100"}, "missing_lines": [], "excluded_lines": [], "start_line": 136}, "test_line_numbers_valid": {"executed_lines": [145, 146, 147, 148], "summary": {"covered_lines": 4, "num_statements": 4, "percent_covered": 100.0, "percent_covered_display": "100", "missing_lines": 0, "excluded_lines": 0, "percent_statements_covered": 100.0, "percent_statements_covered_display": "100"}, "missing_lines": [], "excluded_lines": [], "start_line": 144}, "test_invalid_code_raises_error": {"executed_lines": [151, 152], "summary": {"covered_lines": 2, "num_statements": 2, "percent_covered": 100.0, "percent_covered_display": "100", "missing_lines": 0, "excluded_lines": 0, "percent_statements_covered": 100.0, "percent_statements_covered_display": "100"}, "missing_lines": [], "excluded_lines": [], "start_line": 150}, "test_empty_code_returns_empty": {"executed_lines": [155, 156], "summary": {"covered_lines": 2, "num_statements": 2, "percent_covered": 100.0, "percent_covered_display": "100", "missing_lines": 0, "excluded_lines": 0, "percent_statements_covered": 100.0, "percent_statements_covered_display": "100"}, "missing_lines": [], "excluded_lines": [], "start_line": 154}, "": {"executed_lines": [8, 14, 18, 25, 30, 35, 42, 47, 52, 60, 65, 73, 78, 86, 91, 99, 120, 126, 131, 136, 144, 150, 154], "summary": {"covered_lines": 23, "num_statements": 23, "percent_covered": 100.0, "percent_covered_display": "100", "missing_lines": 0, "excluded_lines": 0, "percent_statements_covered": 100.0, "percent_statements_covered_display": "100"}, "missing_lines": [], "excluded_lines": [], "start_line": 1}}, "classes": {"": {"executed_lines": [8, 14, 15, 16, 18, 19, 20, 21, 25, 26, 27, 28, 30, 31, 32, 33, 35, 36, 37, 38, 42, 43, 44, 45, 47, 48, 49, 50, 52, 53, 54, 55, 56, 60, 61, 62, 63, 65, 66, 67, 68, 69, 73, 74, 75, 76, 78, 79, 80, 81, 82, 86, 87, 88, 89, 91, 92, 93, 94, 95, 99, 100, 112, 113, 116, 120, 121, 122, 126, 127, 128, 129, 131, 132, 133, 134, 136, 137, 138, 141, 142, 144, 145, 146, 147, 148, 150, 151, 152, 154, 155, 156], "summary": {"covered_lines": 92, "num_statements": 94, "percent_covered": 97.87234042553192, "percent_covered_display": "98", "missing_lines": 2, "excluded_lines": 0, "percent_statements_covered": 97.87234042553192, "percent_statements_covered_display": "98"}, "missing_lines": [123, 124], "excluded_lines": [], "start_line": 1}}}, "tests/test_sprint_risk_model.py": {"executed_lines": [], "summary": {"covered_lines": 0, "num_statements": 75, "percent_covered": 0.0, "percent_covered_display": "0", "missing_lines": 75, "excluded_lines": 0, "percent_statements_covered": 0.0, "percent_statements_covered_display": "0"}, "missing_lines": [12, 18, 20, 21, 22, 23, 24, 26, 28, 29, 30, 34, 36, 37, 38, 42, 44, 45, 46, 48, 50, 51, 52, 56, 58, 59, 61, 63, 64, 68, 70, 77, 78, 79, 83, 85, 86, 87, 89, 91, 92, 93, 95, 97, 98, 99, 103, 108, 109, 111, 112, 113, 115, 116, 118, 120, 121, 122, 125, 131, 132, 133, 135, 137, 138, 139, 140, 142, 143, 144, 145, 147, 149, 151, 152], "excluded_lines": [], "functions": {"test_lambda_zero_stable_history": {"executed_lines": [], "summary": {"covered_lines": 0, "num_statements": 5, "percent_covered": 0.0, "percent_covered_display": "0", "missing_lines": 5, "excluded_lines": 0, "percent_statements_covered": 0.0, "percent_statements_covered_display": "0"}, "missing_lines": [20, 21, 22, 23, 24], "excluded_lines": [], "start_line": 18}, "test_lambda_zero_single_sprint_no_error": {"executed_lines": [], "summary": {"covered_lines": 0, "num_statements": 3, "percent_covered": 0.0, "percent_covered_display": "0", "missing_lines": 3, "excluded_lines": 0, "percent_statements_covered": 0.0, "percent_statements_covered_display": "0"}, "missing_lines": [28, 29, 30], "excluded_lines": [], "start_line": 26}, "test_mu_zero_growing_trend": {"executed_lines": [], "summary": {"covered_lines": 0, "num_statements": 3, "percent_covered": 0.0, "percent_covered_display": "0", "missing_lines": 3, "excluded_lines": 0, "percent_statements_covered": 0.0, "percent_statements_covered_display": "0"}, "missing_lines": [36, 37, 38], "excluded_lines": [], "start_line": 34}, "test_rapid_growth_high_risk": {"executed_lines": [], "summary": {"covered_lines": 0, "num_statements": 3, "percent_covered": 0.0, "percent_covered_display": "0", "missing_lines": 3, "excluded_lines": 0, "percent_statements_covered": 0.0, "percent_statements_covered_display": "0"}, "missing_lines": [44, 45, 46], "excluded_lines": [], "start_line": 42}, "test_rapid_growth_recommendation_critical": {"executed_lines": [], "summary": {"covered_lines": 0, "num_statements": 3, "percent_covered": 0.0, "percent_covered_display": "0", "missing_lines": 3, "excluded_lines": 0, "percent_statements_covered": 0.0, "percent_statements_covered_display": "0"}, "missing_lines": [50, 51, 52], "excluded_lines": [], "start_line": 48}, "test_negative_growth_improving_trend": {"executed_lines": [], "summary": {"covered_lines": 0, "num_statements": 2, "percent_covered": 0.0, "percent_covered_display": "0", "missing_lines": 2, "excluded_lines": 0, "percent_statements_covered": 0.0, "percent_statements_covered_display": "0"}, "missing_lines": [58, 59], "excluded_lines": [], "start_line": 56}, "test_negative_growth_low_risk": {"executed_lines": [], "summary": {"covered_lines": 0, "num_statements": 2, "percent_covered": 0.0, "percent_covered_display": "0", "missing_lines": 2, "excluded_lines": 0, "percent_statements_covered": 0.0, "percent_statements_covered_display": "0"}, "missing_lines": [63, 64], "excluded_lines": [], "start_line": 61}, "test_risk_probability_always_in_range": {"executed_lines": [], "summary": {"covered_lines": 0, "num_statements": 4, "percent_covered": 0.0, "percent_covered_display": "0", "missing_lines": 4, "excluded_lines": 0, "percent_statements_covered": 0.0, "percent_statements_covered_display": "0"}, "missing_lines": [70, 77, 78, 79], "excluded_lines": [], "start_line": 68}, "test_no_division_by_zero": {"executed_lines": [], "summary": {"covered_lines": 0, "num_statements": 3, "percent_covered": 0.0, "percent_covered_display": "0", "missing_lines": 3, "excluded_lines": 0, "percent_statements_covered": 0.0, "percent_statements_covered_display": "0"}, "missing_lines": [85, 86, 87], "excluded_lines": [], "start_line": 83}, "test_identical_history_no_divergence": {"executed_lines": [], "summary": {"covered_lines": 0, "num_statements": 3, "percent_covered": 0.0, "percent_covered_display": "0", "missing_lines": 3, "excluded_lines": 0, "percent_statements_covered": 0.0, "percent_statements_covered_display": "0"}, "missing_lines": [91, 92, 93], "excluded_lines": [], "start_line": 89}, "test_zero_smells_throughout": {"executed_lines": [], "summary": {"covered_lines": 0, "num_statements": 3, "percent_covered": 0.0, "percent_covered_display": "0", "missing_lines": 3, "excluded_lines": 0, "percent_statements_covered": 0.0, "percent_statements_covered_display": "0"}, "missing_lines": [97, 98, 99], "excluded_lines": [], "start_line": 95}, "test_historical_replay_mae_threshold": {"executed_lines": [], "summary": {"covered_lines": 0, "num_statements": 7, "percent_covered": 0.0, "percent_covered_display": "0", "missing_lines": 7, "excluded_lines": 0, "percent_statements_covered": 0.0, "percent_statements_covered_display": "0"}, "missing_lines": [108, 109, 111, 112, 113, 115, 116], "excluded_lines": [], "start_line": 103}, "test_refactor_history_reduces_risk": {"executed_lines": [], "summary": {"covered_lines": 0, "num_statements": 4, "percent_covered": 0.0, "percent_covered_display": "0", "missing_lines": 4, "excluded_lines": 0, "percent_statements_covered": 0.0, "percent_statements_covered_display": "0"}, "missing_lines": [120, 121, 122, 125], "excluded_lines": [], "start_line": 118}, "test_required_keys_present": {"executed_lines": [], "summary": {"covered_lines": 0, "num_statements": 3, "percent_covered": 0.0, "percent_covered_display": "0", "missing_lines": 3, "excluded_lines": 0, "percent_statements_covered": 0.0, "percent_statements_covered_display": "0"}, "missing_lines": [132, 133, 135], "excluded_lines": [], "start_line": 131}, "test_trend_is_valid_string": {"executed_lines": [], "summary": {"covered_lines": 0, "num_statements": 3, "percent_covered": 0.0, "percent_covered_display": "0", "missing_lines": 3, "excluded_lines": 0, "percent_statements_covered": 0.0, "percent_statements_covered_display": "0"}, "missing_lines": [138, 139, 140], "excluded_lines": [], "start_line": 137}, "test_recommendation_is_string": {"executed_lines": [], "summary": {"covered_lines": 0, "num_statements": 3, "percent_covered": 0.0, "percent_covered_display": "0", "missing_lines": 3, "excluded_lines": 0, "percent_statements_covered": 0.0, "percent_statements_covered_display": "0"}, "missing_lines": [143, 144, 145], "excluded_lines": [], "start_line": 142}, "test_above_threshold_trend_when_current_exceeds": {"executed_lines": [], "summary": {"covered_lines": 0, "num_statements": 3, "percent_covered": 0.0, "percent_covered_display": "0", "missing_lines": 3, "excluded_lines": 0, "percent_statements_covered": 0.0, "percent_statements_covered_display": "0"}, "missing_lines": [149, 151, 152], "excluded_lines": [], "start_line": 147}, "": {"executed_lines": [], "summary": {"covered_lines": 0, "num_statements": 18, "percent_covered": 0.0, "percent_covered_display": "0", "missing_lines": 18, "excluded_lines": 0, "percent_statements_covered": 0.0, "percent_statements_covered_display": "0"}, "missing_lines": [12, 18, 26, 34, 42, 48, 56, 61, 68, 83, 89, 95, 103, 118, 131, 137, 142, 147], "excluded_lines": [], "start_line": 1}}, "classes": {"": {"executed_lines": [], "summary": {"covered_lines": 0, "num_statements": 75, "percent_covered": 0.0, "percent_covered_display": "0", "missing_lines": 75, "excluded_lines": 0, "percent_statements_covered": 0.0, "percent_statements_covered_display": "0"}, "missing_lines": [12, 18, 20, 21, 22, 23, 24, 26, 28, 29, 30, 34, 36, 37, 38, 42, 44, 45, 46, 48, 50, 51, 52, 56, 58, 59, 61, 63, 64, 68, 70, 77, 78, 79, 83, 85, 86, 87, 89, 91, 92, 93, 95, 97, 98, 99, 103, 108, 109, 111, 112, 113, 115, 116, 118, 120, 121, 122, 125, 131, 132, 133, 135, 137, 138, 139, 140, 142, 143, 144, 145, 147, 149, 151, 152], "excluded_lines": [], "start_line": 1}}}, "tests/test_syntax_analysis.py": {"executed_lines": [], "summary": {"covered_lines": 0, "num_statements": 72, "percent_covered": 0.0, "percent_covered_display": "0", "missing_lines": 72, "excluded_lines": 0, "percent_statements_covered": 0.0, "percent_statements_covered_display": "0"}, "missing_lines": [8, 9, 12, 14, 16, 17, 18, 19, 20, 21, 22, 24, 26, 27, 28, 29, 30, 31, 32, 34, 35, 47, 48, 50, 51, 64, 65, 67, 68, 80, 81, 83, 84, 92, 93, 95, 96, 101, 102, 103, 105, 107, 108, 109, 111, 113, 114, 115, 116, 117, 119, 120, 125, 126, 128, 129, 135, 136, 138, 139, 146, 147, 149, 151, 152, 157, 158, 159, 161, 162, 169, 170], "excluded_lines": [], "functions": {"TestPythonSyntaxAnalysis.test_deeply_nested_conditionals": {"executed_lines": [], "summary": {"covered_lines": 0, "num_statements": 7, "percent_covered": 0.0, "percent_covered_display": "0", "missing_lines": 7, "excluded_lines": 0, "percent_statements_covered": 0.0, "percent_statements_covered_display": "0"}, "missing_lines": [16, 17, 18, 19, 20, 21, 22], "excluded_lines": [], "start_line": 14}, "TestPythonSyntaxAnalysis.test_10_level_nested_loops": {"executed_lines": [], "summary": {"covered_lines": 0, "num_statements": 7, "percent_covered": 0.0, "percent_covered_display": "0", "missing_lines": 7, "excluded_lines": 0, "percent_statements_covered": 0.0, "percent_statements_covered_display": "0"}, "missing_lines": [26, 27, 28, 29, 30, 31, 32], "excluded_lines": [], "start_line": 24}, "TestPythonSyntaxAnalysis.test_abstract_class_pattern": {"executed_lines": [], "summary": {"covered_lines": 0, "num_statements": 3, "percent_covered": 0.0, "percent_covered_display": "0", "missing_lines": 3, "excluded_lines": 0, "percent_statements_covered": 0.0, "percent_statements_covered_display": "0"}, "missing_lines": [35, 47, 48], "excluded_lines": [], "start_line": 34}, "TestPythonSyntaxAnalysis.test_annotations_and_decorators": {"executed_lines": [], "summary": {"covered_lines": 0, "num_statements": 3, "percent_covered": 0.0, "percent_covered_display": "0", "missing_lines": 3, "excluded_lines": 0, "percent_statements_covered": 0.0, "percent_statements_covered_display": "0"}, "missing_lines": [51, 64, 65], "excluded_lines": [], "start_line": 50}, "TestPythonSyntaxAnalysis.test_try_except_finally": {"executed_lines": [], "summary": {"covered_lines": 0, "num_statements": 3, "percent_covered": 0.0, "percent_covered_display": "0", "missing_lines": 3, "excluded_lines": 0, "percent_statements_covered": 0.0, "percent_statements_covered_display": "0"}, "missing_lines": [68, 80, 81], "excluded_lines": [], "start_line": 67}, "TestPythonSyntaxAnalysis.test_enum_pattern": {"executed_lines": [], "summary": {"covered_lines": 0, "num_statements": 3, "percent_covered": 0.0, "percent_covered_display": "0", "missing_lines": 3, "excluded_lines": 0, "percent_statements_covered": 0.0, "percent_statements_covered_display": "0"}, "missing_lines": [84, 92, 93], "excluded_lines": [], "start_line": 83}, "TestPythonSyntaxAnalysis.test_broken_syntax_file_returns_error": {"executed_lines": [], "summary": {"covered_lines": 0, "num_statements": 4, "percent_covered": 0.0, "percent_covered_display": "0", "missing_lines": 4, "excluded_lines": 0, "percent_statements_covered": 0.0, "percent_statements_covered_display": "0"}, "missing_lines": [96, 101, 102, 103], "excluded_lines": [], "start_line": 95}, "TestPythonSyntaxAnalysis.test_error_line_number_accurate": {"executed_lines": [], "summary": {"covered_lines": 0, "num_statements": 4, "percent_covered": 0.0, "percent_covered_display": "0", "missing_lines": 4, "excluded_lines": 0, "percent_statements_covered": 0.0, "percent_statements_covered_display": "0"}, "missing_lines": [107, 108, 109, 111], "excluded_lines": [], "start_line": 105}, "TestPythonSyntaxAnalysis.test_error_message_is_meaningful": {"executed_lines": [], "summary": {"covered_lines": 0, "num_statements": 4, "percent_covered": 0.0, "percent_covered_display": "0", "missing_lines": 4, "excluded_lines": 0, "percent_statements_covered": 0.0, "percent_statements_covered_display": "0"}, "missing_lines": [114, 115, 116, 117], "excluded_lines": [], "start_line": 113}, "TestPythonSyntaxAnalysis.test_walrus_operator": {"executed_lines": [], "summary": {"covered_lines": 0, "num_statements": 3, "percent_covered": 0.0, "percent_covered_display": "0", "missing_lines": 3, "excluded_lines": 0, "percent_statements_covered": 0.0, "percent_statements_covered_display": "0"}, "missing_lines": [120, 125, 126], "excluded_lines": [], "start_line": 119}, "TestPythonSyntaxAnalysis.test_comprehensions": {"executed_lines": [], "summary": {"covered_lines": 0, "num_statements": 3, "percent_covered": 0.0, "percent_covered_display": "0", "missing_lines": 3, "excluded_lines": 0, "percent_statements_covered": 0.0, "percent_statements_covered_display": "0"}, "missing_lines": [129, 135, 136], "excluded_lines": [], "start_line": 128}, "TestPythonSyntaxAnalysis.test_multiline_string": {"executed_lines": [], "summary": {"covered_lines": 0, "num_statements": 3, "percent_covered": 0.0, "percent_covered_display": "0", "missing_lines": 3, "excluded_lines": 0, "percent_statements_covered": 0.0, "percent_statements_covered_display": "0"}, "missing_lines": [139, 146, 147], "excluded_lines": [], "start_line": 138}, "TestPythonSyntaxAnalysis.test_parse_tree_depth_consistent": {"executed_lines": [], "summary": {"covered_lines": 0, "num_statements": 4, "percent_covered": 0.0, "percent_covered_display": "0", "missing_lines": 4, "excluded_lines": 0, "percent_statements_covered": 0.0, "percent_statements_covered_display": "0"}, "missing_lines": [151, 157, 158, 159], "excluded_lines": [], "start_line": 149}, "TestPythonSyntaxAnalysis.test_parse_tree_depth_consistent.get_max_depth": {"executed_lines": [], "summary": {"covered_lines": 0, "num_statements": 1, "percent_covered": 0.0, "percent_covered_display": "0", "missing_lines": 1, "excluded_lines": 0, "percent_statements_covered": 0.0, "percent_statements_covered_display": "0"}, "missing_lines": [152], "excluded_lines": [], "start_line": 151}, "TestPythonSyntaxAnalysis.test_async_function": {"executed_lines": [], "summary": {"covered_lines": 0, "num_statements": 3, "percent_covered": 0.0, "percent_covered_display": "0", "missing_lines": 3, "excluded_lines": 0, "percent_statements_covered": 0.0, "percent_statements_covered_display": "0"}, "missing_lines": [162, 169, 170], "excluded_lines": [], "start_line": 161}, "": {"executed_lines": [], "summary": {"covered_lines": 0, "num_statements": 17, "percent_covered": 0.0, "percent_covered_display": "0", "missing_lines": 17, "excluded_lines": 0, "percent_statements_covered": 0.0, "percent_statements_covered_display": "0"}, "missing_lines": [8, 9, 12, 14, 24, 34, 50, 67, 83, 95, 105, 113, 119, 128, 138, 149, 161], "excluded_lines": [], "start_line": 1}}, "classes": {"TestPythonSyntaxAnalysis": {"executed_lines": [], "summary": {"covered_lines": 0, "num_statements": 55, "percent_covered": 0.0, "percent_covered_display": "0", "missing_lines": 55, "excluded_lines": 0, "percent_statements_covered": 0.0, "percent_statements_covered_display": "0"}, "missing_lines": [16, 17, 18, 19, 20, 21, 22, 26, 27, 28, 29, 30, 31, 32, 35, 47, 48, 51, 64, 65, 68, 80, 81, 84, 92, 93, 96, 101, 102, 103, 107, 108, 109, 111, 114, 115, 116, 117, 120, 125, 126, 129, 135, 136, 139, 146, 147, 151, 152, 157, 158, 159, 162, 169, 170], "excluded_lines": [], "start_line": 12}, "": {"executed_lines": [], "summary": {"covered_lines": 0, "num_statements": 17, "percent_covered": 0.0, "percent_covered_display": "0", "missing_lines": 17, "excluded_lines": 0, "percent_statements_covered": 0.0, "percent_statements_covered_display": "0"}, "missing_lines": [8, 9, 12, 14, 24, 34, 50, 67, 83, 95, 105, 113, 119, 128, 138, 149, 161], "excluded_lines": [], "start_line": 1}}}}, "totals": {"covered_lines": 556, "num_statements": 3624, "percent_covered": 15.342163355408388, "percent_covered_display": "15", "missing_lines": 3068, "excluded_lines": 0, "percent_statements_covered": 15.342163355408388, "percent_statements_covered_display": "15"}}